"../../../../../../Users/SourApple/Documents/GitHub/AtHome_Internship/Content/Enemies/Arachnid/Animations/PhysicalAssets/Arachnid_Boss_Attack_1_PhysicsAsset.uasset" 0
"../../../../../../Users/SourApple/Documents/GitHub/AtHome_Internship/Content/Enemies/Arachnid/Other/Arachnid_Boss_Skeleton.uasset" 1
"../../../../../../Users/SourApple/Documents/GitHub/AtHome_Internship/Content/Enemies/Arachnid/Animations/SekeletalMesh/Arachnid_Boss_Attack_1.uasset" 2
"../../../../../../Users/SourApple/Documents/GitHub/AtHome_Internship/Content/Enemies/Arachnid/Animations/PhysicalAssets/Arachnid_Boss_Attack_2_PhysicsAsset.uasset" 3
"../../../../../../Users/SourApple/Documents/GitHub/AtHome_Internship/Content/Enemies/Arachnid/Animations/SekeletalMesh/Arachnid_Boss_Attack_2.uasset" 4
"../../../../../../Users/SourApple/Documents/GitHub/AtHome_Internship/Content/Enemies/Arachnid/Animations/PhysicalAssets/Arachnid_Boss_Attack_3_PhysicsAsset.uasset" 5
"../../../../../../Users/SourApple/Documents/GitHub/AtHome_Internship/Content/Enemies/Arachnid/Animations/SekeletalMesh/Arachnid_Boss_Attack_3.uasset" 6
"../../../../../../Users/SourApple/Documents/GitHub/AtHome_Internship/Content/Enemies/Arachnid/Animations/PhysicalAssets/Arachnid_Boss_Attack_4_PhysicsAsset.uasset" 7
"../../../../../../Users/SourApple/Documents/GitHub/AtHome_Internship/Content/Enemies/Arachnid/Animations/SekeletalMesh/Arachnid_Boss_Attack_4.uasset" 8
"../../../../../../Users/SourApple/Documents/GitHub/AtHome_Internship/Content/Enemies/Arachnid/Animations/PhysicalAssets/Arachnid_Boss_Dead_PhysicsAsset.uasset" 9
"../../../../../../Users/SourApple/Documents/GitHub/AtHome_Internship/Content/Enemies/Arachnid/Animations/SekeletalMesh/Arachnid_Boss_Dead.uasset" 10
"../../../../../../Users/SourApple/Documents/GitHub/AtHome_Internship/Content/Enemies/Arachnid/Animations/PhysicalAssets/Arachnid_Boss_Emergence_PhysicsAsset.uasset" 11
"../../../../../../Users/SourApple/Documents/GitHub/AtHome_Internship/Content/Enemies/Arachnid/Animations/SekeletalMesh/Arachnid_Boss_Emergence.uasset" 12
"../../../../../../Users/SourApple/Documents/GitHub/AtHome_Internship/Content/Enemies/Arachnid/Animations/PhysicalAssets/Arachnid_Boss_Get_Hit_PhysicsAsset.uasset" 13
"../../../../../../Users/SourApple/Documents/GitHub/AtHome_Internship/Content/Enemies/Arachnid/Animations/SekeletalMesh/Arachnid_Boss_Get_Hit.uasset" 14
"../../../../../../Users/SourApple/Documents/GitHub/AtHome_Internship/Content/Enemies/Arachnid/Animations/PhysicalAssets/Arachnid_Boss_Idle_PhysicsAsset.uasset" 15
"../../../../../../Users/SourApple/Documents/GitHub/AtHome_Internship/Content/Enemies/Arachnid/Animations/SekeletalMesh/Arachnid_Boss_Idle.uasset" 16
"../../../../../../Users/SourApple/Documents/GitHub/AtHome_Internship/Content/Enemies/Arachnid/Animations/PhysicalAssets/Arachnid_Boss_Idle_Other_PhysicsAsset.uasset" 17
"../../../../../../Users/SourApple/Documents/GitHub/AtHome_Internship/Content/Enemies/Arachnid/Animations/SekeletalMesh/Arachnid_Boss_Idle_Other.uasset" 18
"../../../../../../Users/SourApple/Documents/GitHub/AtHome_Internship/Content/Enemies/Arachnid/Animations/PhysicalAssets/Arachnid_Boss_Jump_PhysicsAsset.uasset" 19
"../../../../../../Users/SourApple/Documents/GitHub/AtHome_Internship/Content/Enemies/Arachnid/Animations/SekeletalMesh/Arachnid_Boss_Jump.uasset" 20
"../../../../../../Users/SourApple/Documents/GitHub/AtHome_Internship/Content/Enemies/Arachnid/Animations/PhysicalAssets/Arachnid_Boss_Rotation_90_Left_PhysicsAsset.uasset" 21
"../../../../../../Users/SourApple/Documents/GitHub/AtHome_Internship/Content/Enemies/Arachnid/Animations/SekeletalMesh/Arachnid_Boss_Rotation_90_Left.uasset" 22
"../../../../../../Users/SourApple/Documents/GitHub/AtHome_Internship/Content/Enemies/Arachnid/Animations/PhysicalAssets/Arachnid_Boss_Rotation_90_Left_Back_PhysicsAsset.uasset" 23
"../../../../../../Users/SourApple/Documents/GitHub/AtHome_Internship/Content/Enemies/Arachnid/Animations/SekeletalMesh/Arachnid_Boss_Rotation_90_Left_Back.uasset" 24
"../../../../../../Users/SourApple/Documents/GitHub/AtHome_Internship/Content/Enemies/Arachnid/Animations/PhysicalAssets/Arachnid_Boss_Rotation_90_Rigiht_PhysicsAsset.uasset" 25
"../../../../../../Users/SourApple/Documents/GitHub/AtHome_Internship/Content/Enemies/Arachnid/Animations/SekeletalMesh/Arachnid_Boss_Rotation_90_Rigiht.uasset" 26
"../../../../../../Users/SourApple/Documents/GitHub/AtHome_Internship/Content/Enemies/Arachnid/Animations/PhysicalAssets/Arachnid_Boss_Rotation_90_Rigiht_Back_PhysicsAsset.uasset" 27
"../../../../../../Users/SourApple/Documents/GitHub/AtHome_Internship/Content/Enemies/Arachnid/Animations/SekeletalMesh/Arachnid_Boss_Rotation_90_Rigiht_Back.uasset" 28
"../../../../../../Users/SourApple/Documents/GitHub/AtHome_Internship/Content/Enemies/Arachnid/Animations/PhysicalAssets/Arachnid_Boss_Run_PhysicsAsset.uasset" 29
"../../../../../../Users/SourApple/Documents/GitHub/AtHome_Internship/Content/Enemies/Arachnid/Animations/SekeletalMesh/Arachnid_Boss_Run.uasset" 30
"../../../../../../Users/SourApple/Documents/GitHub/AtHome_Internship/Content/Enemies/Arachnid/Animations/PhysicalAssets/Arachnid_Boss_Shout_PhysicsAsset.uasset" 31
"../../../../../../Users/SourApple/Documents/GitHub/AtHome_Internship/Content/Enemies/Arachnid/Animations/SekeletalMesh/Arachnid_Boss_Shout.uasset" 32
"../../../../../../Users/SourApple/Documents/GitHub/AtHome_Internship/Content/Enemies/Arachnid/Animations/PhysicalAssets/Arachnid_Boss_Walk_PhysicsAsset.uasset" 33
"../../../../../../Users/SourApple/Documents/GitHub/AtHome_Internship/Content/Enemies/Arachnid/Animations/SekeletalMesh/Arachnid_Boss_Walk.uasset" 34
"../../../Engine/Content/Functions/Engine_MaterialFunctions01/Gradient/LinearGradient.uasset" 35
"../../../Engine/Content/Functions/Engine_MaterialFunctions01/ImageAdjustment/CheapContrast.uasset" 36
"../../../Engine/Content/EngineMaterials/DefaultDiffuse.uasset" 37
"../../../Engine/Content/Functions/Engine_MaterialFunctions01/Texturing/WorldAlignedTexture.uasset" 38
"../../../../../../Users/SourApple/Documents/GitHub/AtHome_Internship/Content/M5VFXVOL2/Demo/Textures/desert.uasset" 39
"../../../../../../Users/SourApple/Documents/GitHub/AtHome_Internship/Content/M5VFXVOL2/Demo/Textures/Grid_Tex.uasset" 40
"../../../../../../Users/SourApple/Documents/GitHub/AtHome_Internship/Content/M5VFXVOL2/Demo/Materials/BG_Grid_Mat.uasset" 41
"../../../../../../Users/SourApple/Documents/GitHub/AtHome_Internship/Content/M5VFXVOL2/Demo/Materials/BG_inst6.uasset" 42
"../../../../../../Users/SourApple/Documents/GitHub/AtHome_Internship/Content/M5VFXVOL2/Props/Meshes/building_frac/building_rf_PhysicsAsset.uasset" 43
"../../../../../../Users/SourApple/Documents/GitHub/AtHome_Internship/Content/M5VFXVOL2/Props/Meshes/building_frac/building_rf_Skeleton.uasset" 44
"../../../../../../Users/SourApple/Documents/GitHub/AtHome_Internship/Content/M5VFXVOL2/Props/Meshes/building_frac/building_rf.uasset" 45
"../../../../../../Users/SourApple/Documents/GitHub/AtHome_Internship/Content/M5VFXVOL2/Demo/Materials/BG_inst4.uasset" 46
"../../../../../../Users/SourApple/Documents/GitHub/AtHome_Internship/Content/M5VFXVOL2/Props/Meshes/Car_frac/Car_rf_PhysicsAsset.uasset" 47
"../../../../../../Users/SourApple/Documents/GitHub/AtHome_Internship/Content/M5VFXVOL2/Props/Meshes/Car_frac/Car_rf_Skeleton.uasset" 48
"../../../../../../Users/SourApple/Documents/GitHub/AtHome_Internship/Content/M5VFXVOL2/Props/Meshes/Car_frac/Car_rf.uasset" 49
"../../../../../../Users/SourApple/Documents/GitHub/AtHome_Internship/Content/M5VFXVOL2/Demo/Materials/BG_inst5.uasset" 50
"../../../../../../Users/SourApple/Documents/GitHub/AtHome_Internship/Content/M5VFXVOL2/Props/Meshes/OilTank_frac/oiltank_rf_PhysicsAsset.uasset" 51
"../../../../../../Users/SourApple/Documents/GitHub/AtHome_Internship/Content/M5VFXVOL2/Props/Meshes/OilTank_frac/oiltank_rf_Skeleton.uasset" 52
"../../../../../../Users/SourApple/Documents/GitHub/AtHome_Internship/Content/M5VFXVOL2/Props/Meshes/OilTank_frac/oiltank_rf.uasset" 53
"../../../../../../Users/SourApple/Documents/GitHub/AtHome_Internship/Content/M5VFXVOL2/Demo/Materials/BG_inst8.uasset" 54
"../../../../../../Users/SourApple/Documents/GitHub/AtHome_Internship/Content/M5VFXVOL2/Props/Meshes/Stair/stair2_Physics.uasset" 55
"../../../../../../Users/SourApple/Documents/GitHub/AtHome_Internship/Content/M5VFXVOL2/Props/Meshes/Stair/stair2_stair2_Skeleton.uasset" 56
"../../../../../../Users/SourApple/Documents/GitHub/AtHome_Internship/Content/M5VFXVOL2/Props/Meshes/Stair/stair2_stair2.uasset" 57
"../../../Engine/Content/Functions/Engine_MaterialFunctions02/Utility/BreakOutFloat2Components.uasset" 58
"../../../Engine/Content/ArtTools/RenderToTexture/MaterialFunctions/CheckerPattern.uasset" 59
"../../../Engine/Content/Functions/Engine_MaterialFunctions02/Utility/BreakOutFloat4Components.uasset" 60
"../../../Engine/Content/Functions/Engine_MaterialFunctions02/Utility/MakeFloat2.uasset" 61
"../../../Engine/Content/Functions/Engine_MaterialFunctions02/Utility/MakeFloat4.uasset" 62
"../../../Engine/Content/Functions/Engine_MaterialFunctions02/Utility/Swizzle.uasset" 63
"../../../Engine/Content/Functions/Engine_MaterialFunctions02/Utility/VectorLength.uasset" 64
"../../../../../../Users/SourApple/Documents/GitHub/AtHome_Internship/Content/RoboBars/Functins/MF_SMin.uasset" 65
"../../../../../../Users/SourApple/Documents/GitHub/AtHome_Internship/Content/RoboBars/Functins/MF_SMin2.uasset" 66
"../../../../../../Users/SourApple/Documents/GitHub/AtHome_Internship/Content/RoboBars/Functins/MF_SmoothStepWidth.uasset" 67
"../../../../../../Users/SourApple/Documents/GitHub/AtHome_Internship/Content/RoboBars/Functins/MF_Translcent.uasset" 68
"../../../../../../Users/SourApple/Documents/GitHub/AtHome_Internship/Content/RoboBars/Functins/MF_TriangleWave.uasset" 69
"../../../../../../Users/SourApple/Documents/GitHub/AtHome_Internship/Content/RoboBars/Textures/Gloss/T_Gloss_Light.uasset" 70
"../../../../../../Users/SourApple/Documents/GitHub/AtHome_Internship/Content/RoboBars/Materials/MF_Layers.uasset" 71
"../../../../../../Users/SourApple/Documents/GitHub/AtHome_Internship/Content/RoboBars/Textures/Patterns/T_PatternHeart.uasset" 72
"../../../../../../Users/SourApple/Documents/GitHub/AtHome_Internship/Content/RoboBars/Materials/MF_Rect.uasset" 73
"../../../../../../Users/SourApple/Documents/GitHub/AtHome_Internship/Content/RoboBars/Materials/M_UmgRectBar.uasset" 74
"../../../../../../Users/SourApple/Documents/GitHub/AtHome_Internship/Content/RoboBars/Materials/MI_UmgRectBar.uasset" 75
"../../../../../../Users/SourApple/Documents/GitHub/AtHome_Internship/Content/RoboBars/Textures/Gloss/T_Gloss_Dark.uasset" 76
"../../../../../../Users/SourApple/Documents/GitHub/AtHome_Internship/Content/RoboBars/Materials/ExamplesUmg/MI_UmgDivisionScale.uasset" 77
"../../../../../../Users/SourApple/Documents/GitHub/AtHome_Internship/Content/RoboBars/Materials/ExamplesUmg/MI_UmgDivisionSmooth.uasset" 78
"../../../../../../Users/SourApple/Documents/GitHub/AtHome_Internship/Content/RoboBars/Materials/ExamplesUmg/MI_UmgDivisionWinXP.uasset" 79
"../../../../../../Users/SourApple/Documents/GitHub/AtHome_Internship/Content/RoboBars/Materials/ExamplesUmg/MI_UmgParameterChange.uasset" 80
"../../../../../../Users/SourApple/Documents/GitHub/AtHome_Internship/Content/RoboBars/Textures/Patterns/T_PatternLayersArrow.uasset" 81
"../../../../../../Users/SourApple/Documents/GitHub/AtHome_Internship/Content/RoboBars/Materials/ExamplesUmg/MI_UmgPatternArrow.uasset" 82
"../../../../../../Users/SourApple/Documents/GitHub/AtHome_Internship/Content/RoboBars/Materials/ExamplesUmg/MI_UmgPatternHearts.uasset" 83
"../../../../../../Users/SourApple/Documents/GitHub/AtHome_Internship/Content/RoboBars/Textures/Gloss/T_GLossShadowCenter.uasset" 84
"../../../../../../Users/SourApple/Documents/GitHub/AtHome_Internship/Content/RoboBars/Textures/Gloss/T_GlossShadowEdge.uasset" 85
"../../../../../../Users/SourApple/Documents/GitHub/AtHome_Internship/Content/RoboBars/Textures/Patterns/T_PatternHex.uasset" 86
"../../../../../../Users/SourApple/Documents/GitHub/AtHome_Internship/Content/RoboBars/Materials/ExamplesUmg/MI_UmgPatternHex.uasset" 87
"../../../../../../Users/SourApple/Documents/GitHub/AtHome_Internship/Content/RoboBars/Textures/Patterns/T_patternStar.uasset" 88
"../../../../../../Users/SourApple/Documents/GitHub/AtHome_Internship/Content/RoboBars/Materials/ExamplesUmg/MI_UmgPatternStars.uasset" 89
"../../../../../../Users/SourApple/Documents/GitHub/AtHome_Internship/Content/RoboBars/Textures/Gradient/T_GradientCOlors.uasset" 90
"../../../../../../Users/SourApple/Documents/GitHub/AtHome_Internship/Content/RoboBars/Materials/ExamplesUmg/MI_UmgPogressColors.uasset" 91
"../../../../../../Users/SourApple/Documents/GitHub/AtHome_Internship/Content/RoboBars/Textures/Gradient/T_GradientBurn.uasset" 92
"../../../../../../Users/SourApple/Documents/GitHub/AtHome_Internship/Content/RoboBars/Textures/Patterns/T_PatternWorley.uasset" 93
"../../../../../../Users/SourApple/Documents/GitHub/AtHome_Internship/Content/RoboBars/Materials/ExamplesUmg/MI_UmgProgressBurn.uasset" 94
"../../../../../../Users/SourApple/Documents/GitHub/AtHome_Internship/Content/RoboBars/Materials/ExamplesUmg/MI_UmgProgressHealth.uasset" 95
"../../../../../../Users/SourApple/Documents/GitHub/AtHome_Internship/Content/RoboBars/Materials/ExamplesUmg/MI_UmgProgressRound.uasset" 96
"../../../../../../Users/SourApple/Documents/GitHub/AtHome_Internship/Content/RoboBars/Materials/ExamplesUmg/MI_UmgUmgDivisionPattern.uasset" 97
"../../../../../../Users/SourApple/Documents/GitHub/AtHome_Internship/Content/RoboBars/Functins/MF_CircleBarTime.uasset" 98
"../../../../../../Users/SourApple/Documents/GitHub/AtHome_Internship/Content/RoboBars/Functins/MF_DivisionJumpHard.uasset" 99
"../../../../../../Users/SourApple/Documents/GitHub/AtHome_Internship/Content/RoboBars/Materials/MF_Circle.uasset" 100
"../../../../../../Users/SourApple/Documents/GitHub/AtHome_Internship/Content/RoboBars/Materials/M_UmgCircleBar.uasset" 101
"../../../../../../Users/SourApple/Documents/GitHub/AtHome_Internship/Content/RoboBars/Materials/MI_UmgCircleBar.uasset" 102
"../../../../../../Users/SourApple/Documents/GitHub/AtHome_Internship/Content/RoboBars/Materials/ExamplesUmgCircle/MI_DivisionsThin.uasset" 103
"../../../../../../Users/SourApple/Documents/GitHub/AtHome_Internship/Content/RoboBars/Materials/ExamplesUmgCircle/MI_FlatColor.uasset" 104
"../../../../../../Users/SourApple/Documents/GitHub/AtHome_Internship/Content/RoboBars/Materials/ExamplesUmgCircle/MI_FlatOutline.uasset" 105
"../../../../../../Users/SourApple/Documents/GitHub/AtHome_Internship/Content/RoboBars/Materials/ExamplesUmgCircle/MI_HeartShape.uasset" 106
"../../../../../../Users/SourApple/Documents/GitHub/AtHome_Internship/Content/RoboBars/Materials/ExamplesUmgCircle/MI_LoadingBar.uasset" 107
"../../../../../../Users/SourApple/Documents/GitHub/AtHome_Internship/Content/RoboBars/Materials/ExamplesUmgCircle/MI_OutlineBIg.uasset" 108
"../../../../../../Users/SourApple/Documents/GitHub/AtHome_Internship/Content/RoboBars/Materials/ExamplesUmgCircle/MI_OutlineRadius.uasset" 109
"../../../../../../Users/SourApple/Documents/GitHub/AtHome_Internship/Content/RoboBars/Materials/ExamplesUmgCircle/MI_OutlineSmall.uasset" 110
"../../../../../../Users/SourApple/Documents/GitHub/AtHome_Internship/Content/RoboBars/Materials/ExamplesUmgCircle/MI_SimplePogress.uasset" 111
"../../../../../../Users/SourApple/Documents/GitHub/AtHome_Internship/Content/RoboBars/Textures/Gloss/T_GLossShadowVertical.uasset" 112
"../../../../../../Users/SourApple/Documents/GitHub/AtHome_Internship/Content/RoboBars/Materials/ExamplesUmgCircle/MI_SoftNeon.uasset" 113
"../../../../../../Users/SourApple/Documents/GitHub/AtHome_Internship/Content/RoboBars/Demo/Blueprints/BP_Hud.uasset" 114
"../../../../../../Users/SourApple/Documents/GitHub/AtHome_Internship/Content/VFX/AdvancedMagicFX12/Materials/M_ky_sword_black.uasset" 115
"../../../../../../Users/SourApple/Documents/GitHub/AtHome_Internship/Content/VFX/AdvancedMagicFX12/Meshes/SK_ky_bigSword_anim_PhysicsAsset.uasset" 116
"../../../../../../Users/SourApple/Documents/GitHub/AtHome_Internship/Content/VFX/AdvancedMagicFX12/Meshes/SK_ky_bigSword_anim_Skeleton.uasset" 117
"../../../../../../Users/SourApple/Documents/GitHub/AtHome_Internship/Content/VFX/AdvancedMagicFX12/Meshes/SK_ky_bigSword_anim.uasset" 118
"../../../Engine/Content/Functions/Engine_MaterialFunctions01/Opacity/CameraDepthFade.uasset" 119
"../../../Engine/Content/EngineMaterials/T_Default_Material_Grid_M.uasset" 120
"../../../Engine/Content/EngineMaterials/T_Default_Material_Grid_N.uasset" 121
"../../../Engine/Content/EngineMaterials/WorldGridMaterial.uasset" 122
"../../../../../../Users/SourApple/Documents/GitHub/AtHome_Internship/Content/VFX/AdvancedMagicFX12/Meshes/SM_ky_sphere.uasset" 123
"../../../Engine/Content/Animation/DefaultAnimCurveCompressionSettings.uasset" 124
"../../../Engine/Content/ArtTools/RenderToTexture/Meshes/S_1_Unit_Plane.uasset" 125
"../../../Engine/Content/EngineMaterials/DefaultMaterial.uasset" 126
"../../../Engine/Content/BasicShapes/Cone.uasset" 127
"../../../Engine/Content/BasicShapes/Cube.uasset" 128
"../../../Engine/Content/BasicShapes/Cylinder.uasset" 129
"../../../Engine/Content/BasicShapes/Plane.uasset" 130
"../../../Engine/Content/EditorLandscapeResources/DataLayer.uasset" 131
"../../../Engine/Content/EditorMaterials/MAT_Groups_Toggle.uasset" 132
"../../../Engine/Content/EditorMaterials/MAT_Groups_Visibility.uasset" 133
"../../../Engine/Content/EditorMaterials/PreviewShadowIndicator.uasset" 134
"../../../Engine/Content/EditorMaterials/PreviewShadowIndicatorMaterial.uasset" 135
"../../../Engine/Content/EditorMaterials/MatineeGroups/MAT_ColorTrack.uasset" 136
"../../../Engine/Content/EditorMaterials/MatineeGroups/MAT_Groups_Anim.uasset" 137
"../../../Engine/Content/EditorMaterials/MatineeGroups/MAT_Groups_AudioMaster.uasset" 138
"../../../Engine/Content/EditorMaterials/MatineeGroups/MAT_Groups_Director.uasset" 139
"../../../Engine/Content/EditorMaterials/MatineeGroups/MAT_Groups_Event.uasset" 140
"../../../Engine/Content/EditorMaterials/MatineeGroups/MAT_Groups_Fade.uasset" 141
"../../../Engine/Content/EditorMaterials/MatineeGroups/MAT_Groups_Float.uasset" 142
"../../../Engine/Content/EditorMaterials/MatineeGroups/MAT_Groups_Move.uasset" 143
"../../../Engine/Content/EditorMaterials/MatineeGroups/MAT_Groups_Slomo.uasset" 144
"../../../Engine/Content/EditorMaterials/MatineeGroups/MAT_Groups_Sound.uasset" 145
"../../../Engine/Content/EditorMaterials/MatineeGroups/MAT_Groups_Vector.uasset" 146
"../../../Engine/Content/EditorMaterials/ParticleSystems/PSysThumbnail_NoImage.uasset" 147
"../../../Engine/Content/EditorMaterials/ParticleSystems/PSysThumbnail_OOD.uasset" 148
"../../../Engine/Content/EditorMaterials/Camera/CineMat.uasset" 149
"../../../Engine/Content/EditorMaterials/Camera/MI_CineMat_Rig.uasset" 150
"../../../Engine/Content/EditorMeshes/Camera/SM_CraneRig_Arm.uasset" 151
"../../../Engine/Content/EditorMeshes/Camera/SM_CraneRig_Base.uasset" 152
"../../../Engine/Content/EditorMeshes/Camera/SM_CraneRig_Body.uasset" 153
"../../../Engine/Content/EditorMeshes/Camera/SM_CraneRig_Mount.uasset" 154
"../../../Engine/Content/EditorMeshes/Camera/SM_RailRig_Mount.uasset" 155
"../../../Engine/Content/EditorMeshes/Camera/SM_RailRig_Track.uasset" 156
"../../../Engine/Content/EditorResources/BSPVertex.uasset" 157
"../../../Engine/Content/EditorResources/EmptyActor.uasset" 158
"../../../Engine/Content/EditorResources/S_Actor.uasset" 159
"../../../Engine/Content/EditorResources/S_Note.uasset" 160
"../../../Engine/Content/EditorResources/S_Solver.uasset" 161
"../../../Engine/Content/EditorResources/S_Trigger.uasset" 162
"../../../Engine/Content/EditorResources/LightIcons/S_LightError.uasset" 163
"../../../Engine/Content/EditorResources/SequenceRecorder/Countdown.uasset" 164
"../../../Engine/Content/EditorResources/SequenceRecorder/RecordingIndicator.uasset" 165
"../../../Engine/Content/EditorSounds/Notifications/CompileFailed.uasset" 166
"../../../Engine/Content/EditorSounds/Notifications/CompileFailed_Cue.uasset" 167
"../../../Engine/Content/EditorSounds/Notifications/CompileSuccess.uasset" 168
"../../../Engine/Content/EditorSounds/Notifications/CompileStart_Cue.uasset" 169
"../../../Engine/Content/EditorSounds/Notifications/CompileSuccess_Cue.uasset" 170
"../../../Engine/Content/EngineDamageTypes/DmgTypeBP_Environmental.uasset" 171
"../../../Engine/Content/EngineDebugMaterials/DebugEditorMaterial.uasset" 172
"../../../Engine/Content/EngineDebugMaterials/DebugMeshMaterial.uasset" 173
"../../../Engine/Content/EngineDebugMaterials/M_SimpleTranslucent.uasset" 174
"../../../Engine/Content/Functions/Engine_MaterialFunctions02/Utility/CameraDirectionVector.uasset" 175
"../../../Engine/Content/EngineDebugMaterials/VolumeToRender.uasset" 176
"../../../Engine/Content/EngineDebugMaterials/M_VolumeRenderSphereTracePP.uasset" 177
"../../../Engine/Content/EngineDebugMaterials/WireframeMaterial.uasset" 178
"../../../Engine/Content/EngineFonts/Faces/DroidSansFallback.uasset" 179
"../../../Engine/Content/EngineFonts/Faces/RobotoBold.uasset" 180
"../../../Engine/Content/EngineFonts/Faces/RobotoBoldItalic.uasset" 181
"../../../Engine/Content/EngineFonts/Faces/RobotoItalic.uasset" 182
"../../../Engine/Content/EngineFonts/Faces/RobotoLight.uasset" 183
"../../../Engine/Content/EngineFonts/Faces/RobotoRegular.uasset" 184
"../../../Engine/Content/EngineFonts/Roboto.uasset" 185
"../../../Engine/Content/EngineMaterials/BaseFlattenDiffuseMap.uasset" 186
"../../../Engine/Content/EngineMaterials/BaseFlattenEmissiveMap.uasset" 187
"../../../Engine/Content/EngineMaterials/BaseFlattenGrayscaleMap.uasset" 188
"../../../Engine/Content/EngineMaterials/BaseFlattenNormalMap.uasset" 189
"../../../Engine/Content/EngineMaterials/BaseFlattenMaterial.uasset" 190
"../../../Engine/Content/EngineMaterials/BlueNoise.uasset" 191
"../../../Engine/Content/EngineMaterials/DefaultBloomKernel.uasset" 192
"../../../Engine/Content/EngineMaterials/DefaultBokeh.uasset" 193
"../../../Engine/Content/EngineMaterials/DefaultDeferredDecalMaterial.uasset" 194
"../../../Engine/Content/EngineMaterials/DefaultLightFunctionMaterial.uasset" 195
"../../../Engine/Content/EngineMaterials/DefaultPostProcessMaterial.uasset" 196
"../../../Engine/Content/EngineFonts/RobotoDistanceField.uasset" 197
"../../../Engine/Content/EngineMaterials/DefaultTextMaterialOpaque.uasset" 198
"../../../Engine/Content/EngineMaterials/DefaultVirtualTextureMaterial.uasset" 199
"../../../Engine/Content/EngineMaterials/DefaultWhiteGrid.uasset" 200
"../../../Engine/Content/EngineMaterials/DefaultWhiteGrid_Low.uasset" 201
"../../../Engine/Content/EngineMaterials/EmissiveMeshMaterial.uasset" 202
"../../../Engine/Content/EngineMaterials/GizmoMaterial.uasset" 203
"../../../Engine/Content/EngineMaterials/HairDefaultMaterial.uasset" 204
"../../../Engine/Content/EngineMaterials/MiniFont.uasset" 205
"../../../Engine/Content/EngineMaterials/InvalidLightmapSettings.uasset" 206
"../../../Engine/Content/EngineMaterials/M_InvalidLightmapSettings.uasset" 207
"../../../Engine/Content/Functions/Engine_MaterialFunctions02/WorldPositionOffset/CameraOffset.uasset" 208
"../../../Engine/Content/EngineMaterials/PhAT_JointLimitMaterial.uasset" 209
"../../../Engine/Content/EngineMaterials/PreintegratedSkinBRDF.uasset" 210
"../../../Engine/Content/EngineMaterials/RemoveSurfaceMaterial.uasset" 211
"../../../Engine/Content/EngineMaterials/WeightMapPlaceholderTexture.uasset" 212
"../../../Engine/Content/EngineResources/WhiteSquareTexture.uasset" 213
"../../../Engine/Content/EngineMaterials/Widget3DPassThrough.uasset" 214
"../../../Engine/Content/EngineMaterials/Widget3DPassThrough_Masked.uasset" 215
"../../../Engine/Content/EngineMaterials/Widget3DPassThrough_Opaque.uasset" 216
"../../../Engine/Content/EngineMaterials/Widget3DPassThrough_Masked_OneSided.uasset" 217
"../../../Engine/Content/EngineMaterials/Widget3DPassThrough_Opaque_OneSided.uasset" 218
"../../../Engine/Content/EngineMaterials/Widget3DPassThrough_Translucent.uasset" 219
"../../../Engine/Content/EngineMaterials/Widget3DPassThrough_Translucent_OneSided.uasset" 220
"../../../Engine/Content/EngineMeshes/Cylinder.uasset" 221
"../../../Engine/Content/EngineMeshes/Sphere.uasset" 222
"../../../Engine/Content/EngineResources/Black.uasset" 223
"../../../Engine/Content/EngineResources/DefaultTextureCube.uasset" 224
"../../../Engine/Content/EngineResources/DefaultVolumeTexture2D.uasset" 225
"../../../Engine/Content/EngineResources/DefaultVolumeTexture.uasset" 226
"../../../Engine/Content/EngineResources/GradientTexture0.uasset" 227
"../../../Engine/Content/EngineSounds/Master.uasset" 228
"../../../Engine/Content/Functions/Engine_MaterialFunctions01/Shading/ConvertFromDiffSpec.uasset" 229
"../../../Engine/Content/Functions/Engine_MaterialFunctions01/Shading/PowerToRoughness.uasset" 230
"../../../Engine/Content/Maps/Templates/Thumbnails/Default.uasset" 231
"../../../Engine/Content/Maps/Templates/Thumbnails/TimeOfDay.uasset" 232
"../../../Engine/Content/Maps/Templates/Thumbnails/VR-Basic.uasset" 233
"../../../Engine/Content/MobileResources/T_MobileControls_texture.uasset" 234
"../../../Engine/Content/MobileResources/T_MobileMenu2.uasset" 235
"../../../Engine/Content/MobileResources/HUD/AnalogHat.uasset" 236
"../../../Engine/Content/MobileResources/HUD/VirtualJoystick_Background.uasset" 237
"../../../Engine/Content/MobileResources/HUD/VirtualJoystick_Thumb.uasset" 238
"../../../Engine/Content/MobileResources/HUD/DefaultVirtualJoysticks.uasset" 239
"../../../Engine/Content/MobileResources/HUD/LeftVirtualJoystickOnly.uasset" 240
"../../../Engine/Content/MobileResources/HUD/MobileHUDButton1_off.uasset" 241
"../../../Engine/Content/MobileResources/HUD/MobileHUDButton1_on.uasset" 242
"../../../Engine/Content/MobileResources/HUD/MobileHUDButton2_off.uasset" 243
"../../../Engine/Content/MobileResources/HUD/MobileHUDButton2_on.uasset" 244
"../../../Engine/Content/MobileResources/HUD/MobileHUDButton3.uasset" 245
"../../../Engine/Content/MobileResources/HUD/MobileHUDButtonFire.uasset" 246
"../../../Engine/Content/MobileResources/HUD/MobileHUDDirectionPad.uasset" 247
"../../../Engine/Content/MobileResources/HUD/MobileHUDDirectionPad2.uasset" 248
"../../../Engine/Content/MobileResources/HUD/MobileHUDDirectionPad3.uasset" 249
"../../../Engine/Content/MobileResources/HUD/MobileHUDDirectionStick.uasset" 250
"../../../Engine/Content/MobileResources/HUD/T_Castle_ThumbstickInner.uasset" 251
"../../../Engine/Content/MobileResources/HUD/T_Castle_ThumbstickOutter.uasset" 252
"../../../Engine/Content/Tutorial/ContentIntroCurve.uasset" 253
"../../../Engine/Content/Tutorial/Basics/LevelEditorAttract.uasset" 254
"../../../Engine/Content/Tutorial/BlueprintTutorials/TutorialAssets/Blueprint_64x.uasset" 255
"../../../Engine/Content/Tutorial/BlueprintTutorials/BlueprintEditorTutorial.uasset" 256
"../../../Engine/Content/VREditor/LaserPointer/VR_LaserPower_01.uasset" 257
"../../../Engine/Content/VREditor/TransformGizmo/TransformGizmoMaterial.uasset" 258
"../../../Engine/Content/VREditor/TransformGizmo/TranslucentTransformGizmoMaterial.uasset" 259
"../../../Engine/Content/VREditor/TransformGizmo/BoundingBoxCorner.uasset" 260
"../../../Engine/Content/VREditor/TransformGizmo/BoundingBoxEdge.uasset" 261
"../../../Engine/Content/VREditor/TransformGizmo/PlaneTranslationHandle.uasset" 262
"../../../Engine/Content/VREditor/TransformGizmo/Main.uasset" 263
"../../../Engine/Content/VREditor/TransformGizmo/Xray.uasset" 264
"../../../Engine/Content/VREditor/TransformGizmo/SM_Sequencer_Key.uasset" 265
"../../../Engine/Content/VREditor/TransformGizmo/SM_Sequencer_Node.uasset" 266
"../../Plugins/2D/Paper2D/Content/PlaceholderTextures/DummySpriteTexture.uasset" 267
"../../Plugins/2D/Paper2D/Content/DummySprite.uasset" 268
"../../Plugins/2D/Paper2D/Content/DefaultPaperTerrainMaterial.uasset" 269
"../../Plugins/2D/Paper2D/Content/DummySpriteTexture.uasset" 270
"../../Plugins/2D/Paper2D/Content/DefaultSpriteMaterial.uasset" 271
"../../Plugins/2D/Paper2D/Content/MaskedUnlitSpriteMaterial.uasset" 272
"../../Plugins/2D/Paper2D/Content/OpaqueUnlitSpriteMaterial.uasset" 273
"../../../Engine/Content/Functions/Engine_MaterialFunctions02/Utility/MakeFloat3.uasset" 274
"../../Plugins/Runtime/Oculus/OculusVR/Content/Materials/OculusMR_ChromaKey.uasset" 275
"../../Plugins/Runtime/Oculus/OculusVR/Content/Materials/OculusMR_ChromaKey_Lit.uasset" 276
"../../Plugins/Runtime/Oculus/OculusVR/Content/Materials/OculusMR_OpaqueColoredMaterial.uasset" 277
"../../Plugins/Runtime/Oculus/OculusVR/Content/Materials/OculusMR_WhiteMaterial.uasset" 278
"../../../Engine/Content/Functions/Engine_MaterialFunctions02/Utility/BlendAngleCorrectedNormals.uasset" 279
"../../../../../../Users/SourApple/Documents/GitHub/AtHome_Internship/Content/Arena/Textures/T_Black.uasset" 280
"../../../../../../Users/SourApple/Documents/GitHub/AtHome_Internship/Content/Arena/Textures/T_Normal.uasset" 281
"../../../../../../Users/SourApple/Documents/GitHub/AtHome_Internship/Content/Arena/Textures/T_White.uasset" 282
"../../../../../../Users/SourApple/Documents/GitHub/AtHome_Internship/Content/Arena/Materials/M_StoneMaster_M.uasset" 283
"../../../../../../Users/SourApple/Documents/GitHub/AtHome_Internship/Content/Arena/Textures/Masks/T_BricksWall_M.uasset" 284
"../../../../../../Users/SourApple/Documents/GitHub/AtHome_Internship/Content/Arena/Textures/Masks/T_BricksWall_N.uasset" 285
"../../../../../../Users/SourApple/Documents/GitHub/AtHome_Internship/Content/Arena/Textures/T_StoneBrick_AORM.uasset" 286
"../../../../../../Users/SourApple/Documents/GitHub/AtHome_Internship/Content/Arena/Textures/T_StoneBrick_Color.uasset" 287
"../../../../../../Users/SourApple/Documents/GitHub/AtHome_Internship/Content/Arena/Textures/T_StoneBrick_N.uasset" 288
"../../../../../../Users/SourApple/Documents/GitHub/AtHome_Internship/Content/Arena/Materials/M_BricksWall_Inst.uasset" 289
"../../../../../../Users/SourApple/Documents/GitHub/AtHome_Internship/Content/Arena/Meshes/Gate/SM_BricksWall_Gate_01.uasset" 290
"../../../../../../Users/SourApple/Documents/GitHub/AtHome_Internship/Content/Arena/Meshes/Gate/SM_BricksWall_Gate_02.uasset" 291
"../../../../../../Users/SourApple/Documents/GitHub/AtHome_Internship/Content/Arena/Meshes/Gate/SM_BricksWall_Gate_03.uasset" 292
"../../../Engine/Content/Functions/Engine_MaterialFunctions01/Texturing/FlattenNormal.uasset" 293
"../../../../../../Users/SourApple/Documents/GitHub/AtHome_Internship/Content/Arena/Materials/M_Meshes_Master.uasset" 294
"../../../../../../Users/SourApple/Documents/GitHub/AtHome_Internship/Content/Arena/Textures/Meshes/T_Door_AORM.uasset" 295
"../../../../../../Users/SourApple/Documents/GitHub/AtHome_Internship/Content/Arena/Textures/Meshes/T_Door_Color.uasset" 296
"../../../../../../Users/SourApple/Documents/GitHub/AtHome_Internship/Content/Arena/Textures/Meshes/T_Door_N.uasset" 297
"../../../../../../Users/SourApple/Documents/GitHub/AtHome_Internship/Content/Arena/Materials/M_Door_Inst.uasset" 298
"../../../../../../Users/SourApple/Documents/GitHub/AtHome_Internship/Content/Arena/Meshes/Gate/SM_Door.uasset" 299
"../../../../../../Users/SourApple/Documents/GitHub/AtHome_Internship/Content/Arena/Textures/Meshes/T_DoorFrame_AORM.uasset" 300
"../../../../../../Users/SourApple/Documents/GitHub/AtHome_Internship/Content/Arena/Textures/Meshes/T_DoorFrame_Color.uasset" 301
"../../../../../../Users/SourApple/Documents/GitHub/AtHome_Internship/Content/Arena/Textures/Meshes/T_DoorFrame_N.uasset" 302
"../../../../../../Users/SourApple/Documents/GitHub/AtHome_Internship/Content/Arena/Materials/M_DoorFrame_Inst.uasset" 303
"../../../../../../Users/SourApple/Documents/GitHub/AtHome_Internship/Content/Arena/Meshes/Gate/SM_DoorFrame.uasset" 304
"../../../Engine/Content/EngineDebugMaterials/HeatmapGradient.uasset" 305
"../../../Engine/Content/Functions/Engine_MaterialFunctions01/ImageAdjustment/CheapContrast_RGB.uasset" 306
"../../../../../../Users/SourApple/Documents/GitHub/AtHome_Internship/Content/Arena/Textures/T_Brick_01_AORM.uasset" 307
"../../../../../../Users/SourApple/Documents/GitHub/AtHome_Internship/Content/Arena/Textures/T_Brick_01_Color.uasset" 308
"../../../../../../Users/SourApple/Documents/GitHub/AtHome_Internship/Content/Arena/Textures/T_Brick_01_N.uasset" 309
"../../../../../../Users/SourApple/Documents/GitHub/AtHome_Internship/Content/Arena/Materials/M_Wall_Master.uasset" 310
"../../../../../../Users/SourApple/Documents/GitHub/AtHome_Internship/Content/Arena/Materials/M_Wall_Inst.uasset" 311
"../../../../../../Users/SourApple/Documents/GitHub/AtHome_Internship/Content/Arena/Meshes/Gate/SM_Wall_Gate.uasset" 312
"../../../../../../Users/SourApple/Documents/GitHub/AtHome_Internship/Content/Arena/Textures/Masks/T_Tower_Decor_top_M.uasset" 313
"../../../../../../Users/SourApple/Documents/GitHub/AtHome_Internship/Content/Arena/Textures/Masks/T_Tower_Decor_top_N.uasset" 314
"../../../../../../Users/SourApple/Documents/GitHub/AtHome_Internship/Content/Arena/Textures/T_StoneDark_AORM.uasset" 315
"../../../../../../Users/SourApple/Documents/GitHub/AtHome_Internship/Content/Arena/Textures/T_StoneDark_Color.uasset" 316
"../../../../../../Users/SourApple/Documents/GitHub/AtHome_Internship/Content/Arena/Textures/T_StoneDark_N.uasset" 317
"../../../../../../Users/SourApple/Documents/GitHub/AtHome_Internship/Content/Arena/Materials/M_Tower_Decor_top_Inst.uasset" 318
"../../../../../../Users/SourApple/Documents/GitHub/AtHome_Internship/Content/Arena/Meshes/SM_Tower_Decor_top_02.uasset" 319
"../../../../../../Users/SourApple/Documents/GitHub/AtHome_Internship/Content/Arena/Materials/M_WallWalkWay_Inst.uasset" 320
"../../../../../../Users/SourApple/Documents/GitHub/AtHome_Internship/Content/Arena/Meshes/SM_Wall_8m.uasset" 321
"../../../../../../Users/SourApple/Documents/GitHub/AtHome_Internship/Content/Arena/Meshes/BP_Gate.uasset" 322
"../../../../../../Users/SourApple/Documents/GitHub/AtHome_Internship/Content/Enemies/Demon/MeshAndAnimations/Demon_Skeleton.uasset" 323
"../../../../../../Users/SourApple/Documents/GitHub/AtHome_Internship/Content/Enemies/Demon/MeshAndAnimations/Animations/Anim_Demon_Roar.uasset" 324
"../../../../../../Users/SourApple/Documents/GitHub/AtHome_Internship/Content/Enemies/Demon/MeshAndAnimations/Animations/im_Demon_Slash1.uasset" 325
"../../../../../../Users/SourApple/Documents/GitHub/AtHome_Internship/Content/Enemies/Demon/MeshAndAnimations/Animations/im_Demon_Slash2.uasset" 326
"../../../../../../Users/SourApple/Documents/GitHub/AtHome_Internship/Content/Enemies/Demon/MeshAndAnimations/Animations/im_Demon_Figget.uasset" 327
"../../../../../../Users/SourApple/Documents/GitHub/AtHome_Internship/Content/Enemies/Demon/MeshAndAnimations/Animations/im_Demon_Walk.uasset" 328
"../../../../../../Users/SourApple/Documents/GitHub/AtHome_Internship/Content/Enemies/Demon/Blendspaces/BS_Demon_IdleWalk.uasset" 329
"../../../Engine/Content/EditorBlueprintResources/StandardMacros.uasset" 330
"../../../../../../Users/SourApple/Documents/GitHub/AtHome_Internship/Content/MainCharacter/LongSword/Character/Mesh/SK_Mannequin_Arms_Skeleton.uasset" 331
"../../../../../../Users/SourApple/Documents/GitHub/AtHome_Internship/Content/MainCharacter/LongSword/Animations/AttackLeft_Hold.uasset" 332
"../../../../../../Users/SourApple/Documents/GitHub/AtHome_Internship/Content/MainCharacter/LongSword/Animations/AttackLeft_Release.uasset" 333
"../../../../../../Users/SourApple/Documents/GitHub/AtHome_Internship/Content/MainCharacter/LongSword/Animations/AttackLeft_Start.uasset" 334
"../../../../../../Users/SourApple/Documents/GitHub/AtHome_Internship/Content/MainCharacter/LongSword/Animations/AttackOverhead_Hold.uasset" 335
"../../../../../../Users/SourApple/Documents/GitHub/AtHome_Internship/Content/MainCharacter/LongSword/Animations/AttackOverhead_Release.uasset" 336
"../../../../../../Users/SourApple/Documents/GitHub/AtHome_Internship/Content/MainCharacter/LongSword/Animations/AttackOverhead_Start.uasset" 337
"../../../../../../Users/SourApple/Documents/GitHub/AtHome_Internship/Content/MainCharacter/LongSword/Animations/AttackRight_Hold.uasset" 338
"../../../../../../Users/SourApple/Documents/GitHub/AtHome_Internship/Content/MainCharacter/LongSword/Animations/AttackRight_Release.uasset" 339
"../../../../../../Users/SourApple/Documents/GitHub/AtHome_Internship/Content/MainCharacter/LongSword/Animations/AttackRight_Start.uasset" 340
"../../../../../../Users/SourApple/Documents/GitHub/AtHome_Internship/Content/MainCharacter/LongSword/Animations/AttackStab_Hold.uasset" 341
"../../../../../../Users/SourApple/Documents/GitHub/AtHome_Internship/Content/MainCharacter/LongSword/Animations/AttackStab_Release.uasset" 342
"../../../../../../Users/SourApple/Documents/GitHub/AtHome_Internship/Content/MainCharacter/LongSword/Animations/AttackStab_Start.uasset" 343
"../../../../../../Users/SourApple/Documents/GitHub/AtHome_Internship/Content/MainCharacter/LongSword/Animations/Block_AdditiveBase.uasset" 344
"../../../../../../Users/SourApple/Documents/GitHub/AtHome_Internship/Content/MainCharacter/LongSword/Animations/Block_End.uasset" 345
"../../../../../../Users/SourApple/Documents/GitHub/AtHome_Internship/Content/MainCharacter/LongSword/Animations/Block_Fall.uasset" 346
"../../../../../../Users/SourApple/Documents/GitHub/AtHome_Internship/Content/MainCharacter/LongSword/Animations/Block_Impact.uasset" 347
"../../../../../../Users/SourApple/Documents/GitHub/AtHome_Internship/Content/MainCharacter/LongSword/Animations/Block_Jump_End.uasset" 348
"../../../../../../Users/SourApple/Documents/GitHub/AtHome_Internship/Content/MainCharacter/LongSword/Animations/Block_Jump_Start.uasset" 349
"../../../../../../Users/SourApple/Documents/GitHub/AtHome_Internship/Content/MainCharacter/LongSword/Animations/Block_Loop.uasset" 350
"../../../../../../Users/SourApple/Documents/GitHub/AtHome_Internship/Content/MainCharacter/LongSword/Animations/Block_Shove.uasset" 351
"../../../../../../Users/SourApple/Documents/GitHub/AtHome_Internship/Content/MainCharacter/LongSword/Animations/Block_Sprint_Additive.uasset" 352
"../../../../../../Users/SourApple/Documents/GitHub/AtHome_Internship/Content/MainCharacter/LongSword/Animations/Block_Start.uasset" 353
"../../../../../../Users/SourApple/Documents/GitHub/AtHome_Internship/Content/MainCharacter/LongSword/Animations/Block_Walk_Additive.uasset" 354
"../../../../../../Users/SourApple/Documents/GitHub/AtHome_Internship/Content/MainCharacter/LongSword/Animations/Fall.uasset" 355
"../../../../../../Users/SourApple/Documents/GitHub/AtHome_Internship/Content/MainCharacter/LongSword/Animations/Idle.uasset" 356
"../../../../../../Users/SourApple/Documents/GitHub/AtHome_Internship/Content/MainCharacter/LongSword/Animations/Idle_AdditiveBase.uasset" 357
"../../../../../../Users/SourApple/Documents/GitHub/AtHome_Internship/Content/MainCharacter/LongSword/Animations/IdleUnarmedPose.uasset" 358
"../../../../../../Users/SourApple/Documents/GitHub/AtHome_Internship/Content/MainCharacter/LongSword/Animations/IdleVariation.uasset" 359
"../../../../../../Users/SourApple/Documents/GitHub/AtHome_Internship/Content/MainCharacter/LongSword/Animations/Jump_End.uasset" 360
"../../../../../../Users/SourApple/Documents/GitHub/AtHome_Internship/Content/MainCharacter/LongSword/Animations/Jump_Start.uasset" 361
"../../../../../../Users/SourApple/Documents/GitHub/AtHome_Internship/Content/MainCharacter/LongSword/Animations/Sheathe.uasset" 362
"../../../../../../Users/SourApple/Documents/GitHub/AtHome_Internship/Content/MainCharacter/LongSword/Animations/Sprint_Additive.uasset" 363
"../../../../../../Users/SourApple/Documents/GitHub/AtHome_Internship/Content/MainCharacter/LongSword/Animations/Unsheathe.uasset" 364
"../../../../../../Users/SourApple/Documents/GitHub/AtHome_Internship/Content/MainCharacter/LongSword/Animations/Walk_Additive.uasset" 365
"../../../../../../Users/SourApple/Documents/GitHub/AtHome_Internship/Content/Sounds/Male_Shout-of-Pain_132.uasset" 366
"../../../../../../Users/SourApple/Documents/GitHub/AtHome_Internship/Content/Sounds/PlayerGrunt.uasset" 367
"../../../../../../Users/SourApple/Documents/GitHub/AtHome_Internship/Content/Sounds/PlayerWalk.uasset" 368
"../../../../../../Users/SourApple/Documents/GitHub/AtHome_Internship/Content/MainCharacter/AnimBP_Longsword.uasset" 369
"../../../../../../Users/SourApple/Documents/GitHub/AtHome_Internship/Content/Enemies/Arachnid/Animations/Arachnid_Boss_Attack_1_Anim.uasset" 370
"../../../../../../Users/SourApple/Documents/GitHub/AtHome_Internship/Content/Enemies/Arachnid/Animations/Arachnid_Boss_Attack_2_Anim.uasset" 371
"../../../../../../Users/SourApple/Documents/GitHub/AtHome_Internship/Content/Enemies/Arachnid/Animations/Arachnid_Boss_Attack_3_Anim.uasset" 372
"../../../../../../Users/SourApple/Documents/GitHub/AtHome_Internship/Content/Enemies/Arachnid/Animations/Arachnid_Boss_Attack_4_Anim.uasset" 373
"../../../../../../Users/SourApple/Documents/GitHub/AtHome_Internship/Content/Enemies/Arachnid/Animations/Arachnid_Boss_Dead_Anim.uasset" 374
"../../../../../../Users/SourApple/Documents/GitHub/AtHome_Internship/Content/Enemies/Arachnid/Animations/Arachnid_Boss_Get_Hit_Anim.uasset" 375
"../../../../../../Users/SourApple/Documents/GitHub/AtHome_Internship/Content/Enemies/Arachnid/Animations/Arachnid_Boss_Idle_Anim.uasset" 376
"../../../../../../Users/SourApple/Documents/GitHub/AtHome_Internship/Content/Enemies/Arachnid/Animations/Arachnid_Boss_Shout_Anim.uasset" 377
"../../../../../../Users/SourApple/Documents/GitHub/AtHome_Internship/Content/Enemies/Arachnid/Animations/Arachnid_Boss_Rotation_90_Left_Anim.uasset" 378
"../../../../../../Users/SourApple/Documents/GitHub/AtHome_Internship/Content/Enemies/Arachnid/Animations/Arachnid_Boss_Rotation_90_Rigiht_Anim.uasset" 379
"../../../../../../Users/SourApple/Documents/GitHub/AtHome_Internship/Content/Enemies/Arachnid/Animations/Arachnid_Boss_Run_Anim.uasset" 380
"../../../../../../Users/SourApple/Documents/GitHub/AtHome_Internship/Content/Enemies/Arachnid/Animations/Arachnid_Boss_Walk_Anim.uasset" 381
"../../../../../../Users/SourApple/Documents/GitHub/AtHome_Internship/Content/Enemies/Arachnid/BlendSpaces/BS_Arachnid_Walking.uasset" 382
"../../../../../../Users/SourApple/Documents/GitHub/AtHome_Internship/Content/Sounds/spiderstep2.uasset" 383
"../../../../../../Users/SourApple/Documents/GitHub/AtHome_Internship/Content/Enemies/Arachnid/ABP_Arachnid.uasset" 384
"../../../../../../Users/SourApple/Documents/GitHub/AtHome_Internship/Content/Enemies/CommonWidget/EnemyWidget.uasset" 385
"../../../../../../Users/SourApple/Documents/GitHub/AtHome_Internship/Content/Enemies/Arachnid/Textures/Arachnid_Boss_Albedo.uasset" 386
"../../../../../../Users/SourApple/Documents/GitHub/AtHome_Internship/Content/Enemies/Arachnid/Textures/Arachnid_Boss_Ao.uasset" 387
"../../../../../../Users/SourApple/Documents/GitHub/AtHome_Internship/Content/Enemies/Arachnid/Textures/Arachnid_Boss_Metallic.uasset" 388
"../../../../../../Users/SourApple/Documents/GitHub/AtHome_Internship/Content/Enemies/Arachnid/Textures/Arachnid_Boss_Normals.uasset" 389
"../../../../../../Users/SourApple/Documents/GitHub/AtHome_Internship/Content/Enemies/Arachnid/Textures/MAT_Arachnid.uasset" 390
"../../../../../../Users/SourApple/Documents/GitHub/AtHome_Internship/Content/Enemies/Arachnid/Other/Arachnid_Boss_PhysicsAsset.uasset" 391
"../../../../../../Users/SourApple/Documents/GitHub/AtHome_Internship/Content/Enemies/Arachnid/Other/Arachnid_Boss.uasset" 392
"../../../../../../Users/SourApple/Documents/GitHub/AtHome_Internship/Content/Sounds/GAF_SFX01_-_HORROR_-_DESIGNED_-_CorpseInsect_01.uasset" 393
"../../../../../../Users/SourApple/Documents/GitHub/AtHome_Internship/Content/Sounds/Monster_Pain_Death_121.uasset" 394
"../../../../../../Users/SourApple/Documents/GitHub/AtHome_Internship/Content/Sounds/Monster_Roar_Growl_164.uasset" 395
"../../../../../../Users/SourApple/Documents/GitHub/AtHome_Internship/Content/Sounds/Monster_Struggle_Grunt_240.uasset" 396
"../../../Engine/Content/EngineResources/DefaultTexture.uasset" 397
"../../../../../../Users/SourApple/Documents/GitHub/AtHome_Internship/Content/VFX/AdvancedMagicFX12/Textures/T_ky_maskRGB3.uasset" 398
"../../../../../../Users/SourApple/Documents/GitHub/AtHome_Internship/Content/VFX/AdvancedMagicFX12/Materials/Mfunction/MF_ky_addHilight.uasset" 399
"../../../../../../Users/SourApple/Documents/GitHub/AtHome_Internship/Content/VFX/AdvancedMagicFX12/Textures/T_ky_noise16.uasset" 400
"../../../../../../Users/SourApple/Documents/GitHub/AtHome_Internship/Content/VFX/AdvancedMagicFX12/Textures/T_ky_noise4.uasset" 401
"../../../../../../Users/SourApple/Documents/GitHub/AtHome_Internship/Content/VFX/AdvancedMagicFX12/Textures/T_ky_noise6.uasset" 402
"../../../../../../Users/SourApple/Documents/GitHub/AtHome_Internship/Content/VFX/AdvancedMagicFX12/Materials/M_ky_aura14.uasset" 403
"../../../../../../Users/SourApple/Documents/GitHub/AtHome_Internship/Content/VFX/AdvancedMagicFX12/Materials/M_ky_empty.uasset" 404
"../../../../../../Users/SourApple/Documents/GitHub/AtHome_Internship/Content/VFX/AdvancedMagicFX12/Materials/MI_ky_aura14b_nonD.uasset" 405
"../../../Engine/Content/Functions/Engine_MaterialFunctions01/Density/ExponentialDensity.uasset" 406
"../../../Engine/Content/Functions/Engine_MaterialFunctions01/Gradient/DiamondGradient.uasset" 407
"../../../Engine/Content/Functions/Engine_MaterialFunctions01/Gradient/RadialGradientExponential.uasset" 408
"../../../Engine/Content/EngineMaterials/BlendFunc_DefBase.uasset" 409
"../../../Engine/Content/EngineMaterials/BlendFunc_DefBlend.uasset" 410
"../../../Engine/Content/Functions/Engine_MaterialFunctions03/Blends/Blend_Screen.uasset" 411
"../../../../../../Users/SourApple/Documents/GitHub/AtHome_Internship/Content/VFX/AdvancedMagicFX12/Textures/T_ky_dust_longStar.uasset" 412
"../../../../../../Users/SourApple/Documents/GitHub/AtHome_Internship/Content/VFX/AdvancedMagicFX12/Materials/M_ky_starDust.uasset" 413
"../../../../../../Users/SourApple/Documents/GitHub/AtHome_Internship/Content/VFX/AdvancedMagicFX12/Materials/MI_ky_starDust_sq.uasset" 414
"../../../../../../Users/SourApple/Documents/GitHub/AtHome_Internship/Content/VFX/AdvancedMagicFX12/Meshes/SM_ky_circle_midpoly.uasset" 415
"../../../../../../Users/SourApple/Documents/GitHub/AtHome_Internship/Content/VFX/AdvancedMagicFX12/Meshes/SM_ky_sphereHarf03.uasset" 416
"../../../../../../Users/SourApple/Documents/GitHub/AtHome_Internship/Content/VFX/AdvancedMagicFX12/particles/P_ky_aura.uasset" 417
"../../../../../../Users/SourApple/Documents/GitHub/AtHome_Internship/Content/Enemies/Arachnid/BP_ArachnidAI.uasset" 418
"../../../../../../Users/SourApple/Documents/GitHub/AtHome_Internship/Content/Enemies/Knight/SKELETON_Solus_Knight.uasset" 419
"../../../../../../Users/SourApple/Documents/GitHub/AtHome_Internship/Content/Enemies/Knight/Animation_Related/MIXAMO_ANIMATIONS/ATTACK/MIXAMO_ATTACK_POWERUP.uasset" 420
"../../../../../../Users/SourApple/Documents/GitHub/AtHome_Internship/Content/Enemies/Knight/Animation_Related/MIXAMO_ANIMATIONS/ATTACK/MIXAMO_ATTACK_SLASH01.uasset" 421
"../../../../../../Users/SourApple/Documents/GitHub/AtHome_Internship/Content/Enemies/Knight/Animation_Related/MIXAMO_ANIMATIONS/ATTACK/MIXAMO_ATTACK_SLASH03.uasset" 422
"../../../../../../Users/SourApple/Documents/GitHub/AtHome_Internship/Content/Enemies/Knight/Animation_Related/MIXAMO_ANIMATIONS/CAST/MIXAMO_GS_CAST.uasset" 423
"../../../../../../Users/SourApple/Documents/GitHub/AtHome_Internship/Content/Enemies/Knight/Animation_Related/MIXAMO_ANIMATIONS/DEATH/MIXAMO_DEATH_02.uasset" 424
"../../../../../../Users/SourApple/Documents/GitHub/AtHome_Internship/Content/Enemies/Knight/Animation_Related/MIXAMO_ANIMATIONS/IDLE/MIXAMO_IDLE01.uasset" 425
"../../../../../../Users/SourApple/Documents/GitHub/AtHome_Internship/Content/Enemies/Knight/Animation_Related/MIXAMO_ANIMATIONS/IDLE/MIXAMO_IDLE02.uasset" 426
"../../../../../../Users/SourApple/Documents/GitHub/AtHome_Internship/Content/Enemies/Knight/Animation_Related/MIXAMO_ANIMATIONS/IDLE/MIXAMO_IDLE03.uasset" 427
"../../../../../../Users/SourApple/Documents/GitHub/AtHome_Internship/Content/Enemies/Knight/Animation_Related/MIXAMO_ANIMATIONS/RUN/MIXAMO_RUN_BACKWARD.uasset" 428
"../../../../../../Users/SourApple/Documents/GitHub/AtHome_Internship/Content/Enemies/Knight/Animation_Related/MIXAMO_ANIMATIONS/RUN/MIXAMO_RUN_FORWARD.uasset" 429
"../../../../../../Users/SourApple/Documents/GitHub/AtHome_Internship/Content/Enemies/Knight/Animation_Related/MIXAMO_ANIMATIONS/WALK/MIXAMO_STRAFE_LEFT.uasset" 430
"../../../../../../Users/SourApple/Documents/GitHub/AtHome_Internship/Content/Enemies/Knight/Animation_Related/MIXAMO_ANIMATIONS/WALK/MIXAMO_STRAFE_RIGHT.uasset" 431
"../../../../../../Users/SourApple/Documents/GitHub/AtHome_Internship/Content/Enemies/Knight/Animation_Related/MIXAMO_ANIMATIONS/WALK/MIXAMO_WALK_BACKWARD.uasset" 432
"../../../../../../Users/SourApple/Documents/GitHub/AtHome_Internship/Content/Enemies/Knight/Animation_Related/MIXAMO_ANIMATIONS/WALK/MIXAMO_WALK_FORWARD.uasset" 433
"../../../../../../Users/SourApple/Documents/GitHub/AtHome_Internship/Content/Enemies/Knight/Animation_Related/BLENDSPACES/BS_WALK_RUN_SolusSpace.uasset" 434
"../../../../../../Users/SourApple/Documents/GitHub/AtHome_Internship/Content/Enemies/Knight/ABP_SolusKnight.uasset" 435
"../../../../../../Users/SourApple/Documents/GitHub/AtHome_Internship/Content/Sounds/Impact_Boom_Distorted_02__mp3cut_net___1_.uasset" 436
"../../../../../../Users/SourApple/Documents/GitHub/AtHome_Internship/Content/VFX/AdvancedMagicFX12/Materials/Mfunction/MF_ky_UVcontrol_4x4.uasset" 437
"../../../../../../Users/SourApple/Documents/GitHub/AtHome_Internship/Content/VFX/AdvancedMagicFX12/Textures/T_ky_dust02uni_4x4.uasset" 438
"../../../../../../Users/SourApple/Documents/GitHub/AtHome_Internship/Content/VFX/AdvancedMagicFX12/Materials/M_ky_dust02uni_4x4.uasset" 439
"../../../../../../Users/SourApple/Documents/GitHub/AtHome_Internship/Content/VFX/AdvancedMagicFX12/Textures/T_ky_flowmap.uasset" 440
"../../../../../../Users/SourApple/Documents/GitHub/AtHome_Internship/Content/VFX/AdvancedMagicFX12/Materials/M_ky_noiseSmoke2.uasset" 441
"../../../../../../Users/SourApple/Documents/GitHub/AtHome_Internship/Content/VFX/AdvancedMagicFX12/Materials/M_ky_shockwave07.uasset" 442
"../../../../../../Users/SourApple/Documents/GitHub/AtHome_Internship/Content/VFX/AdvancedMagicFX12/Materials/MI_ky_shockwave07_dark.uasset" 443
"../../../../../../Users/SourApple/Documents/GitHub/AtHome_Internship/Content/VFX/AdvancedMagicFX12/Meshes/SM_ky_quad_centerRot.uasset" 444
"../../../../../../Users/SourApple/Documents/GitHub/AtHome_Internship/Content/VFX/AdvancedMagicFX12/particles/P_ky_hit_dark.uasset" 445
"../../../../../../Users/SourApple/Documents/GitHub/AtHome_Internship/Content/VFX/AdvancedMagicFX12/Materials/MI_ky_aura14_dark.uasset" 446
"../../../../../../Users/SourApple/Documents/GitHub/AtHome_Internship/Content/VFX/AdvancedMagicFX12/Textures/T_ky_noise3.uasset" 447
"../../../../../../Users/SourApple/Documents/GitHub/AtHome_Internship/Content/VFX/AdvancedMagicFX12/Materials/M_ky_dynDust.uasset" 448
"../../../../../../Users/SourApple/Documents/GitHub/AtHome_Internship/Content/VFX/AdvancedMagicFX12/Textures/T_ky_smoke2.uasset" 449
"../../../../../../Users/SourApple/Documents/GitHub/AtHome_Internship/Content/VFX/AdvancedMagicFX12/Materials/MI_ky_dynDust2.uasset" 450
"../../../Engine/Content/Functions/Engine_MaterialFunctions02/Fresnel_Function.uasset" 451
"../../../../../../Users/SourApple/Documents/GitHub/AtHome_Internship/Content/VFX/AdvancedMagicFX12/Materials/M_ky_primitive.uasset" 452
"../../../../../../Users/SourApple/Documents/GitHub/AtHome_Internship/Content/VFX/AdvancedMagicFX12/Materials/MI_ky_primitive2c.uasset" 453
"../../../../../../Users/SourApple/Documents/GitHub/AtHome_Internship/Content/VFX/AdvancedMagicFX12/Textures/T_ky_dist_noise.uasset" 454
"../../../../../../Users/SourApple/Documents/GitHub/AtHome_Internship/Content/VFX/AdvancedMagicFX12/Textures/T_ky_smoke_kai.uasset" 455
"../../../../../../Users/SourApple/Documents/GitHub/AtHome_Internship/Content/VFX/AdvancedMagicFX12/Materials/M_ky_base_turbulence.uasset" 456
"../../../../../../Users/SourApple/Documents/GitHub/AtHome_Internship/Content/VFX/AdvancedMagicFX12/Materials/MI_ky_turbulence_smoke2d_trs.uasset" 457
"../../../../../../Users/SourApple/Documents/GitHub/AtHome_Internship/Content/VFX/AdvancedMagicFX12/Meshes/SM_ky_cylinderBend04.uasset" 458
"../../../../../../Users/SourApple/Documents/GitHub/AtHome_Internship/Content/VFX/AdvancedMagicFX12/particles/P_ky_shot_dark.uasset" 459
"../../../../../../Users/SourApple/Documents/GitHub/AtHome_Internship/Content/Enemies/Knight/BP_LongRangeProjectile.uasset" 460
"../../../Engine/Content/BasicShapes/BasicShapeMaterial.uasset" 461
"../../../../../../Users/SourApple/Documents/GitHub/AtHome_Internship/Content/Enemies/Knight/Textures/dark_knight_color.uasset" 462
"../../../../../../Users/SourApple/Documents/GitHub/AtHome_Internship/Content/Enemies/Knight/Textures/knight_albedo.uasset" 463
"../../../../../../Users/SourApple/Documents/GitHub/AtHome_Internship/Content/Enemies/Knight/Textures/knight_ambient_occlusion.uasset" 464
"../../../../../../Users/SourApple/Documents/GitHub/AtHome_Internship/Content/Enemies/Knight/Textures/knight_clear_coat.uasset" 465
"../../../../../../Users/SourApple/Documents/GitHub/AtHome_Internship/Content/Enemies/Knight/Textures/knight_metallic.uasset" 466
"../../../../../../Users/SourApple/Documents/GitHub/AtHome_Internship/Content/Enemies/Knight/Textures/knight_normal_map.uasset" 467
"../../../../../../Users/SourApple/Documents/GitHub/AtHome_Internship/Content/Enemies/Knight/Textures/knight_roughness.uasset" 468
"../../../../../../Users/SourApple/Documents/GitHub/AtHome_Internship/Content/Enemies/Knight/Textures/MAT_SolusKnight.uasset" 469
"../../../Engine/Content/BasicShapes/Sphere.uasset" 470
"../../../../../../Users/SourApple/Documents/GitHub/AtHome_Internship/Content/Enemies/Knight/PA_Solus_Knight.uasset" 471
"../../../../../../Users/SourApple/Documents/GitHub/AtHome_Internship/Content/Enemies/Knight/MESH_Solus_Knight.uasset" 472
"../../../../../../Users/SourApple/Documents/GitHub/AtHome_Internship/Content/Sounds/Magical_charge_01_SFXBible_ss06016__online-audio-converter_com_.uasset" 473
"../../../../../../Users/SourApple/Documents/GitHub/AtHome_Internship/Content/Sounds/Plate_Armour_Hit_01.uasset" 474
"../../../../../../Users/SourApple/Documents/GitHub/AtHome_Internship/Content/Sounds/Sound_design_magical_accent_whoosh_deep_dark_science_fiction_01_SFXBible_ss02355.uasset" 475
"../../../../../../Users/SourApple/Documents/GitHub/AtHome_Internship/Content/VFX/AdvancedMagicFX12/Materials/MI_ky_aura14_darkB_nonD.uasset" 476
"../../../../../../Users/SourApple/Documents/GitHub/AtHome_Internship/Content/VFX/AdvancedMagicFX12/particles/P_ky_aura_dark.uasset" 477
"../../../../../../Users/SourApple/Documents/GitHub/AtHome_Internship/Content/VFX/AdvancedMagicFX12/particles/P_ky_trail_darkDust.uasset" 478
"../../../../../../Users/SourApple/Documents/GitHub/AtHome_Internship/Content/Weapons/Texures/Sword_Base_Color.uasset" 479
"../../../../../../Users/SourApple/Documents/GitHub/AtHome_Internship/Content/Weapons/Texures/Sword_Height.uasset" 480
"../../../../../../Users/SourApple/Documents/GitHub/AtHome_Internship/Content/Weapons/Texures/Sword_Metallic.uasset" 481
"../../../../../../Users/SourApple/Documents/GitHub/AtHome_Internship/Content/Weapons/Texures/Sword_Mixed_AO.uasset" 482
"../../../../../../Users/SourApple/Documents/GitHub/AtHome_Internship/Content/Weapons/Texures/Sword_Normal.uasset" 483
"../../../../../../Users/SourApple/Documents/GitHub/AtHome_Internship/Content/Weapons/Texures/Sword_Normal_DirectX.uasset" 484
"../../../../../../Users/SourApple/Documents/GitHub/AtHome_Internship/Content/Weapons/Texures/Sword_Roughness.uasset" 485
"../../../../../../Users/SourApple/Documents/GitHub/AtHome_Internship/Content/Weapons/Texures/MAT_Claymore.uasset" 486
"../../../../../../Users/SourApple/Documents/GitHub/AtHome_Internship/Content/Weapons/Claymore.uasset" 487
"../../../../../../Users/SourApple/Documents/GitHub/AtHome_Internship/Content/Enemies/Knight/BP_Knight_Behaviour.uasset" 488
"../../../../../../Users/SourApple/Documents/GitHub/AtHome_Internship/Content/Enemies/Spawner.uasset" 489
"../../../../../../Users/SourApple/Documents/GitHub/AtHome_Internship/Content/Enemies/BP_Spawner.uasset" 490
"../../../../../../Users/SourApple/Documents/GitHub/AtHome_Internship/Content/MainCharacter/Widgets/PopUpWidget.uasset" 491
"../../../Engine/Content/Functions/MaterialLayerFunctions/MatLayerBlend_NormalBlend.uasset" 492
"../../../Engine/Content/Functions/MaterialLayerFunctions/MatLayerBlend_Simple.uasset" 493
"../../../../../../Users/SourApple/Documents/GitHub/AtHome_Internship/Content/MainCharacter/LongSword/Character/Materials/MaterialLayers/T_ML_Rubber_Blue_01_D.uasset" 494
"../../../../../../Users/SourApple/Documents/GitHub/AtHome_Internship/Content/MainCharacter/LongSword/Character/Materials/MaterialLayers/T_ML_Rubber_Blue_01_N.uasset" 495
"../../../../../../Users/SourApple/Documents/GitHub/AtHome_Internship/Content/MainCharacter/LongSword/Character/Materials/MaterialLayers/ML_GlossyBlack_Latex_UE4.uasset" 496
"../../../../../../Users/SourApple/Documents/GitHub/AtHome_Internship/Content/MainCharacter/LongSword/Character/Materials/MaterialLayers/ML_Plastic_Shiny_Beige.uasset" 497
"../../../../../../Users/SourApple/Documents/GitHub/AtHome_Internship/Content/MainCharacter/LongSword/Character/Textures/UE4_LOGO_CARD.uasset" 498
"../../../../../../Users/SourApple/Documents/GitHub/AtHome_Internship/Content/MainCharacter/LongSword/Character/Materials/MaterialLayers/ML_Plastic_Shiny_Beige_LOGO.uasset" 499
"../../../../../../Users/SourApple/Documents/GitHub/AtHome_Internship/Content/MainCharacter/LongSword/Character/Materials/MaterialLayers/T_ML_Aluminum01.uasset" 500
"../../../../../../Users/SourApple/Documents/GitHub/AtHome_Internship/Content/MainCharacter/LongSword/Character/Materials/MaterialLayers/T_ML_Aluminum01_N.uasset" 501
"../../../../../../Users/SourApple/Documents/GitHub/AtHome_Internship/Content/MainCharacter/LongSword/Character/Materials/MaterialLayers/ML_SoftMetal_UE4.uasset" 502
"../../../../../../Users/SourApple/Documents/GitHub/AtHome_Internship/Content/MainCharacter/LongSword/Character/Textures/UE4_Mannequin__normals.uasset" 503
"../../../../../../Users/SourApple/Documents/GitHub/AtHome_Internship/Content/MainCharacter/LongSword/Character/Textures/UE4_Mannequin_MAT_MASKA.uasset" 504
"../../../../../../Users/SourApple/Documents/GitHub/AtHome_Internship/Content/MainCharacter/LongSword/Character/Materials/M_UE4Man_Body.uasset" 505
"../../../../../../Users/SourApple/Documents/GitHub/AtHome_Internship/Content/MainCharacter/LongSword/Character/Mesh/SK_Mannequin_Arms_PhysicsAsset.uasset" 506
"../../../../../../Users/SourApple/Documents/GitHub/AtHome_Internship/Content/MainCharacter/LongSword/Character/Mesh/Mesh2P_Arms.uasset" 507
"../../../../../../Users/SourApple/Documents/GitHub/AtHome_Internship/Content/MainCharacter/LongSword/Materials/M_Handle.uasset" 508
"../../../../../../Users/SourApple/Documents/GitHub/AtHome_Internship/Content/MainCharacter/LongSword/Materials/M_Sword22.uasset" 509
"../../../../../../Users/SourApple/Documents/GitHub/AtHome_Internship/Content/MainCharacter/LongSword/Meshes/SK_Longsword_PhysicsAsset.uasset" 510
"../../../../../../Users/SourApple/Documents/GitHub/AtHome_Internship/Content/MainCharacter/LongSword/Meshes/SK_Longsword_Skeleton.uasset" 511
"../../../../../../Users/SourApple/Documents/GitHub/AtHome_Internship/Content/MainCharacter/LongSword/Meshes/SK_Longsword.uasset" 512
"../../../../../../Users/SourApple/Documents/GitHub/AtHome_Internship/Content/MainCharacter/Widgets/WBP_Begin.uasset" 513
"../../../../../../Users/SourApple/Documents/GitHub/AtHome_Internship/Content/MainCharacter/Widgets/WBP_Death.uasset" 514
"../../../../../../Users/SourApple/Documents/GitHub/AtHome_Internship/Content/MainCharacter/Widgets/WBP_FinalDeath.uasset" 515
"../../../../../../Users/SourApple/Documents/GitHub/AtHome_Internship/Content/RoboBars/Materials/ExamplesUmg/MI_UmgUmgDivisionPattern_2.uasset" 516
"../../../../../../Users/SourApple/Documents/GitHub/AtHome_Internship/Content/MainCharacter/Image/73008911-f62d-3d1e-b448-1ea808cfb854.uasset" 517
"../../../../../../Users/SourApple/Documents/GitHub/AtHome_Internship/Content/MainCharacter/Image/kpnmo.uasset" 518
"../../../../../../Users/SourApple/Documents/GitHub/AtHome_Internship/Content/MainCharacter/Image/poison-pngrepo-com.uasset" 519
"../../../../../../Users/SourApple/Documents/GitHub/AtHome_Internship/Content/MainCharacter/Image/Untitled.uasset" 520
"../../../../../../Users/SourApple/Documents/GitHub/AtHome_Internship/Content/MainCharacter/Widgets/WBP_GeneralHUD.uasset" 521
"../../../../../../Users/SourApple/Documents/GitHub/AtHome_Internship/Content/MainCharacter/Widgets/WBP_StatsAssigement.uasset" 522
"../../../../../../Users/SourApple/Documents/GitHub/AtHome_Internship/Content/MainCharacter/Widgets/WBP_Stats.uasset" 523
"../../../../../../Users/SourApple/Documents/GitHub/AtHome_Internship/Content/Sounds/Grunt_Pain_Male_BB_10_SCREAM_LIBRARY_BRFX-004.uasset" 524
"../../../../../../Users/SourApple/Documents/GitHub/AtHome_Internship/Content/VFX/AdvancedMagicFX12/Textures/T_ky_vortex04_4x4.uasset" 525
"../../../../../../Users/SourApple/Documents/GitHub/AtHome_Internship/Content/VFX/AdvancedMagicFX12/Materials/M_ky_vortex04_4x4.uasset" 526
"../../../../../../Users/SourApple/Documents/GitHub/AtHome_Internship/Content/VFX/AdvancedMagicFX12/Materials/MI_ky_vortex04B_4x4_two.uasset" 527
"../../../../../../Users/SourApple/Documents/GitHub/AtHome_Internship/Content/VFX/AdvancedMagicFX12/particles/P_ky_trail_windDust.uasset" 528
"../../../../../../Users/SourApple/Documents/GitHub/AtHome_Internship/Content/MainCharacter/BP_MyMC_Behaviour.uasset" 529
"../../../../../../Users/SourApple/Documents/GitHub/AtHome_Internship/Content/Enemies/Demon/DemonRoar.uasset" 530
"../../../../../../Users/SourApple/Documents/GitHub/AtHome_Internship/Content/Enemies/Demon/ABP_Demon.uasset" 531
"../../../../../../Users/SourApple/Documents/GitHub/AtHome_Internship/Content/Enemies/Demon/Mats_Texture/Textures/Skin/Demon_Skin_1234.uasset" 532
"../../../../../../Users/SourApple/Documents/GitHub/AtHome_Internship/Content/Enemies/Demon/Mats_Texture/Textures/Skin/Demon_Skin_Normal.uasset" 533
"../../../../../../Users/SourApple/Documents/GitHub/AtHome_Internship/Content/Enemies/Demon/Mats_Texture/Textures/Skin/Demon_Skin_Opacity.uasset" 534
"../../../../../../Users/SourApple/Documents/GitHub/AtHome_Internship/Content/Enemies/Demon/Mats_Texture/Textures/Skin/Demon_Skin_Texture.uasset" 535
"../../../../../../Users/SourApple/Documents/GitHub/AtHome_Internship/Content/Enemies/Demon/Mats_Texture/DemanSkinMat.uasset" 536
"../../../../../../Users/SourApple/Documents/GitHub/AtHome_Internship/Content/Enemies/Demon/Mats_Texture/DemanSkinMat_Inst.uasset" 537
"../../../../../../Users/SourApple/Documents/GitHub/AtHome_Internship/Content/Enemies/Demon/Mats_Texture/Textures/Eyes/Demon_Eyes_Mask.uasset" 538
"../../../../../../Users/SourApple/Documents/GitHub/AtHome_Internship/Content/Enemies/Demon/Mats_Texture/Textures/Eyes/Demon_Eyes_Normal.uasset" 539
"../../../../../../Users/SourApple/Documents/GitHub/AtHome_Internship/Content/Enemies/Demon/Mats_Texture/Textures/Eyes/Demon_Eyes_Texture.uasset" 540
"../../../../../../Users/SourApple/Documents/GitHub/AtHome_Internship/Content/Enemies/Demon/Mats_Texture/EyesMats.uasset" 541
"../../../../../../Users/SourApple/Documents/GitHub/AtHome_Internship/Content/Enemies/Demon/Mats_Texture/EyesMats_Inst.uasset" 542
"../../../Engine/Content/Functions/Engine_MaterialFunctions01/WorldPositionOffset/SimpleGrassWind.uasset" 543
"../../../Engine/Content/Functions/Engine_MaterialFunctions02/Texturing/CustomRotator.uasset" 544
"../../../Engine/Content/Functions/Engine_MaterialFunctions02/Texturing/ScreenAlignedPixelToPixelUVs.uasset" 545
"../../../Engine/Content/EngineMaterials/Good64x64TilingNoiseHighFreq.uasset" 546
"../../../Engine/Content/Functions/Engine_MaterialFunctions02/Utility/DitherTemporalAA.uasset" 547
"../../../../../../Users/SourApple/Documents/GitHub/AtHome_Internship/Content/Enemies/Demon/Mats_Texture/Textures/Hair/BWGradient.uasset" 548
"../../../../../../Users/SourApple/Documents/GitHub/AtHome_Internship/Content/Enemies/Demon/Mats_Texture/Textures/Hair/Demon_Hair_Normal.uasset" 549
"../../../../../../Users/SourApple/Documents/GitHub/AtHome_Internship/Content/Enemies/Demon/Mats_Texture/Textures/Hair/Demon_Hair_TextureWhite.uasset" 550
"../../../../../../Users/SourApple/Documents/GitHub/AtHome_Internship/Content/Enemies/Demon/Mats_Texture/HairMat.uasset" 551
"../../../../../../Users/SourApple/Documents/GitHub/AtHome_Internship/Content/Enemies/Demon/Mats_Texture/Textures/Hair/Demon_Hair_Alpha.uasset" 552
"../../../../../../Users/SourApple/Documents/GitHub/AtHome_Internship/Content/Enemies/Demon/Mats_Texture/HairMat_Inst.uasset" 553
"../../../../../../Users/SourApple/Documents/GitHub/AtHome_Internship/Content/Enemies/Demon/Mats_Texture/HorseShoeMat.uasset" 554
"../../../../../../Users/SourApple/Documents/GitHub/AtHome_Internship/Content/Enemies/Demon/Mats_Texture/HorseShoeMat_Inst.uasset" 555
"../../../../../../Users/SourApple/Documents/GitHub/AtHome_Internship/Content/Enemies/Demon/Mats_Texture/Textures/Teeth/Demon_Teeth_Normal.uasset" 556
"../../../../../../Users/SourApple/Documents/GitHub/AtHome_Internship/Content/Enemies/Demon/Mats_Texture/Textures/Teeth/Demon_Teeth_Texture.uasset" 557
"../../../../../../Users/SourApple/Documents/GitHub/AtHome_Internship/Content/Enemies/Demon/Mats_Texture/TeethMat.uasset" 558
"../../../../../../Users/SourApple/Documents/GitHub/AtHome_Internship/Content/Enemies/Demon/Mats_Texture/TeethMat_Inst.uasset" 559
"../../../../../../Users/SourApple/Documents/GitHub/AtHome_Internship/Content/Enemies/Demon/MeshAndAnimations/Demon_Physics.uasset" 560
"../../../../../../Users/SourApple/Documents/GitHub/AtHome_Internship/Content/Enemies/Demon/MeshAndAnimations/Demon.uasset" 561
"../../../../../../Users/SourApple/Documents/GitHub/AtHome_Internship/Content/M5VFXVOL2/Textures/firesingle/bigfire_single.uasset" 562
"../../../../../../Users/SourApple/Documents/GitHub/AtHome_Internship/Content/M5VFXVOL2/Textures/Flow/disort_test2.uasset" 563
"../../../../../../Users/SourApple/Documents/GitHub/AtHome_Internship/Content/M5VFXVOL2/Textures/Flow/EmberNoise3.uasset" 564
"../../../../../../Users/SourApple/Documents/GitHub/AtHome_Internship/Content/M5VFXVOL2/Materials/Master/Distortion_Mat.uasset" 565
"../../../../../../Users/SourApple/Documents/GitHub/AtHome_Internship/Content/M5VFXVOL2/Materials/Distortion/Distortion_Mat_Inst2.uasset" 566
"../../../../../../Users/SourApple/Documents/GitHub/AtHome_Internship/Content/M5VFXVOL2/Textures/Flow/Flame.uasset" 567
"../../../../../../Users/SourApple/Documents/GitHub/AtHome_Internship/Content/M5VFXVOL2/Materials/Master/Basic_Emi_Mat.uasset" 568
"../../../../../../Users/SourApple/Documents/GitHub/AtHome_Internship/Content/M5VFXVOL2/Materials/Etc/Flame_Inst.uasset" 569
"../../../../../../Users/SourApple/Documents/GitHub/AtHome_Internship/Content/M5VFXVOL2/Textures/CandleFire/CandleFire_D.uasset" 570
"../../../../../../Users/SourApple/Documents/GitHub/AtHome_Internship/Content/M5VFXVOL2/Materials/Master/Sequence_Mat.uasset" 571
"../../../../../../Users/SourApple/Documents/GitHub/AtHome_Internship/Content/M5VFXVOL2/Textures/Fire/bigfireB_fwd.uasset" 572
"../../../../../../Users/SourApple/Documents/GitHub/AtHome_Internship/Content/M5VFXVOL2/Materials/Fire_Inst/bigfireB_fwd_Inst.uasset" 573
"../../../../../../Users/SourApple/Documents/GitHub/AtHome_Internship/Content/M5VFXVOL2/Textures/Fireloop/bonefire.uasset" 574
"../../../../../../Users/SourApple/Documents/GitHub/AtHome_Internship/Content/M5VFXVOL2/Materials/Fireloop_Inst/BoneFire_Inst.uasset" 575
"../../../../../../Users/SourApple/Documents/GitHub/AtHome_Internship/Content/M5VFXVOL2/Textures/Flow/Circle_normal.uasset" 576
"../../../../../../Users/SourApple/Documents/GitHub/AtHome_Internship/Content/M5VFXVOL2/Textures/smoke/0_6_smoke.uasset" 577
"../../../../../../Users/SourApple/Documents/GitHub/AtHome_Internship/Content/M5VFXVOL2/Materials/Master/Smoke1_Mat.uasset" 578
"../../../../../../Users/SourApple/Documents/GitHub/AtHome_Internship/Content/M5VFXVOL2/Textures/smoke/1_6_smoke2_1.uasset" 579
"../../../../../../Users/SourApple/Documents/GitHub/AtHome_Internship/Content/M5VFXVOL2/Materials/Smoke_Inst/1_6_smoke2_1_Inst.uasset" 580
"../../../../../../Users/SourApple/Documents/GitHub/AtHome_Internship/Content/M5VFXVOL2/Particles/Fire/Fire_02.uasset" 581
"../../../../../../Users/SourApple/Documents/GitHub/AtHome_Internship/Content/Sounds/6Monsters_DeadBaby_Death_03.uasset" 582
"../../../../../../Users/SourApple/Documents/GitHub/AtHome_Internship/Content/Sounds/Monster_Roar_Growl_009.uasset" 583
"../../../../../../Users/SourApple/Documents/GitHub/AtHome_Internship/Content/Enemies/Demon/BP_DemonAI.uasset" 584
"../../../../../../Users/SourApple/Documents/GitHub/AtHome_Internship/Content/Arena/BP/SplineMesh.uasset" 585
"../../../../../../Users/SourApple/Documents/GitHub/AtHome_Internship/Content/Arena/Materials/M_BricksWall_corn_Inst.uasset" 586
"../../../../../../Users/SourApple/Documents/GitHub/AtHome_Internship/Content/Arena/Meshes/SM_BricksWall_corn_02.uasset" 587
"../../../../../../Users/SourApple/Documents/GitHub/AtHome_Internship/Content/Arena/Meshes/SM_BricksWall_corn_03.uasset" 588
"../../../../../../Users/SourApple/Documents/GitHub/AtHome_Internship/Content/Arena/Meshes/SM_Tower_Base.uasset" 589
"../../../../../../Users/SourApple/Documents/GitHub/AtHome_Internship/Content/Arena/Textures/Masks/T_Tower_sm_roof_M.uasset" 590
"../../../../../../Users/SourApple/Documents/GitHub/AtHome_Internship/Content/Arena/Textures/Masks/T_Tower_sm_roof_N.uasset" 591
"../../../../../../Users/SourApple/Documents/GitHub/AtHome_Internship/Content/Arena/Materials/M_Tower_sm_roof_black_Inst.uasset" 592
"../../../../../../Users/SourApple/Documents/GitHub/AtHome_Internship/Content/Arena/Materials/M_Tower_sm_roof_white_Inst.uasset" 593
"../../../../../../Users/SourApple/Documents/GitHub/AtHome_Internship/Content/Arena/Meshes/SM_Tower_sm_roof.uasset" 594
"../../../../../../Users/SourApple/Documents/GitHub/AtHome_Internship/Content/Arena/Meshes/SM_Tower_Stage.uasset" 595
"../../../../../../Users/SourApple/Documents/GitHub/AtHome_Internship/Content/Arena/Textures/Masks/T_Arch_01_sm_N.uasset" 596
"../../../../../../Users/SourApple/Documents/GitHub/AtHome_Internship/Content/Arena/Textures/Masks/T_Arch_sm_M.uasset" 597
"../../../../../../Users/SourApple/Documents/GitHub/AtHome_Internship/Content/Arena/Materials/M_Arch_Inst.uasset" 598
"../../../../../../Users/SourApple/Documents/GitHub/AtHome_Internship/Content/Arena/Meshes/SM_Tower_Wall_W_01.uasset" 599
"../../../../../../Users/SourApple/Documents/GitHub/AtHome_Internship/Content/Arena/Meshes/BP_Tower_01.uasset" 600
"../../../../../../Users/SourApple/Documents/GitHub/AtHome_Internship/Content/Arena/Meshes/SM_Tower_Stage_destr.uasset" 601
"../../../../../../Users/SourApple/Documents/GitHub/AtHome_Internship/Content/Arena/Meshes/BP_Tower_03.uasset" 602
"../../../../../../Users/SourApple/Documents/GitHub/AtHome_Internship/Content/Arena/Meshes/BP_Tower_04.uasset" 603
"../../../../../../Users/SourApple/Documents/GitHub/AtHome_Internship/Content/Arena/Layers/Layer_01_LayerInfo.uasset" 604
"../../../../../../Users/SourApple/Documents/GitHub/AtHome_Internship/Content/Arena/Layers/Layer_02_LayerInfo.uasset" 605
"../../../../../../Users/SourApple/Documents/GitHub/AtHome_Internship/Content/Arena/Maps/Arena_Map_BuiltData.uasset" 606
"../../../../../../Users/SourApple/Documents/GitHub/AtHome_Internship/Content/Arena/Textures/T_Alpha_01.uasset" 607
"../../../../../../Users/SourApple/Documents/GitHub/AtHome_Internship/Content/Arena/Textures/T_Ground_02_Color.uasset" 608
"../../../../../../Users/SourApple/Documents/GitHub/AtHome_Internship/Content/Arena/Textures/T_Ground_02_N.uasset" 609
"../../../../../../Users/SourApple/Documents/GitHub/AtHome_Internship/Content/Arena/Materials/M_Decal_Master.uasset" 610
"../../../../../../Users/SourApple/Documents/GitHub/AtHome_Internship/Content/Arena/Materials/M_Leaks_01_Inst.uasset" 611
"../../../../../../Users/SourApple/Documents/GitHub/AtHome_Internship/Content/Arena/Materials/M_Leaks_01_var_Inst.uasset" 612
"../../../../../../Users/SourApple/Documents/GitHub/AtHome_Internship/Content/Arena/Textures/T_Alpha_02.uasset" 613
"../../../../../../Users/SourApple/Documents/GitHub/AtHome_Internship/Content/Arena/Materials/M_Leaks_02_Inst.uasset" 614
"../../../../../../Users/SourApple/Documents/GitHub/AtHome_Internship/Content/Arena/Textures/T_Ground_01_AORM.uasset" 615
"../../../../../../Users/SourApple/Documents/GitHub/AtHome_Internship/Content/Arena/Textures/T_Ground_01_Color.uasset" 616
"../../../../../../Users/SourApple/Documents/GitHub/AtHome_Internship/Content/Arena/Textures/T_Ground_01_H.uasset" 617
"../../../../../../Users/SourApple/Documents/GitHub/AtHome_Internship/Content/Arena/Textures/T_Ground_01_N.uasset" 618
"../../../../../../Users/SourApple/Documents/GitHub/AtHome_Internship/Content/Arena/Textures/T_Ground_02_AORM.uasset" 619
"../../../../../../Users/SourApple/Documents/GitHub/AtHome_Internship/Content/Arena/Materials/M_Terrain_Master.uasset" 620
"../../../../../../Users/SourApple/Documents/GitHub/AtHome_Internship/Content/Arena/Materials/M_Terrain_Master_Inst.uasset" 621
"../../../Engine/Content/EngineMaterials/DefaultPhysicalMaterial.uasset" 622
"../../../../../../Users/SourApple/Documents/GitHub/AtHome_Internship/Content/Arena/Textures/Masks/T_StoneFloor_M.uasset" 623
"../../../../../../Users/SourApple/Documents/GitHub/AtHome_Internship/Content/Arena/Textures/Masks/T_StoneFloor_N.uasset" 624
"../../../../../../Users/SourApple/Documents/GitHub/AtHome_Internship/Content/Arena/Materials/M_StoneFloor_Inst.uasset" 625
"../../../../../../Users/SourApple/Documents/GitHub/AtHome_Internship/Content/Arena/Meshes/Bricks/SM_Brick_04.uasset" 626
"../../../../../../Users/SourApple/Documents/GitHub/AtHome_Internship/Content/Arena/Meshes/Bricks/SM_Brick_05.uasset" 627
"../../../../../../Users/SourApple/Documents/GitHub/AtHome_Internship/Content/Arena/Meshes/Bricks/SM_Brick_06.uasset" 628
"../../../../../../Users/SourApple/Documents/GitHub/AtHome_Internship/Content/Arena/Meshes/Bricks/SM_Brick_07.uasset" 629
"../../../../../../Users/SourApple/Documents/GitHub/AtHome_Internship/Content/Arena/Meshes/Bricks/SM_Brick_09.uasset" 630
"../../../../../../Users/SourApple/Documents/GitHub/AtHome_Internship/Content/Arena/Meshes/Bricks/SM_Brick_10.uasset" 631
"../../../../../../Users/SourApple/Documents/GitHub/AtHome_Internship/Content/Arena/Meshes/Bricks/SM_Brick_12.uasset" 632
"../../../../../../Users/SourApple/Documents/GitHub/AtHome_Internship/Content/Arena/Meshes/Bricks/SM_Brick_13.uasset" 633
"../../../../../../Users/SourApple/Documents/GitHub/AtHome_Internship/Content/Arena/Meshes/Bricks/SM_Brick_14.uasset" 634
"../../../../../../Users/SourApple/Documents/GitHub/AtHome_Internship/Content/Arena/Meshes/Bricks/SM_Brick_15.uasset" 635
"../../../../../../Users/SourApple/Documents/GitHub/AtHome_Internship/Content/Arena/Meshes/Bricks/SM_Brick_16.uasset" 636
"../../../../../../Users/SourApple/Documents/GitHub/AtHome_Internship/Content/Arena/Meshes/Bricks/SM_BricksWall_01.uasset" 637
"../../../../../../Users/SourApple/Documents/GitHub/AtHome_Internship/Content/Arena/Meshes/Bricks/SM_BricksWall_02.uasset" 638
"../../../../../../Users/SourApple/Documents/GitHub/AtHome_Internship/Content/Arena/Meshes/Bricks/SM_BricksWall_03.uasset" 639
"../../../../../../Users/SourApple/Documents/GitHub/AtHome_Internship/Content/Arena/Meshes/Bricks/SM_BricksWall_04.uasset" 640
"../../../../../../Users/SourApple/Documents/GitHub/AtHome_Internship/Content/Arena/Meshes/Bricks/SM_BricksWall_05.uasset" 641
"../../../../../../Users/SourApple/Documents/GitHub/AtHome_Internship/Content/Arena/Textures/Masks/T_Arch_01_Stone_M.uasset" 642
"../../../../../../Users/SourApple/Documents/GitHub/AtHome_Internship/Content/Arena/Textures/Masks/T_Arch_01_Stone_N.uasset" 643
"../../../../../../Users/SourApple/Documents/GitHub/AtHome_Internship/Content/Arena/Materials/M_Arch_01_Stone_Inst.uasset" 644
"../../../../../../Users/SourApple/Documents/GitHub/AtHome_Internship/Content/Arena/Meshes/SM_Arch_01.uasset" 645
"../../../../../../Users/SourApple/Documents/GitHub/AtHome_Internship/Content/Arena/Meshes/SM_Arch_01_sm.uasset" 646
"../../../../../../Users/SourApple/Documents/GitHub/AtHome_Internship/Content/Arena/Meshes/SM_Arch_01_sm_Arena.uasset" 647
"../../../../../../Users/SourApple/Documents/GitHub/AtHome_Internship/Content/Arena/Meshes/SM_BricksWall_06.uasset" 648
"../../../../../../Users/SourApple/Documents/GitHub/AtHome_Internship/Content/Arena/Meshes/SM_BricksWall_07.uasset" 649
"../../../../../../Users/SourApple/Documents/GitHub/AtHome_Internship/Content/Arena/Meshes/SM_BricksWall_08_Trash.uasset" 650
"../../../../../../Users/SourApple/Documents/GitHub/AtHome_Internship/Content/Arena/Meshes/SM_BricksWall_09_Trash.uasset" 651
"../../../../../../Users/SourApple/Documents/GitHub/AtHome_Internship/Content/Arena/Meshes/SM_FloorStone_01.uasset" 652
"../../../../../../Users/SourApple/Documents/GitHub/AtHome_Internship/Content/Arena/Meshes/SM_FloorStone_03.uasset" 653
"../../../../../../Users/SourApple/Documents/GitHub/AtHome_Internship/Content/Arena/Textures/Meshes/T_Mountain_AORM.uasset" 654
"../../../../../../Users/SourApple/Documents/GitHub/AtHome_Internship/Content/Arena/Textures/Meshes/T_Mountain_Color.uasset" 655
"../../../../../../Users/SourApple/Documents/GitHub/AtHome_Internship/Content/Arena/Textures/Meshes/T_Mountain_N.uasset" 656
"../../../../../../Users/SourApple/Documents/GitHub/AtHome_Internship/Content/Arena/Materials/M_Mountain_01_Inst.uasset" 657
"../../../../../../Users/SourApple/Documents/GitHub/AtHome_Internship/Content/Arena/Meshes/SM_Mountain_01.uasset" 658
"../../../../../../Users/SourApple/Documents/GitHub/AtHome_Internship/Content/Arena/Meshes/SM_Stair_01.uasset" 659
"../../../../../../Users/SourApple/Documents/GitHub/AtHome_Internship/Content/Arena/Meshes/SM_Stair_02.uasset" 660
"../../../../../../Users/SourApple/Documents/GitHub/AtHome_Internship/Content/Arena/Meshes/SM_Tower_Decor_top.uasset" 661
"../../../../../../Users/SourApple/Documents/GitHub/AtHome_Internship/Content/Arena/Meshes/SM_Tower_Decor_top_apart.uasset" 662
"../../../../../../Users/SourApple/Documents/GitHub/AtHome_Internship/Content/Arena/Meshes/SM_Tower_Decor_top_mash_02.uasset" 663
"../../../../../../Users/SourApple/Documents/GitHub/AtHome_Internship/Content/Arena/Meshes/SM_Tower_Stage_destr_02.uasset" 664
"../../../../../../Users/SourApple/Documents/GitHub/AtHome_Internship/Content/Arena/Textures/Masks/T_Column_01_M.uasset" 665
"../../../../../../Users/SourApple/Documents/GitHub/AtHome_Internship/Content/Arena/Textures/Masks/T_Column_01_N.uasset" 666
"../../../../../../Users/SourApple/Documents/GitHub/AtHome_Internship/Content/Arena/Materials/M_Column_01_Inst.uasset" 667
"../../../../../../Users/SourApple/Documents/GitHub/AtHome_Internship/Content/Arena/Meshes/SM_Wall_01_Arch_01_Column_01.uasset" 668
"../../../../../../Users/SourApple/Documents/GitHub/AtHome_Internship/Content/Arena/Meshes/SM_Wall_4m.uasset" 669
"../../../../../../Users/SourApple/Documents/GitHub/AtHome_Internship/Content/Arena/Meshes/SM_Wall_Borders2_4m.uasset" 670
"../../../../../../Users/SourApple/Documents/GitHub/AtHome_Internship/Content/Arena/Meshes/SM_Wall_Borders_4m.uasset" 671
"../../../../../../Users/SourApple/Documents/GitHub/AtHome_Internship/Content/Arena/Maps/Arena_Map.umap" 672
"../../../../../../Users/SourApple/Documents/GitHub/AtHome_Internship/Content/Enemies/Demon/Test.umap" 673
"../../../../../../Users/SourApple/Documents/GitHub/AtHome_Internship/Content/MainMenu/Lv_MainMenu_BuiltData.uasset" 674
"../../../../../../Users/SourApple/Documents/GitHub/AtHome_Internship/Content/Image/HighresScreenshot00002.uasset" 675
"../../../../../../Users/SourApple/Documents/GitHub/AtHome_Internship/Content/MainMenu/UI/WB_MainMenu.uasset" 676
"../../../../../../Users/SourApple/Documents/GitHub/AtHome_Internship/Content/MainMenu/Lv_MainMenu.umap" 677
"../../../Engine/Content/Maps/Entry_BuiltData.uasset" 678
"../../../Engine/Content/Maps/Entry.umap" 679
