Log file open, 08/02/20 01:29:57
LogWindows: Failed to load 'aqProf.dll' (GetLastError=126)
LogWindows: File 'aqProf.dll' does not exist
LogWindows: Failed to load 'VtuneApi.dll' (GetLastError=126)
LogWindows: File 'VtuneApi.dll' does not exist
LogWindows: Failed to load 'VtuneApi32e.dll' (GetLastError=126)
LogWindows: File 'VtuneApi32e.dll' does not exist
LogConsoleResponse: Display: Failed to find resolution value strings in scalability ini. Falling back to default.
LogInit: Display: Running engine for game: Final_Project
LogPlatformFile: Not using cached read wrapper
LogTaskGraph: Started task graph with 5 named threads and 35 total threads with 3 sets of task threads.
LogStats: Stats thread started at 0.070364
LogD3D11RHI: Loaded GFSDK_Aftermath_Lib.x64.dll
LogICUInternationalization: ICU TimeZone Detection - Raw Offset: -5:00, Platform Override: ''
LogPluginManager: Mounting plugin Paper2D
LogPluginManager: Mounting plugin AISupport
LogPluginManager: Mounting plugin LightPropagationVolume
LogPluginManager: Mounting plugin ActorLayerUtilities
LogPluginManager: Mounting plugin AnimationSharing
LogPluginManager: Mounting plugin CLionSourceCodeAccess
LogPluginManager: Mounting plugin CodeLiteSourceCodeAccess
LogPluginManager: Mounting plugin GitSourceControl
LogPluginManager: Mounting plugin KDevelopSourceCodeAccess
LogPluginManager: Mounting plugin NullSourceCodeAccess
LogPluginManager: Mounting plugin PerforceSourceControl
LogPluginManager: Mounting plugin PlasticSourceControl
LogPluginManager: Mounting plugin SubversionSourceControl
LogPluginManager: Mounting plugin UObjectPlugin
LogPluginManager: Mounting plugin VisualStudioCodeSourceCodeAccess
LogPluginManager: Mounting plugin VisualStudioSourceCodeAccess
LogPluginManager: Mounting plugin XCodeSourceCodeAccess
LogPluginManager: Mounting plugin AssetManagerEditor
LogPluginManager: Mounting plugin CryptoKeys
LogPluginManager: Mounting plugin CurveEditorTools
LogPluginManager: Mounting plugin DataValidation
LogPluginManager: Mounting plugin EditorScriptingUtilities
LogPluginManager: Mounting plugin FacialAnimation
LogPluginManager: Mounting plugin GameplayTagsEditor
LogPluginManager: Mounting plugin MacGraphicsSwitching
LogPluginManager: Mounting plugin MaterialAnalyzer
LogPluginManager: Mounting plugin MobileLauncherProfileWizard
LogPluginManager: Mounting plugin PluginBrowser
LogPluginManager: Mounting plugin SpeedTreeImporter
LogPluginManager: Mounting plugin DatasmithContent
LogPluginManager: Mounting plugin VariantManagerContent
LogPluginManager: Mounting plugin AlembicImporter
LogPluginManager: Mounting plugin AutomationUtils
LogPluginManager: Mounting plugin BackChannel
LogPluginManager: Mounting plugin CharacterAI
LogPluginManager: Mounting plugin GeometryCache
LogPluginManager: Mounting plugin PlatformCrypto
LogPluginManager: Mounting plugin ProxyLODPlugin
LogPluginManager: Mounting plugin PythonScriptPlugin
LogPluginManager: Mounting plugin SkeletalReduction
LogPluginManager: Mounting plugin MagicLeap
LogPluginManager: Mounting plugin MagicLeapMedia
LogPluginManager: Mounting plugin MLSDK
LogPluginManager: Mounting plugin AssetsCleaner
LogPluginManager: Mounting plugin AndroidMedia
LogPluginManager: Mounting plugin AvfMedia
LogPluginManager: Mounting plugin ImgMedia
LogPluginManager: Mounting plugin MediaCompositing
LogPluginManager: Mounting plugin MediaPlayerEditor
LogPluginManager: Mounting plugin WebMMedia
LogPluginManager: Mounting plugin WmfMedia
LogPluginManager: Mounting plugin MegascansPlugin
LogPluginManager: Mounting plugin TcpMessaging
LogPluginManager: Mounting plugin UdpMessaging
LogPluginManager: Mounting plugin ActorSequence
LogPluginManager: Mounting plugin LevelSequenceEditor
LogPluginManager: Mounting plugin MatineeToLevelSequence
LogPluginManager: Mounting plugin NetcodeUnitTest
LogPluginManager: Mounting plugin NUTUnrealEngine4
LogPluginManager: Mounting plugin OnlineSubsystemGooglePlay
LogPluginManager: Mounting plugin OnlineSubsystemIOS
LogPluginManager: Mounting plugin OnlineSubsystem
LogPluginManager: Mounting plugin OnlineSubsystemNull
LogPluginManager: Mounting plugin OnlineSubsystemUtils
LogPluginManager: Mounting plugin LauncherChunkInstaller
LogPluginManager: Mounting plugin AndroidDeviceProfileSelector
LogPluginManager: Mounting plugin AndroidMoviePlayer
LogPluginManager: Mounting plugin AndroidPermission
LogPluginManager: Mounting plugin AppleImageUtils
LogPluginManager: Mounting plugin AppleMoviePlayer
LogPluginManager: Mounting plugin ArchVisCharacter
LogPluginManager: Mounting plugin AssetTags
LogPluginManager: Mounting plugin AudioCapture
LogPluginManager: Mounting plugin CableComponent
LogPluginManager: Mounting plugin CustomMeshComponent
LogPluginManager: Mounting plugin EditableMesh
LogPluginManager: Mounting plugin ExampleDeviceProfileSelector
LogPluginManager: Mounting plugin GoogleCloudMessaging
LogPluginManager: Mounting plugin IOSDeviceProfileSelector
LogPluginManager: Mounting plugin LinuxDeviceProfileSelector
LogPluginManager: Mounting plugin LocationServicesBPLibrary
LogPluginManager: Mounting plugin MobilePatchingUtils
LogPluginManager: Mounting plugin OculusVR
LogPluginManager: Mounting plugin PhysXVehicles
LogPluginManager: Mounting plugin PostSplashScreen
LogPluginManager: Mounting plugin ProceduralMeshComponent
LogPluginManager: Mounting plugin RuntimePhysXCooking
LogPluginManager: Mounting plugin SignificanceManager
LogPluginManager: Mounting plugin SteamVR
LogPluginManager: Mounting plugin WebMMoviePlayer
LogPluginManager: Mounting plugin WindowsMoviePlayer
LogPluginManager: Mounting plugin ScreenshotTools
LogInit: Using libcurl 7.55.1-DEV
LogInit:  - built for x86_64-pc-win32
LogInit:  - supports SSL with OpenSSL/1.1.1
LogInit:  - supports HTTP deflate (compression) using libz 1.2.8
LogInit:  - other features:
LogInit:      CURL_VERSION_SSL
LogInit:      CURL_VERSION_LIBZ
LogInit:      CURL_VERSION_IPV6
LogInit:      CURL_VERSION_ASYNCHDNS
LogInit:      CURL_VERSION_LARGEFILE
LogInit:      CURL_VERSION_IDN
LogInit:  CurlRequestOptions (configurable via config and command line):
LogInit:  - bVerifyPeer = true  - Libcurl will verify peer certificate
LogInit:  - bUseHttpProxy = false  - Libcurl will NOT use HTTP proxy
LogInit:  - bDontReuseConnections = false  - Libcurl will reuse connections
LogInit:  - MaxHostConnections = 16  - Libcurl will limit the number of connections to a host
LogInit:  - LocalHostAddr = Default
LogInit:  - BufferSize = 65536
LogOnline: OSS: Creating online subsystem instance for: NULL
LogInit: WinSock: version 1.1 (2.2), MaxSocks=32767, MaxUdp=65467
LogOnline: OSS: TryLoadSubsystemAndSetDefault: Loaded subsystem for module [NULL]
LogInit: Build: ++UE4+Release-4.24-CL-11590370
LogInit: Engine Version: 4.24.3-11590370+++UE4+Release-4.24
LogInit: Compatible Engine Version: 4.24.0-10570792+++UE4+Release-4.24
LogInit: Net CL: 10570792
LogInit: OS: Windows 10 (Release 1903) (), CPU: Intel(R) Core(TM) i7-8750H CPU @ 2.20GHz, GPU: Intel(R) UHD Graphics 630
LogInit: Compiled (64-bit): Feb 24 2020 15:39:18
LogInit: Compiled with Visual C++: 19.16.27032.01
LogInit: Build Configuration: Development
LogInit: Branch Name: ++UE4+Release-4.24
LogInit: Command Line:  /Game/MainMenu/Lv_MainMenu -game -PIEVIACONSOLE -ResX=1280 -ResY=720 -Multiprocess -messaging -SessionName="Play in Standalone Game" -windowed
LogInit: Base Directory: C:/Program Files/Epic Games/UE_4.24/Engine/Binaries/Win64/
LogInit: Installed Engine Build: 1
LogDevObjectVersion: Number of dev versions registered: 25
LogDevObjectVersion:   Dev-Blueprints (B0D832E4-1F89-4F0D-ACCF-7EB736FD4AA2): 10
LogDevObjectVersion:   Dev-Build (E1C64328-A22C-4D53-A36C-8E866417BD8C): 0
LogDevObjectVersion:   Dev-Core (375EC13C-06E4-48FB-B500-84F0262A717E): 3
LogDevObjectVersion:   Dev-Editor (E4B068ED-F494-42E9-A231-DA0B2E46BB41): 37
LogDevObjectVersion:   Dev-Framework (CFFC743F-43B0-4480-9391-14DF171D2073): 36
LogDevObjectVersion:   Dev-Mobile (B02B49B5-BB20-44E9-A304-32B752E40360): 2
LogDevObjectVersion:   Dev-Networking (A4E4105C-59A1-49B5-A7C5-40C4547EDFEE): 0
LogDevObjectVersion:   Dev-Online (39C831C9-5AE6-47DC-9A44-9C173E1C8E7C): 0
LogDevObjectVersion:   Dev-Physics (78F01B33-EBEA-4F98-B9B4-84EACCB95AA2): 2
LogDevObjectVersion:   Dev-Platform (6631380F-2D4D-43E0-8009-CF276956A95A): 0
LogDevObjectVersion:   Dev-Rendering (12F88B9F-8875-4AFC-A67C-D90C383ABD29): 36
LogDevObjectVersion:   Dev-Sequencer (7B5AE74C-D270-4C10-A958-57980B212A5A): 11
LogDevObjectVersion:   Dev-VR (D7296918-1DD6-4BDD-9DE2-64A83CC13884): 2
LogDevObjectVersion:   Dev-LoadTimes (C2A15278-BFE7-4AFE-6C17-90FF531DF755): 1
LogDevObjectVersion:   Private-Geometry (6EACA3D4-40EC-4CC1-B786-8BED09428FC5): 3
LogDevObjectVersion:   Dev-AnimPhys (29E575DD-E0A3-4627-9D10-D276232CDCEA): 17
LogDevObjectVersion:   Dev-Anim (AF43A65D-7FD3-4947-9873-3E8ED9C1BB05): 2
LogDevObjectVersion:   Dev-ReflectionCapture (6B266CEC-1EC7-4B8F-A30B-E4D90942FC07): 1
LogDevObjectVersion:   Dev-Automation (0DF73D61-A23F-47EA-B727-89E90C41499A): 1
LogDevObjectVersion:   FortniteMain (601D1886-AC64-4F84-AA16-D3DE0DEAC7D6): 31
LogDevObjectVersion:   Dev-Enterprise (9DFFBCD6-494F-0158-E221-12823C92A888): 8
LogDevObjectVersion:   Dev-Niagara (F2AED0AC-9AFE-416F-8664-AA7FFA26D6FC): 1
LogDevObjectVersion:   Dev-Destruction (174F1F0B-B4C6-45A5-B13F-2EE8D0FB917D): 9
LogDevObjectVersion:   Dev-Physics-Ext (35F94A83-E258-406C-A318-09F59610247C): 8
LogDevObjectVersion:   Dev-CineCamera (B2E18506-4273-CFC2-A54E-F4BB758BBA07): 1
LogInit: Presizing for max 25165824 objects, including 0 objects not considered by GC, pre-allocating 0 bytes for permanent pool.
LogInit: Object subsystem initialized
LogConfig: Setting CVar [[con.DebugEarlyDefault:1]]
LogConfig: Setting CVar [[r.setres:1280x720]]
[2020.08.02-05.29.57:547][  0]LogConfig: Setting CVar [[con.DebugEarlyDefault:1]]
[2020.08.02-05.29.57:547][  0]LogConfig: Setting CVar [[r.setres:1280x720]]
[2020.08.02-05.29.57:547][  0]LogConfig: Applying CVar settings from Section [/Script/Engine.RendererSettings] File [C:/Users/SourApple/Documents/GitHub/AtHome_Internship/Saved/Config/Windows/Engine.ini]
[2020.08.02-05.29.57:547][  0]LogConfig: Setting CVar [[r.GPUCrashDebugging:0]]
[2020.08.02-05.29.57:547][  0]LogConfig: Applying CVar settings from Section [/Script/Engine.RendererOverrideSettings] File [C:/Users/SourApple/Documents/GitHub/AtHome_Internship/Saved/Config/Windows/Engine.ini]
[2020.08.02-05.29.57:547][  0]LogConfig: Applying CVar settings from Section [/Script/Engine.StreamingSettings] File [C:/Users/SourApple/Documents/GitHub/AtHome_Internship/Saved/Config/Windows/Engine.ini]
[2020.08.02-05.29.57:547][  0]LogConfig: Setting CVar [[s.MinBulkDataSizeForAsyncLoading:131072]]
[2020.08.02-05.29.57:547][  0]LogConfig: Setting CVar [[s.AsyncLoadingThreadEnabled:0]]
[2020.08.02-05.29.57:547][  0]LogConfig: Setting CVar [[s.EventDrivenLoaderEnabled:1]]
[2020.08.02-05.29.57:547][  0]LogConfig: Setting CVar [[s.WarnIfTimeLimitExceeded:0]]
[2020.08.02-05.29.57:547][  0]LogConfig: Setting CVar [[s.TimeLimitExceededMultiplier:1.5]]
[2020.08.02-05.29.57:547][  0]LogConfig: Setting CVar [[s.TimeLimitExceededMinTime:0.005]]
[2020.08.02-05.29.57:547][  0]LogConfig: Setting CVar [[s.UseBackgroundLevelStreaming:1]]
[2020.08.02-05.29.57:547][  0]LogConfig: Setting CVar [[s.PriorityAsyncLoadingExtraTime:15.0]]
[2020.08.02-05.29.57:547][  0]LogConfig: Setting CVar [[s.LevelStreamingActorsUpdateTimeLimit:5.0]]
[2020.08.02-05.29.57:547][  0]LogConfig: Setting CVar [[s.PriorityLevelStreamingActorsUpdateExtraTime:5.0]]
[2020.08.02-05.29.57:547][  0]LogConfig: Setting CVar [[s.LevelStreamingComponentsRegistrationGranularity:10]]
[2020.08.02-05.29.57:547][  0]LogConfig: Setting CVar [[s.UnregisterComponentsTimeLimit:1.0]]
[2020.08.02-05.29.57:547][  0]LogConfig: Setting CVar [[s.LevelStreamingComponentsUnregistrationGranularity:5]]
[2020.08.02-05.29.57:547][  0]LogConfig: Setting CVar [[s.FlushStreamingOnExit:1]]
[2020.08.02-05.29.57:547][  0]LogConfig: Applying CVar settings from Section [/Script/Engine.GarbageCollectionSettings] File [C:/Users/SourApple/Documents/GitHub/AtHome_Internship/Saved/Config/Windows/Engine.ini]
[2020.08.02-05.29.57:548][  0]LogConfig: Setting CVar [[gc.MaxObjectsNotConsideredByGC:1]]
[2020.08.02-05.29.57:548][  0]LogConfig: Setting CVar [[gc.SizeOfPermanentObjectPool:0]]
[2020.08.02-05.29.57:548][  0]LogConfig: Setting CVar [[gc.FlushStreamingOnGC:0]]
[2020.08.02-05.29.57:548][  0]LogConfig: Setting CVar [[gc.NumRetriesBeforeForcingGC:10]]
[2020.08.02-05.29.57:548][  0]LogConfig: Setting CVar [[gc.AllowParallelGC:1]]
[2020.08.02-05.29.57:548][  0]LogConfig: Setting CVar [[gc.TimeBetweenPurgingPendingKillObjects:61.1]]
[2020.08.02-05.29.57:548][  0]LogConfig: Setting CVar [[gc.MaxObjectsInEditor:25165824]]
[2020.08.02-05.29.57:548][  0]LogConfig: Setting CVar [[gc.IncrementalBeginDestroyEnabled:1]]
[2020.08.02-05.29.57:548][  0]LogConfig: Setting CVar [[gc.CreateGCClusters:1]]
[2020.08.02-05.29.57:548][  0]LogConfig: Setting CVar [[gc.MinGCClusterSize:5]]
[2020.08.02-05.29.57:548][  0]LogConfig: Setting CVar [[gc.ActorClusteringEnabled:0]]
[2020.08.02-05.29.57:548][  0]LogConfig: Setting CVar [[gc.BlueprintClusteringEnabled:0]]
[2020.08.02-05.29.57:548][  0]LogConfig: Setting CVar [[gc.UseDisregardForGCOnDedicatedServers:0]]
[2020.08.02-05.29.57:548][  0]LogConfig: Applying CVar settings from Section [/Script/Engine.NetworkSettings] File [C:/Users/SourApple/Documents/GitHub/AtHome_Internship/Saved/Config/Windows/Engine.ini]
[2020.08.02-05.29.57:548][  0]LogConfig: Applying CVar settings from Section [/Script/UnrealEd.CookerSettings] File [C:/Users/SourApple/Documents/GitHub/AtHome_Internship/Saved/Config/Windows/Engine.ini]
[2020.08.02-05.29.57:551][  0]LogConfig: Applying CVar settings from Section [ViewDistanceQuality@3] File [C:/Users/SourApple/Documents/GitHub/AtHome_Internship/Saved/Config/Windows/Scalability.ini]
[2020.08.02-05.29.57:551][  0]LogConfig: Setting CVar [[r.SkeletalMeshLODBias:0]]
[2020.08.02-05.29.57:551][  0]LogConfig: Setting CVar [[r.ViewDistanceScale:1.0]]
[2020.08.02-05.29.57:551][  0]LogConfig: Applying CVar settings from Section [AntiAliasingQuality@3] File [C:/Users/SourApple/Documents/GitHub/AtHome_Internship/Saved/Config/Windows/Scalability.ini]
[2020.08.02-05.29.57:551][  0]LogConfig: Setting CVar [[r.PostProcessAAQuality:4]]
[2020.08.02-05.29.57:551][  0]LogConfig: Applying CVar settings from Section [ShadowQuality@3] File [C:/Users/SourApple/Documents/GitHub/AtHome_Internship/Saved/Config/Windows/Scalability.ini]
[2020.08.02-05.29.57:551][  0]LogConfig: Setting CVar [[r.LightFunctionQuality:1]]
[2020.08.02-05.29.57:551][  0]LogConfig: Setting CVar [[r.ShadowQuality:5]]
[2020.08.02-05.29.57:551][  0]LogConfig: Setting CVar [[r.Shadow.CSM.MaxCascades:10]]
[2020.08.02-05.29.57:551][  0]LogConfig: Setting CVar [[r.Shadow.MaxResolution:2048]]
[2020.08.02-05.29.57:551][  0]LogConfig: Setting CVar [[r.Shadow.MaxCSMResolution:2048]]
[2020.08.02-05.29.57:551][  0]LogConfig: Setting CVar [[r.Shadow.RadiusThreshold:0.01]]
[2020.08.02-05.29.57:551][  0]LogConfig: Setting CVar [[r.Shadow.DistanceScale:1.0]]
[2020.08.02-05.29.57:551][  0]LogConfig: Setting CVar [[r.Shadow.CSM.TransitionScale:1.0]]
[2020.08.02-05.29.57:551][  0]LogConfig: Setting CVar [[r.Shadow.PreShadowResolutionFactor:1.0]]
[2020.08.02-05.29.57:551][  0]LogConfig: Setting CVar [[r.DistanceFieldShadowing:1]]
[2020.08.02-05.29.57:551][  0]LogConfig: Setting CVar [[r.DistanceFieldAO:1]]
[2020.08.02-05.29.57:551][  0]LogConfig: Setting CVar [[r.AOQuality:2]]
[2020.08.02-05.29.57:551][  0]LogConfig: Setting CVar [[r.VolumetricFog:1]]
[2020.08.02-05.29.57:551][  0]LogConfig: Setting CVar [[r.VolumetricFog.GridPixelSize:8]]
[2020.08.02-05.29.57:551][  0]LogConfig: Setting CVar [[r.VolumetricFog.GridSizeZ:128]]
[2020.08.02-05.29.57:551][  0]LogConfig: Setting CVar [[r.VolumetricFog.HistoryMissSupersampleCount:4]]
[2020.08.02-05.29.57:551][  0]LogConfig: Setting CVar [[r.LightMaxDrawDistanceScale:1]]
[2020.08.02-05.29.57:551][  0]LogConfig: Setting CVar [[r.CapsuleShadows:1]]
[2020.08.02-05.29.57:551][  0]LogConfig: Applying CVar settings from Section [PostProcessQuality@3] File [C:/Users/SourApple/Documents/GitHub/AtHome_Internship/Saved/Config/Windows/Scalability.ini]
[2020.08.02-05.29.57:551][  0]LogConfig: Setting CVar [[r.MotionBlurQuality:4]]
[2020.08.02-05.29.57:551][  0]LogConfig: Setting CVar [[r.AmbientOcclusionMipLevelFactor:0.4]]
[2020.08.02-05.29.57:551][  0]LogConfig: Setting CVar [[r.AmbientOcclusionMaxQuality:100]]
[2020.08.02-05.29.57:551][  0]LogConfig: Setting CVar [[r.AmbientOcclusionLevels:-1]]
[2020.08.02-05.29.57:551][  0]LogConfig: Setting CVar [[r.AmbientOcclusionRadiusScale:1.0]]
[2020.08.02-05.29.57:551][  0]LogConfig: Setting CVar [[r.DepthOfFieldQuality:2]]
[2020.08.02-05.29.57:551][  0]LogConfig: Setting CVar [[r.RenderTargetPoolMin:400]]
[2020.08.02-05.29.57:551][  0]LogConfig: Setting CVar [[r.LensFlareQuality:2]]
[2020.08.02-05.29.57:551][  0]LogConfig: Setting CVar [[r.SceneColorFringeQuality:1]]
[2020.08.02-05.29.57:551][  0]LogConfig: Setting CVar [[r.EyeAdaptationQuality:2]]
[2020.08.02-05.29.57:551][  0]LogConfig: Setting CVar [[r.BloomQuality:5]]
[2020.08.02-05.29.57:551][  0]LogConfig: Setting CVar [[r.FastBlurThreshold:100]]
[2020.08.02-05.29.57:551][  0]LogConfig: Setting CVar [[r.Upscale.Quality:3]]
[2020.08.02-05.29.57:551][  0]LogConfig: Setting CVar [[r.Tonemapper.GrainQuantization:1]]
[2020.08.02-05.29.57:551][  0]LogConfig: Setting CVar [[r.LightShaftQuality:1]]
[2020.08.02-05.29.57:551][  0]LogConfig: Setting CVar [[r.Filter.SizeScale:1]]
[2020.08.02-05.29.57:551][  0]LogConfig: Setting CVar [[r.Tonemapper.Quality:5]]
[2020.08.02-05.29.57:551][  0]LogConfig: Setting CVar [[r.DOF.Gather.AccumulatorQuality:1        ; higher gathering accumulator quality]]
[2020.08.02-05.29.57:551][  0]LogConfig: Setting CVar [[r.DOF.Gather.PostfilterMethod:1          ; Median3x3 postfilering method]]
[2020.08.02-05.29.57:551][  0]LogConfig: Setting CVar [[r.DOF.Gather.EnableBokehSettings:0       ; no bokeh simulation when gathering]]
[2020.08.02-05.29.57:551][  0]LogConfig: Setting CVar [[r.DOF.Gather.RingCount:4                 ; medium number of samples when gathering]]
[2020.08.02-05.29.57:552][  0]LogConfig: Setting CVar [[r.DOF.Scatter.ForegroundCompositing:1    ; additive foreground scattering]]
[2020.08.02-05.29.57:552][  0]LogConfig: Setting CVar [[r.DOF.Scatter.BackgroundCompositing:2    ; additive background scattering]]
[2020.08.02-05.29.57:552][  0]LogConfig: Setting CVar [[r.DOF.Scatter.EnableBokehSettings:1      ; bokeh simulation when scattering]]
[2020.08.02-05.29.57:552][  0]LogConfig: Setting CVar [[r.DOF.Scatter.MaxSpriteRatio:0.1         ; only a maximum of 10% of scattered bokeh]]
[2020.08.02-05.29.57:552][  0]LogConfig: Setting CVar [[r.DOF.Recombine.Quality:1                ; cheap slight out of focus]]
[2020.08.02-05.29.57:552][  0]LogConfig: Setting CVar [[r.DOF.Recombine.EnableBokehSettings:0    ; no bokeh simulation on slight out of focus]]
[2020.08.02-05.29.57:552][  0]LogConfig: Setting CVar [[r.DOF.TemporalAAQuality:1                ; more stable temporal accumulation]]
[2020.08.02-05.29.57:552][  0]LogConfig: Setting CVar [[r.DOF.Kernel.MaxForegroundRadius:0.025]]
[2020.08.02-05.29.57:552][  0]LogConfig: Setting CVar [[r.DOF.Kernel.MaxBackgroundRadius:0.025]]
[2020.08.02-05.29.57:552][  0]LogConfig: Applying CVar settings from Section [TextureQuality@3] File [C:/Users/SourApple/Documents/GitHub/AtHome_Internship/Saved/Config/Windows/Scalability.ini]
[2020.08.02-05.29.57:552][  0]LogConfig: Setting CVar [[r.Streaming.MipBias:0]]
[2020.08.02-05.29.57:552][  0]LogConfig: Setting CVar [[r.Streaming.AmortizeCPUToGPUCopy:0]]
[2020.08.02-05.29.57:552][  0]LogConfig: Setting CVar [[r.Streaming.MaxNumTexturesToStreamPerFrame:0]]
[2020.08.02-05.29.57:552][  0]LogConfig: Setting CVar [[r.Streaming.Boost:1]]
[2020.08.02-05.29.57:552][  0]LogConfig: Setting CVar [[r.MaxAnisotropy:8]]
[2020.08.02-05.29.57:552][  0]LogConfig: Setting CVar [[r.VT.MaxAnisotropy:8]]
[2020.08.02-05.29.57:552][  0]LogConfig: Setting CVar [[r.Streaming.LimitPoolSizeToVRAM:0]]
[2020.08.02-05.29.57:552][  0]LogConfig: Setting CVar [[r.Streaming.PoolSize:1000]]
[2020.08.02-05.29.57:552][  0]LogConfig: Setting CVar [[r.Streaming.MaxEffectiveScreenSize:0]]
[2020.08.02-05.29.57:552][  0]LogConfig: Applying CVar settings from Section [EffectsQuality@3] File [C:/Users/SourApple/Documents/GitHub/AtHome_Internship/Saved/Config/Windows/Scalability.ini]
[2020.08.02-05.29.57:552][  0]LogConfig: Setting CVar [[r.TranslucencyLightingVolumeDim:64]]
[2020.08.02-05.29.57:552][  0]LogConfig: Setting CVar [[r.RefractionQuality:2]]
[2020.08.02-05.29.57:552][  0]LogConfig: Setting CVar [[r.SSR.Quality:3]]
[2020.08.02-05.29.57:552][  0]LogConfig: Setting CVar [[r.SSR.HalfResSceneColor:0]]
[2020.08.02-05.29.57:552][  0]LogConfig: Setting CVar [[r.SceneColorFormat:4]]
[2020.08.02-05.29.57:552][  0]LogConfig: Setting CVar [[r.DetailMode:2]]
[2020.08.02-05.29.57:552][  0]LogConfig: Setting CVar [[r.TranslucencyVolumeBlur:1]]
[2020.08.02-05.29.57:552][  0]LogConfig: Setting CVar [[r.MaterialQualityLevel:1 ; High quality]]
[2020.08.02-05.29.57:552][  0]LogConfig: Setting CVar [[r.SSS.Scale:1]]
[2020.08.02-05.29.57:552][  0]LogConfig: Setting CVar [[r.SSS.SampleSet:2]]
[2020.08.02-05.29.57:552][  0]LogConfig: Setting CVar [[r.SSS.Quality:1]]
[2020.08.02-05.29.57:552][  0]LogConfig: Setting CVar [[r.SSS.HalfRes:1]]
[2020.08.02-05.29.57:552][  0]LogConfig: Setting CVar [[r.SSGI.Quality:3]]
[2020.08.02-05.29.57:552][  0]LogConfig: Setting CVar [[r.EmitterSpawnRateScale:1.0]]
[2020.08.02-05.29.57:552][  0]LogConfig: Setting CVar [[r.ParticleLightQuality:2]]
[2020.08.02-05.29.57:552][  0]LogConfig: Setting CVar [[r.SkyAtmosphere.AerialPerspectiveLUT.FastApplyOnOpaque:1 ; Always have FastSkyLUT 1 in this case to avoid wrong sky]]
[2020.08.02-05.29.57:552][  0]LogConfig: Setting CVar [[r.SkyAtmosphere.AerialPerspectiveLUT.SampleCountPerSlice:1]]
[2020.08.02-05.29.57:552][  0]LogConfig: Setting CVar [[r.SkyAtmosphere.AerialPerspectiveLUT.DepthResolution:16.0]]
[2020.08.02-05.29.57:552][  0]LogConfig: Setting CVar [[r.SkyAtmosphere.FastSkyLUT:1]]
[2020.08.02-05.29.57:552][  0]LogConfig: Setting CVar [[r.SkyAtmosphere.FastSkyLUT.SampleCountMin:4.0]]
[2020.08.02-05.29.57:552][  0]LogConfig: Setting CVar [[r.SkyAtmosphere.FastSkyLUT.SampleCountMax:32.0]]
[2020.08.02-05.29.57:552][  0]LogConfig: Setting CVar [[r.SkyAtmosphere.SampleCountMin:4.0]]
[2020.08.02-05.29.57:552][  0]LogConfig: Setting CVar [[r.SkyAtmosphere.SampleCountMax:32.0]]
[2020.08.02-05.29.57:552][  0]LogConfig: Setting CVar [[r.SkyAtmosphere.TransmittanceLUT.UseSmallFormat:0]]
[2020.08.02-05.29.57:552][  0]LogConfig: Setting CVar [[r.SkyAtmosphere.TransmittanceLUT.SampleCount:10.0]]
[2020.08.02-05.29.57:552][  0]LogConfig: Setting CVar [[r.SkyAtmosphere.MultiScatteringLUT.SampleCount:15.0]]
[2020.08.02-05.29.57:552][  0]LogConfig: Applying CVar settings from Section [FoliageQuality@3] File [C:/Users/SourApple/Documents/GitHub/AtHome_Internship/Saved/Config/Windows/Scalability.ini]
[2020.08.02-05.29.57:552][  0]LogConfig: Setting CVar [[foliage.DensityScale:1.0]]
[2020.08.02-05.29.57:552][  0]LogConfig: Setting CVar [[grass.DensityScale:1.0]]
[2020.08.02-05.29.57:552][  0]LogConfig: Applying CVar settings from Section [ShadingQuality@3] File [C:/Users/SourApple/Documents/GitHub/AtHome_Internship/Saved/Config/Windows/Scalability.ini]
[2020.08.02-05.29.57:552][  0]LogConfig: Setting CVar [[r.HairStrands.SkyLighting.SampleCount:16]]
[2020.08.02-05.29.57:552][  0]LogConfig: Setting CVar [[r.HairStrands.SkyLighting.JitterIntegration:0]]
[2020.08.02-05.29.57:552][  0]LogConfig: Setting CVar [[r.HairStrands.SkyAO.SampleCount:16]]
[2020.08.02-05.29.57:552][  0]LogInit: Selected Device Profile: [Windows]
[2020.08.02-05.29.57:552][  0]LogInit: Applying CVar settings loaded from the selected device profile: [Windows]
[2020.08.02-05.29.57:555][  0]LogHAL: Display: Platform has ~ 16 GB [17019023360 / 17179869184 / 16], which maps to Larger [LargestMinGB=32, LargerMinGB=12, DefaultMinGB=8, SmallerMinGB=6, SmallestMinGB=0)
[2020.08.02-05.29.57:555][  0]LogInit: Going up to parent DeviceProfile []
[2020.08.02-05.29.57:555][  0]LogConfig: Applying CVar settings from Section [ViewDistanceQuality@3] File [C:/Users/SourApple/Documents/GitHub/AtHome_Internship/Saved/Config/Windows/Scalability.ini]
[2020.08.02-05.29.57:555][  0]LogConfig: Setting CVar [[r.SkeletalMeshLODBias:0]]
[2020.08.02-05.29.57:555][  0]LogConfig: Setting CVar [[r.ViewDistanceScale:1.0]]
[2020.08.02-05.29.57:555][  0]LogConfig: Applying CVar settings from Section [AntiAliasingQuality@3] File [C:/Users/SourApple/Documents/GitHub/AtHome_Internship/Saved/Config/Windows/Scalability.ini]
[2020.08.02-05.29.57:555][  0]LogConfig: Setting CVar [[r.PostProcessAAQuality:4]]
[2020.08.02-05.29.57:555][  0]LogConfig: Applying CVar settings from Section [ShadowQuality@3] File [C:/Users/SourApple/Documents/GitHub/AtHome_Internship/Saved/Config/Windows/Scalability.ini]
[2020.08.02-05.29.57:555][  0]LogConfig: Setting CVar [[r.LightFunctionQuality:1]]
[2020.08.02-05.29.57:555][  0]LogConfig: Setting CVar [[r.ShadowQuality:5]]
[2020.08.02-05.29.57:555][  0]LogConfig: Setting CVar [[r.Shadow.CSM.MaxCascades:10]]
[2020.08.02-05.29.57:555][  0]LogConfig: Setting CVar [[r.Shadow.MaxResolution:2048]]
[2020.08.02-05.29.57:555][  0]LogConfig: Setting CVar [[r.Shadow.MaxCSMResolution:2048]]
[2020.08.02-05.29.57:555][  0]LogConfig: Setting CVar [[r.Shadow.RadiusThreshold:0.01]]
[2020.08.02-05.29.57:555][  0]LogConfig: Setting CVar [[r.Shadow.DistanceScale:1.0]]
[2020.08.02-05.29.57:555][  0]LogConfig: Setting CVar [[r.Shadow.CSM.TransitionScale:1.0]]
[2020.08.02-05.29.57:555][  0]LogConfig: Setting CVar [[r.Shadow.PreShadowResolutionFactor:1.0]]
[2020.08.02-05.29.57:555][  0]LogConfig: Setting CVar [[r.DistanceFieldShadowing:1]]
[2020.08.02-05.29.57:555][  0]LogConfig: Setting CVar [[r.DistanceFieldAO:1]]
[2020.08.02-05.29.57:555][  0]LogConfig: Setting CVar [[r.AOQuality:2]]
[2020.08.02-05.29.57:555][  0]LogConfig: Setting CVar [[r.VolumetricFog:1]]
[2020.08.02-05.29.57:555][  0]LogConfig: Setting CVar [[r.VolumetricFog.GridPixelSize:8]]
[2020.08.02-05.29.57:555][  0]LogConfig: Setting CVar [[r.VolumetricFog.GridSizeZ:128]]
[2020.08.02-05.29.57:555][  0]LogConfig: Setting CVar [[r.VolumetricFog.HistoryMissSupersampleCount:4]]
[2020.08.02-05.29.57:555][  0]LogConfig: Setting CVar [[r.LightMaxDrawDistanceScale:1]]
[2020.08.02-05.29.57:555][  0]LogConfig: Setting CVar [[r.CapsuleShadows:1]]
[2020.08.02-05.29.57:555][  0]LogConfig: Applying CVar settings from Section [PostProcessQuality@3] File [C:/Users/SourApple/Documents/GitHub/AtHome_Internship/Saved/Config/Windows/Scalability.ini]
[2020.08.02-05.29.57:555][  0]LogConfig: Setting CVar [[r.MotionBlurQuality:4]]
[2020.08.02-05.29.57:555][  0]LogConfig: Setting CVar [[r.AmbientOcclusionMipLevelFactor:0.4]]
[2020.08.02-05.29.57:555][  0]LogConfig: Setting CVar [[r.AmbientOcclusionMaxQuality:100]]
[2020.08.02-05.29.57:555][  0]LogConfig: Setting CVar [[r.AmbientOcclusionLevels:-1]]
[2020.08.02-05.29.57:555][  0]LogConfig: Setting CVar [[r.AmbientOcclusionRadiusScale:1.0]]
[2020.08.02-05.29.57:555][  0]LogConfig: Setting CVar [[r.DepthOfFieldQuality:2]]
[2020.08.02-05.29.57:555][  0]LogConfig: Setting CVar [[r.RenderTargetPoolMin:400]]
[2020.08.02-05.29.57:555][  0]LogConfig: Setting CVar [[r.LensFlareQuality:2]]
[2020.08.02-05.29.57:555][  0]LogConfig: Setting CVar [[r.SceneColorFringeQuality:1]]
[2020.08.02-05.29.57:555][  0]LogConfig: Setting CVar [[r.EyeAdaptationQuality:2]]
[2020.08.02-05.29.57:555][  0]LogConfig: Setting CVar [[r.BloomQuality:5]]
[2020.08.02-05.29.57:555][  0]LogConfig: Setting CVar [[r.FastBlurThreshold:100]]
[2020.08.02-05.29.57:555][  0]LogConfig: Setting CVar [[r.Upscale.Quality:3]]
[2020.08.02-05.29.57:555][  0]LogConfig: Setting CVar [[r.Tonemapper.GrainQuantization:1]]
[2020.08.02-05.29.57:555][  0]LogConfig: Setting CVar [[r.LightShaftQuality:1]]
[2020.08.02-05.29.57:555][  0]LogConfig: Setting CVar [[r.Filter.SizeScale:1]]
[2020.08.02-05.29.57:555][  0]LogConfig: Setting CVar [[r.Tonemapper.Quality:5]]
[2020.08.02-05.29.57:555][  0]LogConfig: Setting CVar [[r.DOF.Gather.AccumulatorQuality:1        ; higher gathering accumulator quality]]
[2020.08.02-05.29.57:555][  0]LogConfig: Setting CVar [[r.DOF.Gather.PostfilterMethod:1          ; Median3x3 postfilering method]]
[2020.08.02-05.29.57:555][  0]LogConfig: Setting CVar [[r.DOF.Gather.EnableBokehSettings:0       ; no bokeh simulation when gathering]]
[2020.08.02-05.29.57:555][  0]LogConfig: Setting CVar [[r.DOF.Gather.RingCount:4                 ; medium number of samples when gathering]]
[2020.08.02-05.29.57:555][  0]LogConfig: Setting CVar [[r.DOF.Scatter.ForegroundCompositing:1    ; additive foreground scattering]]
[2020.08.02-05.29.57:555][  0]LogConfig: Setting CVar [[r.DOF.Scatter.BackgroundCompositing:2    ; additive background scattering]]
[2020.08.02-05.29.57:555][  0]LogConfig: Setting CVar [[r.DOF.Scatter.EnableBokehSettings:1      ; bokeh simulation when scattering]]
[2020.08.02-05.29.57:555][  0]LogConfig: Setting CVar [[r.DOF.Scatter.MaxSpriteRatio:0.1         ; only a maximum of 10% of scattered bokeh]]
[2020.08.02-05.29.57:555][  0]LogConfig: Setting CVar [[r.DOF.Recombine.Quality:1                ; cheap slight out of focus]]
[2020.08.02-05.29.57:555][  0]LogConfig: Setting CVar [[r.DOF.Recombine.EnableBokehSettings:0    ; no bokeh simulation on slight out of focus]]
[2020.08.02-05.29.57:556][  0]LogConfig: Setting CVar [[r.DOF.TemporalAAQuality:1                ; more stable temporal accumulation]]
[2020.08.02-05.29.57:556][  0]LogConfig: Setting CVar [[r.DOF.Kernel.MaxForegroundRadius:0.025]]
[2020.08.02-05.29.57:556][  0]LogConfig: Setting CVar [[r.DOF.Kernel.MaxBackgroundRadius:0.025]]
[2020.08.02-05.29.57:556][  0]LogConfig: Applying CVar settings from Section [TextureQuality@3] File [C:/Users/SourApple/Documents/GitHub/AtHome_Internship/Saved/Config/Windows/Scalability.ini]
[2020.08.02-05.29.57:556][  0]LogConfig: Setting CVar [[r.Streaming.MipBias:0]]
[2020.08.02-05.29.57:556][  0]LogConfig: Setting CVar [[r.Streaming.AmortizeCPUToGPUCopy:0]]
[2020.08.02-05.29.57:556][  0]LogConfig: Setting CVar [[r.Streaming.MaxNumTexturesToStreamPerFrame:0]]
[2020.08.02-05.29.57:556][  0]LogConfig: Setting CVar [[r.Streaming.Boost:1]]
[2020.08.02-05.29.57:556][  0]LogConfig: Setting CVar [[r.MaxAnisotropy:8]]
[2020.08.02-05.29.57:556][  0]LogConfig: Setting CVar [[r.VT.MaxAnisotropy:8]]
[2020.08.02-05.29.57:556][  0]LogConfig: Setting CVar [[r.Streaming.LimitPoolSizeToVRAM:0]]
[2020.08.02-05.29.57:556][  0]LogConfig: Setting CVar [[r.Streaming.PoolSize:1000]]
[2020.08.02-05.29.57:556][  0]LogConfig: Setting CVar [[r.Streaming.MaxEffectiveScreenSize:0]]
[2020.08.02-05.29.57:556][  0]LogConfig: Applying CVar settings from Section [EffectsQuality@3] File [C:/Users/SourApple/Documents/GitHub/AtHome_Internship/Saved/Config/Windows/Scalability.ini]
[2020.08.02-05.29.57:556][  0]LogConfig: Setting CVar [[r.TranslucencyLightingVolumeDim:64]]
[2020.08.02-05.29.57:556][  0]LogConfig: Setting CVar [[r.RefractionQuality:2]]
[2020.08.02-05.29.57:556][  0]LogConfig: Setting CVar [[r.SSR.Quality:3]]
[2020.08.02-05.29.57:556][  0]LogConfig: Setting CVar [[r.SSR.HalfResSceneColor:0]]
[2020.08.02-05.29.57:556][  0]LogConfig: Setting CVar [[r.SceneColorFormat:4]]
[2020.08.02-05.29.57:556][  0]LogConfig: Setting CVar [[r.DetailMode:2]]
[2020.08.02-05.29.57:556][  0]LogConfig: Setting CVar [[r.TranslucencyVolumeBlur:1]]
[2020.08.02-05.29.57:556][  0]LogConfig: Setting CVar [[r.MaterialQualityLevel:1 ; High quality]]
[2020.08.02-05.29.57:556][  0]LogConfig: Setting CVar [[r.SSS.Scale:1]]
[2020.08.02-05.29.57:556][  0]LogConfig: Setting CVar [[r.SSS.SampleSet:2]]
[2020.08.02-05.29.57:556][  0]LogConfig: Setting CVar [[r.SSS.Quality:1]]
[2020.08.02-05.29.57:556][  0]LogConfig: Setting CVar [[r.SSS.HalfRes:1]]
[2020.08.02-05.29.57:556][  0]LogConfig: Setting CVar [[r.SSGI.Quality:3]]
[2020.08.02-05.29.57:556][  0]LogConfig: Setting CVar [[r.EmitterSpawnRateScale:1.0]]
[2020.08.02-05.29.57:556][  0]LogConfig: Setting CVar [[r.ParticleLightQuality:2]]
[2020.08.02-05.29.57:556][  0]LogConfig: Setting CVar [[r.SkyAtmosphere.AerialPerspectiveLUT.FastApplyOnOpaque:1 ; Always have FastSkyLUT 1 in this case to avoid wrong sky]]
[2020.08.02-05.29.57:556][  0]LogConfig: Setting CVar [[r.SkyAtmosphere.AerialPerspectiveLUT.SampleCountPerSlice:1]]
[2020.08.02-05.29.57:556][  0]LogConfig: Setting CVar [[r.SkyAtmosphere.AerialPerspectiveLUT.DepthResolution:16.0]]
[2020.08.02-05.29.57:556][  0]LogConfig: Setting CVar [[r.SkyAtmosphere.FastSkyLUT:1]]
[2020.08.02-05.29.57:556][  0]LogConfig: Setting CVar [[r.SkyAtmosphere.FastSkyLUT.SampleCountMin:4.0]]
[2020.08.02-05.29.57:556][  0]LogConfig: Setting CVar [[r.SkyAtmosphere.FastSkyLUT.SampleCountMax:32.0]]
[2020.08.02-05.29.57:556][  0]LogConfig: Setting CVar [[r.SkyAtmosphere.SampleCountMin:4.0]]
[2020.08.02-05.29.57:556][  0]LogConfig: Setting CVar [[r.SkyAtmosphere.SampleCountMax:32.0]]
[2020.08.02-05.29.57:556][  0]LogConfig: Setting CVar [[r.SkyAtmosphere.TransmittanceLUT.UseSmallFormat:0]]
[2020.08.02-05.29.57:556][  0]LogConfig: Setting CVar [[r.SkyAtmosphere.TransmittanceLUT.SampleCount:10.0]]
[2020.08.02-05.29.57:556][  0]LogConfig: Setting CVar [[r.SkyAtmosphere.MultiScatteringLUT.SampleCount:15.0]]
[2020.08.02-05.29.57:556][  0]LogConfig: Applying CVar settings from Section [FoliageQuality@3] File [C:/Users/SourApple/Documents/GitHub/AtHome_Internship/Saved/Config/Windows/Scalability.ini]
[2020.08.02-05.29.57:556][  0]LogConfig: Setting CVar [[foliage.DensityScale:1.0]]
[2020.08.02-05.29.57:556][  0]LogConfig: Setting CVar [[grass.DensityScale:1.0]]
[2020.08.02-05.29.57:556][  0]LogConfig: Applying CVar settings from Section [ShadingQuality@3] File [C:/Users/SourApple/Documents/GitHub/AtHome_Internship/Saved/Config/Windows/Scalability.ini]
[2020.08.02-05.29.57:556][  0]LogConfig: Setting CVar [[r.HairStrands.SkyLighting.SampleCount:16]]
[2020.08.02-05.29.57:556][  0]LogConfig: Setting CVar [[r.HairStrands.SkyLighting.JitterIntegration:0]]
[2020.08.02-05.29.57:556][  0]LogConfig: Setting CVar [[r.HairStrands.SkyAO.SampleCount:16]]
[2020.08.02-05.29.57:556][  0]LogConfig: Applying CVar settings from Section [Startup] File [../../../Engine/Config/ConsoleVariables.ini]
[2020.08.02-05.29.57:556][  0]LogConfig: Setting CVar [[net.UseAdaptiveNetUpdateFrequency:0]]
[2020.08.02-05.29.57:556][  0]LogConfig: Setting CVar [[p.chaos.AllowCreatePhysxBodies:1]]
[2020.08.02-05.29.57:556][  0]LogConfig: Applying CVar settings from Section [ConsoleVariables] File [C:/Users/SourApple/Documents/GitHub/AtHome_Internship/Saved/Config/Windows/Engine.ini]
[2020.08.02-05.29.57:556][  0]LogInit: Computer: SOURAPPLE
[2020.08.02-05.29.57:557][  0]LogInit: User: SourApple
[2020.08.02-05.29.57:557][  0]LogInit: CPU Page size=4096, Cores=6
[2020.08.02-05.29.57:557][  0]LogInit: High frequency timer resolution =10.000000 MHz
[2020.08.02-05.29.57:557][  0]LogMemory: Memory total: Physical=15.9GB (16GB approx)
[2020.08.02-05.29.57:557][  0]LogMemory: Platform Memory Stats for Windows
[2020.08.02-05.29.57:557][  0]LogMemory: Process Physical Memory: 109.89 MB used, 109.89 MB peak
[2020.08.02-05.29.57:557][  0]LogMemory: Process Virtual Memory: 100.66 MB used, 100.66 MB peak
[2020.08.02-05.29.57:557][  0]LogMemory: Physical Memory: 6874.94 MB used,  9355.67 MB free, 16230.61 MB total
[2020.08.02-05.29.57:557][  0]LogMemory: Virtual Memory: 5162.45 MB used,  134212568.00 MB free, 134217728.00 MB total
[2020.08.02-05.29.57:771][  0]LogWindows: WindowsPlatformFeatures enabled
[2020.08.02-05.29.57:788][  0]LogInit: Using OS detected language (en-US).
[2020.08.02-05.29.57:788][  0]LogInit: Using OS detected locale (en-CA).
[2020.08.02-05.29.57:788][  0]LogTextLocalizationManager: No specific localization for 'en-US' exists, so the 'en' localization will be used.
[2020.08.02-05.29.57:964][  0]LogSlate: New Slate User Created.  User Index 0, Is Virtual User: 0
[2020.08.02-05.29.57:964][  0]LogSlate: Slate User Registered.  User Index 0, Is Virtual User: 0
[2020.08.02-05.29.58:008][  0]LogHMD: Failed to initialize OpenVR with code 110
[2020.08.02-05.29.58:008][  0]LogD3D11RHI: D3D11 min allowed feature level: 11_0
[2020.08.02-05.29.58:008][  0]LogD3D11RHI: D3D11 max allowed feature level: 11_0
[2020.08.02-05.29.58:008][  0]LogD3D11RHI: D3D11 adapters:
[2020.08.02-05.29.58:071][  0]LogD3D11RHI:    0. 'NVIDIA GeForce GTX 1070' (Feature Level 11_0)
[2020.08.02-05.29.58:071][  0]LogD3D11RHI:       8081/0/8115 MB DedicatedVideo/DedicatedSystem/SharedSystem, Outputs:2, VendorId:0x10de
[2020.08.02-05.29.58:086][  0]LogD3D11RHI:    1. 'Intel(R) UHD Graphics 630' (Feature Level 11_0)
[2020.08.02-05.29.58:086][  0]LogD3D11RHI:       128/0/8115 MB DedicatedVideo/DedicatedSystem/SharedSystem, Outputs:0, VendorId:0x8086
[2020.08.02-05.29.58:088][  0]LogD3D11RHI:    2. 'Microsoft Basic Render Driver' (Feature Level 11_0)
[2020.08.02-05.29.58:088][  0]LogD3D11RHI:       0/0/8115 MB DedicatedVideo/DedicatedSystem/SharedSystem, Outputs:0, VendorId:0x1414
[2020.08.02-05.29.58:088][  0]LogD3D11RHI: Chosen D3D11 Adapter: 0
[2020.08.02-05.29.58:126][  0]LogD3D11RHI: Creating new Direct3DDevice
[2020.08.02-05.29.58:126][  0]LogD3D11RHI:     GPU DeviceId: 0x1ba1 (for the marketing name, search the web for "GPU Device Id")
[2020.08.02-05.29.58:126][  0]LogWindows: EnumDisplayDevices:
[2020.08.02-05.29.58:126][  0]LogWindows:    0. 'Intel(R) UHD Graphics 630' (P:1 D:1)
[2020.08.02-05.29.58:126][  0]LogWindows:    1. 'Intel(R) UHD Graphics 630' (P:0 D:0)
[2020.08.02-05.29.58:126][  0]LogWindows:    2. 'Intel(R) UHD Graphics 630' (P:0 D:0)
[2020.08.02-05.29.58:127][  0]LogWindows:    3. 'NVIDIA GeForce GTX 1070' (P:0 D:1)
[2020.08.02-05.29.58:127][  0]LogWindows:    4. 'NVIDIA GeForce GTX 1070' (P:0 D:0)
[2020.08.02-05.29.58:127][  0]LogWindows:    5. 'NVIDIA GeForce GTX 1070' (P:0 D:0)
[2020.08.02-05.29.58:127][  0]LogWindows:    6. 'NVIDIA GeForce GTX 1070' (P:0 D:0)
[2020.08.02-05.29.58:127][  0]LogWindows: DebugString: PrimaryIsNotTheChoosenAdapter PrimaryIsNotTheChoosenAdapter PrimaryIsNotTheChoosenAdapter FoundDriverCount:4 
[2020.08.02-05.29.58:127][  0]LogD3D11RHI:     Adapter Name: NVIDIA GeForce GTX 1070
[2020.08.02-05.29.58:127][  0]LogD3D11RHI:   Driver Version: 446.14 (internal:26.21.14.4614, unified:446.14)
[2020.08.02-05.29.58:127][  0]LogD3D11RHI:      Driver Date: 5-15-2020
[2020.08.02-05.29.58:127][  0]LogRHI: Texture pool is 5656 MB (70% of 8081 MB)
[2020.08.02-05.29.58:173][  0]LogD3D11RHI: RHI has support for 64 bit atomics
[2020.08.02-05.29.58:173][  0]LogD3D11RHI: Async texture creation enabled
[2020.08.02-05.29.58:191][  0]LogD3D11RHI: GPU Timing Frequency: 1000.000000 (Debug: 2 1)
[2020.08.02-05.29.58:444][  0]LogTargetPlatformManager: Display: Loaded TargetPlatform 'WindowsNoEditor'
[2020.08.02-05.29.58:446][  0]LogTargetPlatformManager: Display: Loaded TargetPlatform 'Windows'
[2020.08.02-05.29.58:452][  0]LogTargetPlatformManager: Display: Loaded TargetPlatform 'WindowsClient'
[2020.08.02-05.29.58:458][  0]LogTargetPlatformManager: Display: Loaded TargetPlatform 'WindowsServer'
[2020.08.02-05.29.58:458][  0]LogTargetPlatformManager: Display: Building Assets For Windows
[2020.08.02-05.29.58:460][  0]LogAudioDebug: Display: Lib vorbis DLL was dynamically loaded.
[2020.08.02-05.29.58:478][  0]LogShaderCompilers: Guid format shader working directory is -19 characters bigger than the processId version (../../../../../../Users/SourApple/Documents/GitHub/AtHome_Internship/Intermediate/Shaders/WorkingDirectory/19320/).
[2020.08.02-05.29.58:478][  0]LogShaderCompilers: Cleaned the shader compiler working directory 'C:/Users/SourApple/AppData/Local/Temp/UnrealShaderWorkingDir/5A73A83C4BFC03C6F4144BBF7988BA76/'.
[2020.08.02-05.29.58:478][  0]LogXGEController: Cannot use XGE Controller as Incredibuild is not installed on this machine.
[2020.08.02-05.29.58:479][  0]LogShaderCompilers: Cannot use XGE Shader Compiler as Incredibuild is not installed on this machine.
[2020.08.02-05.29.58:479][  0]LogShaderCompilers: Display: Using Local Shader Compiler.
[2020.08.02-05.29.59:101][  0]LogDerivedDataCache: Display: Max Cache Size: 512 MB
[2020.08.02-05.29.59:180][  0]LogDerivedDataCache: Loaded boot cache 0.08s 138MB C:/Users/SourApple/AppData/Local/UnrealEngine/4.24/DerivedDataCache/Boot.ddc.
[2020.08.02-05.29.59:180][  0]LogDerivedDataCache: Display: Loaded Boot cache: C:/Users/SourApple/AppData/Local/UnrealEngine/4.24/DerivedDataCache/Boot.ddc
[2020.08.02-05.29.59:180][  0]LogDerivedDataCache: FDerivedDataBackendGraph:  Pak pak cache file ../../../../../../Users/SourApple/Documents/GitHub/AtHome_Internship/DerivedDataCache/DDC.ddp not found, will not use a pak cache.
[2020.08.02-05.29.59:180][  0]LogDerivedDataCache: Unable to find inner node Pak for hierarchical cache Hierarchy.
[2020.08.02-05.29.59:181][  0]LogDerivedDataCache: FDerivedDataBackendGraph:  CompressedPak pak cache file ../../../../../../Users/SourApple/Documents/GitHub/AtHome_Internship/DerivedDataCache/Compressed.ddp not found, will not use a pak cache.
[2020.08.02-05.29.59:181][  0]LogDerivedDataCache: Unable to find inner node CompressedPak for hierarchical cache Hierarchy.
[2020.08.02-05.29.59:189][  0]LogDerivedDataCache: Display: Pak cache opened for reading ../../../Engine/DerivedDataCache/Compressed.ddp.
[2020.08.02-05.29.59:189][  0]LogDerivedDataCache: FDerivedDataBackendGraph:  EnterprisePak pak cache file ../../../Enterprise/DerivedDataCache/Compressed.ddp not found, will not use a pak cache.
[2020.08.02-05.29.59:189][  0]LogDerivedDataCache: Unable to find inner node EnterprisePak for hierarchical cache Hierarchy.
[2020.08.02-05.29.59:190][  0]LogDerivedDataCache: Using Local data cache path C:/Users/SourApple/AppData/Local/UnrealEngine/Common/DerivedDataCache: Writable
[2020.08.02-05.29.59:191][  0]LogDerivedDataCache: Shared data cache path not found in *engine.ini, will not use an Shared cache.
[2020.08.02-05.29.59:191][  0]LogDerivedDataCache: Unable to find inner node Shared for hierarchical cache Hierarchy.
[2020.08.02-05.29.59:212][  0]LogMaterial: Verifying Global Shaders for PCD3D_SM5
[2020.08.02-05.29.59:214][  0]LogSlate: Using FreeType 2.10.0
[2020.08.02-05.29.59:214][  0]LogSlate: SlateFontServices - WITH_FREETYPE: 1, WITH_HARFBUZZ: 1
[2020.08.02-05.29.59:324][  0]LogInit: Using OS detected language (en-US).
[2020.08.02-05.29.59:325][  0]LogInit: Using OS detected locale (en-CA).
[2020.08.02-05.29.59:325][  0]LogTextLocalizationManager: No localization for 'en-US' exists, so 'en' will be used for the language.
[2020.08.02-05.29.59:325][  0]LogTextLocalizationManager: No localization for 'en-CA' exists, so 'en' will be used for the locale.
[2020.08.02-05.29.59:325][  0]LogSlate: FontCache flush requested. Reason: Culture for localization was changed
[2020.08.02-05.29.59:325][  0]LogSlate: FontCache flush requested. Reason: Culture for localization was changed
[2020.08.02-05.29.59:328][  0]LogTextLocalizationManager: Compacting localization data took   0.00ms
[2020.08.02-05.29.59:331][  0]LogAssetRegistry: FAssetRegistry took 0.0017 seconds to start up
[2020.08.02-05.29.59:542][  0]LogPackageLocalizationCache: Processed 13 localized package path(s) for 1 prioritized culture(s) in 0.000518 seconds
[2020.08.02-05.29.59:591][  0]LogInit: Selected Device Profile: [Windows]
[2020.08.02-05.29.59:700][  0]LogMeshReduction: Using QuadricMeshReduction for automatic static mesh reduction
[2020.08.02-05.29.59:700][  0]LogMeshReduction: Using SimplygonMeshReduction for automatic skeletal mesh reduction
[2020.08.02-05.29.59:700][  0]LogMeshReduction: Using ProxyLODMeshReduction for automatic mesh merging
[2020.08.02-05.29.59:700][  0]LogMeshReduction: No distributed automatic mesh merging module available
[2020.08.02-05.29.59:700][  0]LogMeshMerging: No distributed automatic mesh merging module available
[2020.08.02-05.29.59:711][  0]LogNetVersion: Final_Project 1.0.0, NetCL: 10570792, EngineNetVer: 13, GameNetVer: 0 (Checksum: 1581502939)
[2020.08.02-05.30.00:117][  0]LogMoviePlayer: Initializing movie player
[2020.08.02-05.30.00:218][  0]LogTcpMessaging: Initializing TcpMessaging bridge
[2020.08.02-05.30.00:220][  0]LogUdpMessaging: Initializing bridge on interface 0.0.0.0:0 to multicast group 230.0.0.1:6666.
[2020.08.02-05.30.01:376][  0]SourceControl: Source control is disabled
[2020.08.02-05.30.01:376][  0]SourceControl: Source control is disabled
[2020.08.02-05.30.01:377][  0]SourceControl: Source control is disabled
[2020.08.02-05.30.01:396][  0]LogAndroidPermission: UAndroidPermissionCallbackProxy::GetInstance
[2020.08.02-05.30.01:401][  0]LogAudioCaptureCore: Display: No Audio Capture implementations found. Audio input will be silent.
[2020.08.02-05.30.01:401][  0]LogAudioCaptureCore: Display: No Audio Capture implementations found. Audio input will be silent.
[2020.08.02-05.30.01:444][  0]LogOcInput: OculusInput pre-init called
[2020.08.02-05.30.01:453][  0]LogUObjectArray: 70744 objects as part of root set at end of initial load.
[2020.08.02-05.30.01:453][  0]LogUObjectAllocator: 14965496 out of 0 bytes used by permanent object pool.
[2020.08.02-05.30.01:453][  0]LogUObjectArray: CloseDisregardForGC: 0/0 objects in disregard for GC pool
[2020.08.02-05.30.01:500][  0]LogEngine: Initializing Engine...
[2020.08.02-05.30.01:501][  0]LogHMD: Failed to initialize OpenVR with code 110
[2020.08.02-05.30.01:503][  0]LogStats: UGameplayTagsManager::InitializeManager -  0.000 s
[2020.08.02-05.30.01:660][  0]LogInit: Initializing FReadOnlyCVARCache
[2020.08.02-05.30.01:662][  0]LogAudioMixer: Display: Audio Mixer Platform Settings:
[2020.08.02-05.30.01:662][  0]LogAudioMixer: Display: 	Sample Rate:						  48000
[2020.08.02-05.30.01:662][  0]LogAudioMixer: Display: 	Callback Buffer Frame Size Requested: 1024
[2020.08.02-05.30.01:662][  0]LogAudioMixer: Display: 	Callback Buffer Frame Size To Use:	  1024
[2020.08.02-05.30.01:662][  0]LogAudioMixer: Display: 	Number of buffers to queue:			  2
[2020.08.02-05.30.01:662][  0]LogAudioMixer: Display: 	Max Channels (voices):				  32
[2020.08.02-05.30.01:662][  0]LogAudioMixer: Display: 	Number of Async Source Workers:		  0
[2020.08.02-05.30.01:662][  0]LogAudio: Display: AudioDevice MaxSources: 32
[2020.08.02-05.30.01:663][  0]LogAudio: Display: Using built-in audio occlusion.
[2020.08.02-05.30.01:663][  0]LogAudioMixer: Display: Initializing audio mixer.
[2020.08.02-05.30.01:746][  0]LogAudioMixer: Display: Audio Device Output Speaker Info:
[2020.08.02-05.30.01:746][  0]LogAudioMixer: Display: Name: Speakers (Realtek(R) Audio)
[2020.08.02-05.30.01:746][  0]LogAudioMixer: Display: Is Default: Yes
[2020.08.02-05.30.01:746][  0]LogAudioMixer: Display: Sample Rate: 48000
[2020.08.02-05.30.01:746][  0]LogAudioMixer: Display: Channel Count Used: 8
[2020.08.02-05.30.01:746][  0]LogAudioMixer: Display: Device Channel Count: 8
[2020.08.02-05.30.01:746][  0]LogAudioMixer: Display: Channel Order:
[2020.08.02-05.30.01:746][  0]LogAudioMixer: Display: 0: FrontLeft
[2020.08.02-05.30.01:746][  0]LogAudioMixer: Display: 1: FrontRight
[2020.08.02-05.30.01:746][  0]LogAudioMixer: Display: 2: FrontCenter
[2020.08.02-05.30.01:746][  0]LogAudioMixer: Display: 3: LowFrequency
[2020.08.02-05.30.01:746][  0]LogAudioMixer: Display: 4: BackLeft
[2020.08.02-05.30.01:746][  0]LogAudioMixer: Display: 5: BackRight
[2020.08.02-05.30.01:746][  0]LogAudioMixer: Display: 6: SideLeft
[2020.08.02-05.30.01:746][  0]LogAudioMixer: Display: 7: SideRight
[2020.08.02-05.30.01:896][  0]LogAudioMixer: Display: Using Audio Device Speakers (Realtek(R) Audio)
[2020.08.02-05.30.01:905][  0]LogInit: FAudioDevice initialized.
[2020.08.02-05.30.01:906][  0]LogNetVersion: Set ProjectVersion to 1.0.0.0. Version Checksum will be recalculated on next use.
[2020.08.02-05.30.01:913][  0]LogInit: Texture streaming: Enabled
[2020.08.02-05.30.02:025][  0]LogSlate: Updating window title bar state: overlay mode, drag disabled, window buttons hidden, title bar hidden
[2020.08.02-05.30.02:026][  0]LogInit: Display: Game Engine Initialized.
[2020.08.02-05.30.02:035][  0]LogInit: Display: Starting Game.
[2020.08.02-05.30.02:035][  0]LogNet: Browse: /Game/MainMenu/Lv_MainMenu?Name=Player
[2020.08.02-05.30.02:035][  0]LogLoad: LoadMap: /Game/MainMenu/Lv_MainMenu?Name=Player
[2020.08.02-05.30.02:035][  0]LogWorld: BeginTearingDown for /Temp/Untitled_0
[2020.08.02-05.30.02:036][  0]LogWorld: UWorld::CleanupWorld for Untitled, bSessionEnded=true, bCleanupResources=true
[2020.08.02-05.30.02:036][  0]LogSlate: InvalidateAllWidgets triggered.  All widgets were invalidated
[2020.08.02-05.30.02:070][  0]LogAudioMixer: Display: No commands were queued while flushing the source manager.
[2020.08.02-05.30.02:074][  0]LogUObjectHash: Compacting FUObjectHashTables data took   2.27ms
[2020.08.02-05.30.02:091][  0]LogAIModule: Creating AISystem for world Lv_MainMenu
[2020.08.02-05.30.02:091][  0]LogLoad: Game class is 'GameMode'
[2020.08.02-05.30.02:092][  0]LogWorld: Bringing World /Game/MainMenu/Lv_MainMenu.Lv_MainMenu up for play (max tick rate 0) at 2020.08.02-01.30.02
[2020.08.02-05.30.02:092][  0]LogWorld: Bringing up level for play took: 0.000343
[2020.08.02-05.30.02:092][  0]LogGameMode: FindPlayerStart: PATHS NOT DEFINED or NO PLAYERSTART with positive rating
[2020.08.02-05.30.02:093][  0]LogGameMode: Display: Match State Changed from EnteringMap to WaitingToStart
[2020.08.02-05.30.02:093][  0]LogGameState: Match State Changed from EnteringMap to WaitingToStart
[2020.08.02-05.30.02:093][  0]LogGameMode: Display: Match State Changed from WaitingToStart to InProgress
[2020.08.02-05.30.02:095][  0]LogPlayerController: Error: InputMode:UIOnly - Attempting to focus Non-Focusable widget SObjectWidget [Widget.cpp(776)]!
[2020.08.02-05.30.02:095][  0]LogGameState: Match State Changed from WaitingToStart to InProgress
[2020.08.02-05.30.02:095][  0]LogLoad: Took 0.060052 seconds to LoadMap(/Game/MainMenu/Lv_MainMenu)
[2020.08.02-05.30.02:121][  0]LogRenderer: Reallocating scene render targets to support 1280x720 Format 10 NumSamples 1 (Frame:1).
[2020.08.02-05.30.02:121][  0]LogLoad: (Engine Initialization) Total time: 5.52 seconds
[2020.08.02-05.30.02:121][  0]LogLoad: (Engine Initialization) Total Blueprint compile time: 0.00 seconds
[2020.08.02-05.30.02:139][  0]LogContentStreaming: Texture pool size now 1000 MB
[2020.08.02-05.30.02:141][  0]LogSlate: InvalidateAllWidgets triggered.  All widgets were invalidated
[2020.08.02-05.30.03:074][375]LogPackageName: SearchForPackageOnDisk took   0.100s to resolve Arena_Map.umap.
[2020.08.02-05.30.03:075][375]LogGameMode: Display: Match State Changed from InProgress to LeavingMap
[2020.08.02-05.30.03:075][375]LogGameState: Match State Changed from InProgress to LeavingMap
[2020.08.02-05.30.03:174][375]LogPackageName: SearchForPackageOnDisk took   0.100s to resolve Arena_Map.umap.
[2020.08.02-05.30.03:174][375]LogNet: Browse: /Game/Arena/Maps/Arena_Map
[2020.08.02-05.30.03:174][375]LogLoad: LoadMap: /Game/Arena/Maps/Arena_Map
[2020.08.02-05.30.03:174][375]LogWorld: BeginTearingDown for /Game/MainMenu/Lv_MainMenu
[2020.08.02-05.30.03:174][375]LogWorld: UWorld::CleanupWorld for Lv_MainMenu, bSessionEnded=true, bCleanupResources=true
[2020.08.02-05.30.03:174][375]LogSlate: InvalidateAllWidgets triggered.  All widgets were invalidated
[2020.08.02-05.30.03:206][375]LogAudioMixer: Display: No commands were queued while flushing the source manager.
[2020.08.02-05.30.03:208][375]LogUObjectHash: Compacting FUObjectHashTables data took   2.07ms
[2020.08.02-05.30.03:563][375]LogAIModule: Creating AISystem for world Arena_Map
[2020.08.02-05.30.03:563][375]LogLoad: Game class is 'GameMode'
[2020.08.02-05.30.03:801][375]LogWorld: Bringing World /Game/Arena/Maps/Arena_Map.Arena_Map up for play (max tick rate 0) at 2020.08.02-01.30.03
[2020.08.02-05.30.03:801][375]LogWorld: Bringing up level for play took: 0.236683
[2020.08.02-05.30.03:804][375]LogGameMode: Display: Match State Changed from EnteringMap to WaitingToStart
[2020.08.02-05.30.03:804][375]LogGameState: Match State Changed from EnteringMap to WaitingToStart
[2020.08.02-05.30.03:804][375]LogGameMode: Display: Match State Changed from WaitingToStart to InProgress
[2020.08.02-05.30.03:807][375]LogGameState: Match State Changed from WaitingToStart to InProgress
[2020.08.02-05.30.03:808][375]LogLoad: Took 0.633494 seconds to LoadMap(/Game/Arena/Maps/Arena_Map)
[2020.08.02-05.30.09:069][621]LogWindowsDesktop: Alt-F4 pressed!
[2020.08.02-05.30.09:078][621]LogSlate: Window 'Final_Project (64-bit Development PCD3D_SM5) ' being destroyed
[2020.08.02-05.30.09:079][621]LogWindowsTextInputMethodSystem: Display: IME system now deactivated.
[2020.08.02-05.30.09:084][621]LogWindowsTextInputMethodSystem: Display: IME system now deactivated.
[2020.08.02-05.30.09:085][621]LogSlate: Updating window title bar state: overlay mode, drag disabled, window buttons hidden, title bar hidden
[2020.08.02-05.30.09:086][621]LogEngine: All Windows Closed
[2020.08.02-05.30.09:086][621]LogWindows: FPlatformMisc::RequestExit(0)
[2020.08.02-05.30.09:086][621]LogCore: Engine exit requested (reason: Win RequestExit)
[2020.08.02-05.30.09:086][622]LogCore: Engine exit requested (reason: EngineExit() was called; note: exit was already requested)
[2020.08.02-05.30.09:088][622]LogAudioMixer: Display: No commands were queued while flushing the source manager.
[2020.08.02-05.30.09:108][622]LogInit: Display: PreExit Game.
[2020.08.02-05.30.09:109][622]LogWorld: BeginTearingDown for /Game/Arena/Maps/Arena_Map
[2020.08.02-05.30.09:109][622]LogWorld: UWorld::CleanupWorld for Arena_Map, bSessionEnded=true, bCleanupResources=true
[2020.08.02-05.30.09:112][622]LogSlate: InvalidateAllWidgets triggered.  All widgets were invalidated
[2020.08.02-05.30.09:508][622]LogExit: Preparing to exit.
[2020.08.02-05.30.10:227][622]LogMoviePlayer: Shutting down movie player
[2020.08.02-05.30.10:401][622]LogSlate: Updating window title bar state: overlay mode, drag disabled, window buttons hidden, title bar hidden
[2020.08.02-05.30.10:407][622]LogDemo: Cleaned up 0 splitscreen connections with owner deletion
[2020.08.02-05.30.10:415][622]LogExit: Game engine shut down
[2020.08.02-05.30.10:485][622]LogExit: Object subsystem successfully closed.
[2020.08.02-05.30.10:501][622]LogShaderCompilers: Display: Shaders left to compile 0
[2020.08.02-05.30.10:521][622]LogModuleManager: Shutting down and abandoning module SequenceRecorderSections (438)
[2020.08.02-05.30.10:521][622]LogModuleManager: Shutting down and abandoning module SequenceRecorder (436)
[2020.08.02-05.30.10:521][622]LogModuleManager: Shutting down and abandoning module AutomationController (434)
[2020.08.02-05.30.10:521][622]LogModuleManager: Shutting down and abandoning module AutomationWorker (432)
[2020.08.02-05.30.10:521][622]LogModuleManager: Shutting down and abandoning module Voice (430)
[2020.08.02-05.30.10:521][622]LogModuleManager: Shutting down and abandoning module AIModule (428)
[2020.08.02-05.30.10:521][622]LogModuleManager: Shutting down and abandoning module GameplayDebugger (427)
[2020.08.02-05.30.10:521][622]LogModuleManager: Shutting down and abandoning module AITestSuite (425)
[2020.08.02-05.30.10:521][622]LogModuleManager: Shutting down and abandoning module NavigationSystem (423)
[2020.08.02-05.30.10:521][622]LogModuleManager: Shutting down and abandoning module OculusMR (420)
[2020.08.02-05.30.10:521][622]LogModuleManager: Shutting down and abandoning module WmfMediaFactory (418)
[2020.08.02-05.30.10:521][622]LogModuleManager: Shutting down and abandoning module WebMMediaFactory (416)
[2020.08.02-05.30.10:521][622]LogModuleManager: Shutting down and abandoning module WebMMedia (414)
[2020.08.02-05.30.10:521][622]LogModuleManager: Shutting down and abandoning module OpenExrWrapper (412)
[2020.08.02-05.30.10:521][622]LogModuleManager: Shutting down and abandoning module ImgMediaFactory (410)
[2020.08.02-05.30.10:521][622]LogModuleManager: Shutting down and abandoning module AvfMediaFactory (408)
[2020.08.02-05.30.10:521][622]LogModuleManager: Shutting down and abandoning module MagicLeapMediaCodecFactory (406)
[2020.08.02-05.30.10:521][622]LogModuleManager: Shutting down and abandoning module MagicLeapMediaFactory (404)
[2020.08.02-05.30.10:521][622]LogModuleManager: Shutting down and abandoning module CharacterAI (402)
[2020.08.02-05.30.10:521][622]LogModuleManager: Shutting down and abandoning module SessionServices (400)
[2020.08.02-05.30.10:521][622]LogModuleManager: Shutting down and abandoning module MovieSceneCapture (398)
[2020.08.02-05.30.10:521][622]LogModuleManager: Shutting down and abandoning module LiveCoding (396)
[2020.08.02-05.30.10:521][622]LogModuleManager: Shutting down and abandoning module LevelSequence (394)
[2020.08.02-05.30.10:521][622]LogModuleManager: Shutting down and abandoning module MovieSceneTracks (392)
[2020.08.02-05.30.10:521][622]LogModuleManager: Shutting down and abandoning module MovieScene (390)
[2020.08.02-05.30.10:521][622]LogModuleManager: Shutting down and abandoning module StreamingPauseRendering (388)
[2020.08.02-05.30.10:521][622]LogModuleManager: Shutting down and abandoning module PortalServices (386)
[2020.08.02-05.30.10:521][622]LogModuleManager: Shutting down and abandoning module PortalRpc (384)
[2020.08.02-05.30.10:521][622]LogModuleManager: Shutting down and abandoning module MessagingRpc (382)
[2020.08.02-05.30.10:521][622]LogModuleManager: Shutting down and abandoning module AudioMixerXAudio2 (380)
[2020.08.02-05.30.10:521][622]LogModuleManager: Shutting down and abandoning module ImageWriteQueue (378)
[2020.08.02-05.30.10:523][622]LogModuleManager: Shutting down and abandoning module ProfilerService (376)
[2020.08.02-05.30.10:725][622]LogModuleManager: Shutting down and abandoning module TaskGraph (374)
[2020.08.02-05.30.10:725][622]LogModuleManager: Shutting down and abandoning module ProceduralMeshComponent (372)
[2020.08.02-05.30.10:725][622]LogModuleManager: Shutting down and abandoning module OculusInput (370)
[2020.08.02-05.30.10:725][622]LogModuleManager: Shutting down and abandoning module MobilePatchingUtils (368)
[2020.08.02-05.30.10:725][622]LogModuleManager: Shutting down and abandoning module EditableMesh (366)
[2020.08.02-05.30.10:725][622]LogModuleManager: Shutting down and abandoning module CustomMeshComponent (364)
[2020.08.02-05.30.10:725][622]LogModuleManager: Shutting down and abandoning module CableComponent (362)
[2020.08.02-05.30.10:725][622]LogModuleManager: Shutting down and abandoning module AudioCapture (360)
[2020.08.02-05.30.10:725][622]LogModuleManager: Shutting down and abandoning module AudioCaptureRtAudio (359)
[2020.08.02-05.30.10:725][622]LogModuleManager: Shutting down and abandoning module AssetTags (356)
[2020.08.02-05.30.10:725][622]LogModuleManager: Shutting down and abandoning module ArchVisCharacter (354)
[2020.08.02-05.30.10:725][622]LogModuleManager: Shutting down and abandoning module AppleImageUtilsBlueprintSupport (352)
[2020.08.02-05.30.10:725][622]LogModuleManager: Shutting down and abandoning module AppleImageUtils (350)
[2020.08.02-05.30.10:725][622]LogModuleManager: Shutting down and abandoning module AndroidPermission (348)
[2020.08.02-05.30.10:725][622]LogModuleManager: Shutting down and abandoning module NUTUnrealEngine4 (346)
[2020.08.02-05.30.10:725][622]LogModuleManager: Shutting down and abandoning module NetcodeUnitTest (344)
[2020.08.02-05.30.10:725][622]LogModuleManager: Shutting down and abandoning module MediaCompositing (342)
[2020.08.02-05.30.10:725][622]LogModuleManager: Shutting down and abandoning module ImgMedia (340)
[2020.08.02-05.30.10:725][622]LogModuleManager: Shutting down and abandoning module MagicLeapHelperVulkan (338)
[2020.08.02-05.30.10:725][622]LogModuleManager: Shutting down and abandoning module MagicLeapHelperOpenGL (336)
[2020.08.02-05.30.10:725][622]LogModuleManager: Shutting down and abandoning module MagicLeapAudio (334)
[2020.08.02-05.30.10:725][622]LogModuleManager: Shutting down and abandoning module GeometryCacheTracks (332)
[2020.08.02-05.30.10:725][622]LogModuleManager: Shutting down and abandoning module GeometryCacheSequencer (331)
[2020.08.02-05.30.10:725][622]LogModuleManager: Shutting down and abandoning module GeometryCache (328)
[2020.08.02-05.30.10:725][622]LogModuleManager: Shutting down and abandoning module GeometryCacheEd (327)
[2020.08.02-05.30.10:725][622]LogModuleManager: Shutting down and abandoning module BackChannel (324)
[2020.08.02-05.30.10:725][622]LogModuleManager: Shutting down and abandoning module AutomationUtils (322)
[2020.08.02-05.30.10:725][622]LogModuleManager: Shutting down and abandoning module VisualStudioSourceCodeAccess (320)
[2020.08.02-05.30.10:726][622]LogModuleManager: Shutting down and abandoning module HotReload (319)
[2020.08.02-05.30.10:726][622]LogModuleManager: Shutting down and abandoning module DirectoryWatcher (318)
[2020.08.02-05.30.10:726][622]LogModuleManager: Shutting down and abandoning module VisualStudioCodeSourceCodeAccess (314)
[2020.08.02-05.30.10:726][622]LogModuleManager: Shutting down and abandoning module UObjectPlugin (312)
[2020.08.02-05.30.10:726][622]LogModuleManager: Shutting down and abandoning module SubversionSourceControl (310)
[2020.08.02-05.30.10:726][622]LogModuleManager: Shutting down and abandoning module PerforceSourceControl (308)
[2020.08.02-05.30.10:726][622]LogModuleManager: Shutting down and abandoning module SourceControl (307)
[2020.08.02-05.30.10:726][622]LogModuleManager: Shutting down and abandoning module CLionSourceCodeAccess (304)
[2020.08.02-05.30.10:726][622]LogModuleManager: Shutting down and abandoning module ActorLayerUtilities (302)
[2020.08.02-05.30.10:726][622]LogModuleManager: Shutting down and abandoning module Final_Project (300)
[2020.08.02-05.30.10:726][622]LogModuleManager: Shutting down and abandoning module SignificanceManager (298)
[2020.08.02-05.30.10:726][622]LogModuleManager: Shutting down and abandoning module RuntimePhysXCooking (296)
[2020.08.02-05.30.10:726][622]LogModuleManager: Shutting down and abandoning module PhysXVehiclesEditor (294)
[2020.08.02-05.30.10:726][622]LogModuleManager: Shutting down and abandoning module LocationServicesBPLibrary (290)
[2020.08.02-05.30.10:726][622]LogModuleManager: Shutting down and abandoning module ActorSequence (288)
[2020.08.02-05.30.10:726][622]LogModuleManager: Shutting down and abandoning module UdpMessaging (286)
[2020.08.02-05.30.10:827][622]LogModuleManager: Shutting down and abandoning module TcpMessaging (284)
[2020.08.02-05.30.11:226][622]LogModuleManager: Shutting down and abandoning module MagicLeapPrivileges (282)
[2020.08.02-05.30.11:226][622]LogModuleManager: Shutting down and abandoning module MagicLeapPlanes (280)
[2020.08.02-05.30.11:226][622]LogMagicLeapPlanes: Planes tracker already destroyed.
[2020.08.02-05.30.11:226][622]LogModuleManager: Shutting down and abandoning module MagicLeapIdentity (278)
[2020.08.02-05.30.11:226][622]LogModuleManager: Shutting down and abandoning module MagicLeapSecureStorage (276)
[2020.08.02-05.30.11:226][622]LogModuleManager: Shutting down and abandoning module MagicLeapImageTracker (274)
[2020.08.02-05.30.11:226][622]LogModuleManager: Shutting down and abandoning module MagicLeapHandTracking (272)
[2020.08.02-05.30.11:226][622]LogModuleManager: Shutting down and abandoning module MagicLeapHandMeshing (270)
[2020.08.02-05.30.11:226][622]LogModuleManager: Shutting down and abandoning module MagicLeapEyeTracker (268)
[2020.08.02-05.30.11:226][622]LogModuleManager: Shutting down and abandoning module MagicLeapController (266)
[2020.08.02-05.30.11:226][622]LogSlate: Slate User Destroyed.  User Index 0, Is Virtual User: 0
[2020.08.02-05.30.11:226][622]LogModuleManager: Shutting down and abandoning module MagicLeapARPin (264)
[2020.08.02-05.30.11:226][622]LogModuleManager: Shutting down and abandoning module MagicLeapAR (262)
[2020.08.02-05.30.11:226][622]LogModuleManager: Shutting down and abandoning module AugmentedReality (261)
[2020.08.02-05.30.11:226][622]LogModuleManager: Shutting down and abandoning module GameplayTagsEditor (258)
[2020.08.02-05.30.11:226][622]LogModuleManager: Shutting down and abandoning module FacialAnimation (256)
[2020.08.02-05.30.11:226][622]LogModuleManager: Shutting down and abandoning module AssetManagerEditor (254)
[2020.08.02-05.30.11:226][622]LogModuleManager: Shutting down and abandoning module TreeMap (253)
[2020.08.02-05.30.11:226][622]LogModuleManager: Shutting down and abandoning module AnimationSharing (250)
[2020.08.02-05.30.11:226][622]LogModuleManager: Shutting down and abandoning module LightPropagationVolumeRuntime (248)
[2020.08.02-05.30.11:226][622]LogModuleManager: Shutting down and abandoning module Paper2D (246)
[2020.08.02-05.30.11:226][622]LogModuleManager: Shutting down and abandoning module WindowsMoviePlayer (244)
[2020.08.02-05.30.11:227][622]LogModuleManager: Shutting down and abandoning module WebMMoviePlayer (242)
[2020.08.02-05.30.11:227][622]LogModuleManager: Shutting down and abandoning module NetworkReplayStreaming (240)
[2020.08.02-05.30.11:227][622]LogModuleManager: Shutting down and abandoning module PacketHandler (238)
[2020.08.02-05.30.11:227][622]LogModuleManager: Shutting down and abandoning module ClothingSystemEditor (236)
[2020.08.02-05.30.11:227][622]LogModuleManager: Shutting down and abandoning module ClothingSystemRuntimeNv (234)
[2020.08.02-05.30.11:227][622]LogModuleManager: Shutting down and abandoning module MediaAssets (232)
[2020.08.02-05.30.11:227][622]LogModuleManager: Shutting down and abandoning module Overlay (230)
[2020.08.02-05.30.11:228][622]LogModuleManager: Shutting down and abandoning module OverlayEditor (229)
[2020.08.02-05.30.11:228][622]LogModuleManager: Shutting down and abandoning module VREditor (226)
[2020.08.02-05.30.11:228][622]LogModuleManager: Shutting down and abandoning module StringTableEditor (224)
[2020.08.02-05.30.11:228][622]LogModuleManager: Shutting down and abandoning module GameplayTasksEditor (222)
[2020.08.02-05.30.11:228][622]LogModuleManager: Shutting down and abandoning module BehaviorTreeEditor (220)
[2020.08.02-05.30.11:228][622]LogModuleManager: Shutting down and abandoning module FunctionalTesting (218)
[2020.08.02-05.30.11:228][622]LogModuleManager: Shutting down and abandoning module CollisionAnalyzer (216)
[2020.08.02-05.30.11:228][622]LogModuleManager: Shutting down and abandoning module WorkspaceMenuStructure (215)
[2020.08.02-05.30.11:228][622]LogModuleManager: Shutting down and abandoning module UMG (212)
[2020.08.02-05.30.11:228][622]LogModuleManager: Shutting down and abandoning module UMGEditor (211)
[2020.08.02-05.30.11:228][622]LogModuleManager: Shutting down and abandoning module Sequencer (210)
[2020.08.02-05.30.11:228][622]LogModuleManager: Shutting down and abandoning module MessageLog (207)
[2020.08.02-05.30.11:228][622]LogModuleManager: Shutting down and abandoning module SlateReflector (202)
[2020.08.02-05.30.11:228][622]LogModuleManager: Shutting down and abandoning module Slate (200)
[2020.08.02-05.30.11:228][622]LogModuleManager: Shutting down and abandoning module SlateCore (198)
[2020.08.02-05.30.11:228][622]LogModuleManager: Shutting down and abandoning module LandscapeEditorUtilities (196)
[2020.08.02-05.30.11:228][622]LogModuleManager: Shutting down and abandoning module EditorStyle (194)
[2020.08.02-05.30.11:229][622]LogModuleManager: Shutting down and abandoning module UnrealEd (192)
[2020.08.02-05.30.11:229][622]LogModuleManager: Shutting down and abandoning module MRMesh (190)
[2020.08.02-05.30.11:229][622]LogModuleManager: Shutting down and abandoning module Messaging (188)
[2020.08.02-05.30.11:229][622]LogModuleManager: Shutting down and abandoning module SourceCodeAccess (186)
[2020.08.02-05.30.11:229][622]LogModuleManager: Shutting down and abandoning module HeadMountedDisplay (184)
[2020.08.02-05.30.11:229][622]LogModuleManager: Shutting down and abandoning module XAudio2 (182)
[2020.08.02-05.30.11:229][622]LogModuleManager: Shutting down and abandoning module Networking (180)
[2020.08.02-05.30.11:229][622]LogModuleManager: Shutting down and abandoning module Core (178)
[2020.08.02-05.30.11:229][622]LogModuleManager: Shutting down and abandoning module MovieSceneTools (176)
[2020.08.02-05.30.11:229][622]LogModuleManager: Shutting down and abandoning module KismetCompiler (174)
[2020.08.02-05.30.11:229][622]LogModuleManager: Shutting down and abandoning module MeshUtilities (172)
[2020.08.02-05.30.11:229][622]LogModuleManager: Shutting down and abandoning module MeshMergeUtilities (171)
[2020.08.02-05.30.11:229][622]LogModuleManager: Shutting down and abandoning module MeshReductionInterface (170)
[2020.08.02-05.30.11:229][622]LogModuleManager: Shutting down and abandoning module MeshBoneReduction (169)
[2020.08.02-05.30.11:229][622]LogModuleManager: Shutting down and abandoning module SkeletalMeshReduction (167)
[2020.08.02-05.30.11:229][622]LogModuleManager: Shutting down and abandoning module ProxyLODMeshReduction (165)
[2020.08.02-05.30.11:229][622]LogModuleManager: Shutting down and abandoning module QuadricMeshReduction (163)
[2020.08.02-05.30.11:229][622]LogModuleManager: Shutting down and abandoning module MaterialBaking (159)
[2020.08.02-05.30.11:229][622]LogModuleManager: Shutting down and abandoning module NullInstallBundleManager (154)
[2020.08.02-05.30.11:229][622]LogModuleManager: Shutting down and abandoning module PIEPreviewDeviceProfileSelector (152)
[2020.08.02-05.30.11:229][622]LogModuleManager: Shutting down and abandoning module DerivedDataCache (150)
[2020.08.02-05.30.11:229][622]LogDerivedDataCache: Shutdown
[2020.08.02-05.30.11:229][622]LogModuleManager: Shutting down and abandoning module XGEController (148)
[2020.08.02-05.30.11:229][622]LogModuleManager: Shutting down and abandoning module TargetPlatform (146)
[2020.08.02-05.30.11:229][622]LogModuleManager: Shutting down and abandoning module VulkanShaderFormat (145)
[2020.08.02-05.30.11:229][622]LogModuleManager: Shutting down and abandoning module ShaderFormatVectorVM (143)
[2020.08.02-05.30.11:229][622]LogModuleManager: Shutting down and abandoning module ShaderFormatOpenGL (141)
[2020.08.02-05.30.11:229][622]LogModuleManager: Shutting down and abandoning module ShaderFormatD3D (139)
[2020.08.02-05.30.11:229][622]LogModuleManager: Shutting down and abandoning module MetalShaderFormat (137)
[2020.08.02-05.30.11:229][622]LogModuleManager: Shutting down and abandoning module TextureFormatUncompressed (135)
[2020.08.02-05.30.11:229][622]LogModuleManager: Shutting down and abandoning module TextureFormatPVR (133)
[2020.08.02-05.30.11:229][622]LogModuleManager: Shutting down and abandoning module TextureFormatDXT (131)
[2020.08.02-05.30.11:229][622]LogModuleManager: Shutting down and abandoning module TextureFormatIntelISPCTexComp (129)
[2020.08.02-05.30.11:229][622]LogModuleManager: Shutting down and abandoning module TextureFormatASTC (127)
[2020.08.02-05.30.11:229][622]LogModuleManager: Shutting down and abandoning module ImageWrapper (126)
[2020.08.02-05.30.11:229][622]LogModuleManager: Shutting down and abandoning module TextureFormatAndroid (123)
[2020.08.02-05.30.11:229][622]LogModuleManager: Shutting down and abandoning module AudioFormatOpus (121)
[2020.08.02-05.30.11:229][622]LogModuleManager: Shutting down and abandoning module AudioFormatOgg (119)
[2020.08.02-05.30.11:229][622]LogModuleManager: Shutting down and abandoning module AudioFormatADPCM (117)
[2020.08.02-05.30.11:229][622]LogModuleManager: Shutting down and abandoning module WindowsServerTargetPlatform (115)
[2020.08.02-05.30.11:229][622]LogModuleManager: Shutting down and abandoning module WindowsClientTargetPlatform (113)
[2020.08.02-05.30.11:229][622]LogModuleManager: Shutting down and abandoning module WindowsTargetPlatform (111)
[2020.08.02-05.30.11:229][622]LogModuleManager: Shutting down and abandoning module WindowsNoEditorTargetPlatform (109)
[2020.08.02-05.30.11:229][622]LogModuleManager: Shutting down and abandoning module InputCore (106)
[2020.08.02-05.30.11:229][622]LogModuleManager: Shutting down and abandoning module Settings (104)
[2020.08.02-05.30.11:229][622]LogModuleManager: Shutting down and abandoning module PhysXCooking (102)
[2020.08.02-05.30.11:229][622]LogModuleManager: Shutting down and abandoning module ChaosSolvers (100)
[2020.08.02-05.30.11:229][622]LogModuleManager: Shutting down and abandoning module FieldSystemEngine (99)
[2020.08.02-05.30.11:229][622]LogModuleManager: Shutting down and abandoning module Chaos (96)
[2020.08.02-05.30.11:230][622]LogModuleManager: Shutting down and abandoning module WindowsPlatformFeatures (94)
[2020.08.02-05.30.11:230][622]LogModuleManager: Shutting down and abandoning module GameplayMediaEncoder (93)
[2020.08.02-05.30.11:230][622]LogModuleManager: Shutting down and abandoning module SteamVRInputDevice (90)
[2020.08.02-05.30.11:230][622]LogModuleManager: Shutting down and abandoning module SteamVRInput (88)
[2020.08.02-05.30.11:230][622]LogModuleManager: Shutting down and abandoning module SteamVR (86)
[2020.08.02-05.30.11:230][622]LogHMD: Freeing OpenVRDLLHandle.
[2020.08.02-05.30.11:230][622]LogModuleManager: Shutting down and abandoning module OculusHMD (84)
[2020.08.02-05.30.11:230][622]LogModuleManager: Shutting down and abandoning module ExampleDeviceProfileSelector (82)
[2020.08.02-05.30.11:230][622]LogModuleManager: Shutting down and abandoning module LauncherChunkInstaller (80)
[2020.08.02-05.30.11:230][622]LogModuleManager: Shutting down and abandoning module OnlineBlueprintSupport (78)
[2020.08.02-05.30.11:230][622]LogModuleManager: Shutting down and abandoning module OnlineSubsystem (74)
[2020.08.02-05.30.11:230][622]LogModuleManager: Shutting down and abandoning module XMPP (69)
[2020.08.02-05.30.11:230][622]LogModuleManager: Shutting down and abandoning module WebSockets (68)
[2020.08.02-05.30.11:240][622]LogModuleManager: Shutting down and abandoning module HTTP (65)
[2020.08.02-05.30.11:266][622]LogModuleManager: Shutting down and abandoning module SSL (64)
[2020.08.02-05.30.11:268][622]LogModuleManager: Shutting down and abandoning module WmfMedia (60)
[2020.08.02-05.30.11:269][622]LogModuleManager: Shutting down and abandoning module Media (59)
[2020.08.02-05.30.11:270][622]LogModuleManager: Shutting down and abandoning module MagicLeap (56)
[2020.08.02-05.30.11:270][622]LogModuleManager: Shutting down and abandoning module VariantManagerContent (54)
[2020.08.02-05.30.11:270][622]LogModuleManager: Shutting down and abandoning module DatasmithContent (52)
[2020.08.02-05.30.11:270][622]LogModuleManager: Shutting down and abandoning module AISupportModule (50)
[2020.08.02-05.30.11:271][622]LogModuleManager: Shutting down and abandoning module DesktopPlatform (48)
[2020.08.02-05.30.11:271][622]LogModuleManager: Shutting down and abandoning module PythonScriptPluginPreload (46)
[2020.08.02-05.30.11:271][622]LogModuleManager: Shutting down and abandoning module PlatformCryptoOpenSSL (44)
[2020.08.02-05.30.11:271][622]LogModuleManager: Shutting down and abandoning module PlatformCryptoTypes (42)
[2020.08.02-05.30.11:271][622]LogModuleManager: Shutting down and abandoning module PlatformCrypto (40)
[2020.08.02-05.30.11:271][622]LogModuleManager: Shutting down and abandoning module AnimationModifiers (38)
[2020.08.02-05.30.11:271][622]LogModuleManager: Shutting down and abandoning module PropertyEditor (37)
[2020.08.02-05.30.11:271][622]LogModuleManager: Shutting down and abandoning module AudioEditor (34)
[2020.08.02-05.30.11:271][622]LogModuleManager: Shutting down and abandoning module TextureCompressor (32)
[2020.08.02-05.30.11:271][622]LogModuleManager: Shutting down and abandoning module RenderCore (30)
[2020.08.02-05.30.11:271][622]LogModuleManager: Shutting down and abandoning module Landscape (28)
[2020.08.02-05.30.11:271][622]LogModuleManager: Shutting down and abandoning module SlateRHIRenderer (26)
[2020.08.02-05.30.11:272][622]LogModuleManager: Shutting down and abandoning module OpenGLDrv (24)
[2020.08.02-05.30.11:272][622]LogModuleManager: Shutting down and abandoning module D3D11RHI (22)
[2020.08.02-05.30.11:272][622]LogModuleManager: Shutting down and abandoning module AnimGraphRuntime (20)
[2020.08.02-05.30.11:272][622]LogModuleManager: Shutting down and abandoning module Renderer (18)
[2020.08.02-05.30.11:272][622]LogModuleManager: Shutting down and abandoning module Engine (16)
[2020.08.02-05.30.11:272][622]LogModuleManager: Shutting down and abandoning module CoreUObject (14)
[2020.08.02-05.30.11:272][622]LogModuleManager: Shutting down and abandoning module NetworkFile (12)
[2020.08.02-05.30.11:272][622]LogModuleManager: Shutting down and abandoning module CookedIterativeFile (10)
[2020.08.02-05.30.11:272][622]LogModuleManager: Shutting down and abandoning module StreamingFile (8)
[2020.08.02-05.30.11:272][622]LogModuleManager: Shutting down and abandoning module SandboxFile (6)
[2020.08.02-05.30.11:272][622]LogModuleManager: Shutting down and abandoning module PakFile (4)
[2020.08.02-05.30.11:272][622]LogModuleManager: Shutting down and abandoning module RSA (3)
[2020.08.02-05.30.11:273][622]LogD3D11RHI: Shutdown
[2020.08.02-05.30.11:273][622]LogD3D11RHI: CleanupD3DDevice
[2020.08.02-05.30.11:290][622]LogExit: Exiting.
[2020.08.02-05.30.11:296][622]Log file closed, 08/02/20 01:30:11
