Log file open, 08/02/20 00:51:50
LogWindows: Failed to load 'aqProf.dll' (GetLastError=126)
LogWindows: File 'aqProf.dll' does not exist
LogWindows: Failed to load 'VtuneApi.dll' (GetLastError=126)
LogWindows: File 'VtuneApi.dll' does not exist
LogWindows: Failed to load 'VtuneApi32e.dll' (GetLastError=126)
LogWindows: File 'VtuneApi32e.dll' does not exist
LogConsoleResponse: Display: Failed to find resolution value strings in scalability ini. Falling back to default.
LogInit: Display: Running engine for game: Final_Project
LogPlatformFile: Not using cached read wrapper
LogTaskGraph: Started task graph with 5 named threads and 35 total threads with 3 sets of task threads.
LogStats: Stats thread started at 0.075487
LogD3D11RHI: Loaded GFSDK_Aftermath_Lib.x64.dll
LogICUInternationalization: ICU TimeZone Detection - Raw Offset: -5:00, Platform Override: ''
LogPluginManager: Mounting plugin Paper2D
LogPluginManager: Mounting plugin AISupport
LogPluginManager: Mounting plugin LightPropagationVolume
LogPluginManager: Mounting plugin ActorLayerUtilities
LogPluginManager: Mounting plugin AnimationSharing
LogPluginManager: Mounting plugin CLionSourceCodeAccess
LogPluginManager: Mounting plugin CodeLiteSourceCodeAccess
LogPluginManager: Mounting plugin GitSourceControl
LogPluginManager: Mounting plugin KDevelopSourceCodeAccess
LogPluginManager: Mounting plugin NullSourceCodeAccess
LogPluginManager: Mounting plugin PerforceSourceControl
LogPluginManager: Mounting plugin PlasticSourceControl
LogPluginManager: Mounting plugin SubversionSourceControl
LogPluginManager: Mounting plugin UObjectPlugin
LogPluginManager: Mounting plugin VisualStudioCodeSourceCodeAccess
LogPluginManager: Mounting plugin VisualStudioSourceCodeAccess
LogPluginManager: Mounting plugin XCodeSourceCodeAccess
LogPluginManager: Mounting plugin AssetManagerEditor
LogPluginManager: Mounting plugin CryptoKeys
LogPluginManager: Mounting plugin CurveEditorTools
LogPluginManager: Mounting plugin DataValidation
LogPluginManager: Mounting plugin EditorScriptingUtilities
LogPluginManager: Mounting plugin FacialAnimation
LogPluginManager: Mounting plugin GameplayTagsEditor
LogPluginManager: Mounting plugin MacGraphicsSwitching
LogPluginManager: Mounting plugin MaterialAnalyzer
LogPluginManager: Mounting plugin MobileLauncherProfileWizard
LogPluginManager: Mounting plugin PluginBrowser
LogPluginManager: Mounting plugin SpeedTreeImporter
LogPluginManager: Mounting plugin DatasmithContent
LogPluginManager: Mounting plugin VariantManagerContent
LogPluginManager: Mounting plugin AlembicImporter
LogPluginManager: Mounting plugin AutomationUtils
LogPluginManager: Mounting plugin BackChannel
LogPluginManager: Mounting plugin CharacterAI
LogPluginManager: Mounting plugin GeometryCache
LogPluginManager: Mounting plugin PlatformCrypto
LogPluginManager: Mounting plugin ProxyLODPlugin
LogPluginManager: Mounting plugin PythonScriptPlugin
LogPluginManager: Mounting plugin SkeletalReduction
LogPluginManager: Mounting plugin MagicLeap
LogPluginManager: Mounting plugin MagicLeapMedia
LogPluginManager: Mounting plugin MLSDK
LogPluginManager: Mounting plugin AssetsCleaner
LogPluginManager: Mounting plugin AndroidMedia
LogPluginManager: Mounting plugin AvfMedia
LogPluginManager: Mounting plugin ImgMedia
LogPluginManager: Mounting plugin MediaCompositing
LogPluginManager: Mounting plugin MediaPlayerEditor
LogPluginManager: Mounting plugin WebMMedia
LogPluginManager: Mounting plugin WmfMedia
LogPluginManager: Mounting plugin MegascansPlugin
LogPluginManager: Mounting plugin TcpMessaging
LogPluginManager: Mounting plugin UdpMessaging
LogPluginManager: Mounting plugin ActorSequence
LogPluginManager: Mounting plugin LevelSequenceEditor
LogPluginManager: Mounting plugin MatineeToLevelSequence
LogPluginManager: Mounting plugin NetcodeUnitTest
LogPluginManager: Mounting plugin NUTUnrealEngine4
LogPluginManager: Mounting plugin OnlineSubsystemGooglePlay
LogPluginManager: Mounting plugin OnlineSubsystemIOS
LogPluginManager: Mounting plugin OnlineSubsystem
LogPluginManager: Mounting plugin OnlineSubsystemNull
LogPluginManager: Mounting plugin OnlineSubsystemUtils
LogPluginManager: Mounting plugin LauncherChunkInstaller
LogPluginManager: Mounting plugin AndroidDeviceProfileSelector
LogPluginManager: Mounting plugin AndroidMoviePlayer
LogPluginManager: Mounting plugin AndroidPermission
LogPluginManager: Mounting plugin AppleImageUtils
LogPluginManager: Mounting plugin AppleMoviePlayer
LogPluginManager: Mounting plugin ArchVisCharacter
LogPluginManager: Mounting plugin AssetTags
LogPluginManager: Mounting plugin AudioCapture
LogPluginManager: Mounting plugin CableComponent
LogPluginManager: Mounting plugin CustomMeshComponent
LogPluginManager: Mounting plugin EditableMesh
LogPluginManager: Mounting plugin ExampleDeviceProfileSelector
LogPluginManager: Mounting plugin GoogleCloudMessaging
LogPluginManager: Mounting plugin IOSDeviceProfileSelector
LogPluginManager: Mounting plugin LinuxDeviceProfileSelector
LogPluginManager: Mounting plugin LocationServicesBPLibrary
LogPluginManager: Mounting plugin MobilePatchingUtils
LogPluginManager: Mounting plugin OculusVR
LogPluginManager: Mounting plugin PhysXVehicles
LogPluginManager: Mounting plugin PostSplashScreen
LogPluginManager: Mounting plugin ProceduralMeshComponent
LogPluginManager: Mounting plugin RuntimePhysXCooking
LogPluginManager: Mounting plugin SignificanceManager
LogPluginManager: Mounting plugin SteamVR
LogPluginManager: Mounting plugin WebMMoviePlayer
LogPluginManager: Mounting plugin WindowsMoviePlayer
LogPluginManager: Mounting plugin ScreenshotTools
LogInit: Using libcurl 7.55.1-DEV
LogInit:  - built for x86_64-pc-win32
LogInit:  - supports SSL with OpenSSL/1.1.1
LogInit:  - supports HTTP deflate (compression) using libz 1.2.8
LogInit:  - other features:
LogInit:      CURL_VERSION_SSL
LogInit:      CURL_VERSION_LIBZ
LogInit:      CURL_VERSION_IPV6
LogInit:      CURL_VERSION_ASYNCHDNS
LogInit:      CURL_VERSION_LARGEFILE
LogInit:      CURL_VERSION_IDN
LogInit:  CurlRequestOptions (configurable via config and command line):
LogInit:  - bVerifyPeer = true  - Libcurl will verify peer certificate
LogInit:  - bUseHttpProxy = false  - Libcurl will NOT use HTTP proxy
LogInit:  - bDontReuseConnections = false  - Libcurl will reuse connections
LogInit:  - MaxHostConnections = 16  - Libcurl will limit the number of connections to a host
LogInit:  - LocalHostAddr = Default
LogInit:  - BufferSize = 65536
LogOnline: OSS: Creating online subsystem instance for: NULL
LogInit: WinSock: version 1.1 (2.2), MaxSocks=32767, MaxUdp=65467
LogOnline: OSS: TryLoadSubsystemAndSetDefault: Loaded subsystem for module [NULL]
LogInit: Build: ++UE4+Release-4.24-CL-11590370
LogInit: Engine Version: 4.24.3-11590370+++UE4+Release-4.24
LogInit: Compatible Engine Version: 4.24.0-10570792+++UE4+Release-4.24
LogInit: Net CL: 10570792
LogInit: OS: Windows 10 (Release 1903) (), CPU: Intel(R) Core(TM) i7-8750H CPU @ 2.20GHz, GPU: Intel(R) UHD Graphics 630
LogInit: Compiled (64-bit): Feb 24 2020 15:39:18
LogInit: Compiled with Visual C++: 19.16.27032.01
LogInit: Build Configuration: Development
LogInit: Branch Name: ++UE4+Release-4.24
LogInit: Command Line: 
LogInit: Base Directory: C:/Program Files/Epic Games/UE_4.24/Engine/Binaries/Win64/
LogInit: Installed Engine Build: 1
LogDevObjectVersion: Number of dev versions registered: 25
LogDevObjectVersion:   Dev-Blueprints (B0D832E4-1F89-4F0D-ACCF-7EB736FD4AA2): 10
LogDevObjectVersion:   Dev-Build (E1C64328-A22C-4D53-A36C-8E866417BD8C): 0
LogDevObjectVersion:   Dev-Core (375EC13C-06E4-48FB-B500-84F0262A717E): 3
LogDevObjectVersion:   Dev-Editor (E4B068ED-F494-42E9-A231-DA0B2E46BB41): 37
LogDevObjectVersion:   Dev-Framework (CFFC743F-43B0-4480-9391-14DF171D2073): 36
LogDevObjectVersion:   Dev-Mobile (B02B49B5-BB20-44E9-A304-32B752E40360): 2
LogDevObjectVersion:   Dev-Networking (A4E4105C-59A1-49B5-A7C5-40C4547EDFEE): 0
LogDevObjectVersion:   Dev-Online (39C831C9-5AE6-47DC-9A44-9C173E1C8E7C): 0
LogDevObjectVersion:   Dev-Physics (78F01B33-EBEA-4F98-B9B4-84EACCB95AA2): 2
LogDevObjectVersion:   Dev-Platform (6631380F-2D4D-43E0-8009-CF276956A95A): 0
LogDevObjectVersion:   Dev-Rendering (12F88B9F-8875-4AFC-A67C-D90C383ABD29): 36
LogDevObjectVersion:   Dev-Sequencer (7B5AE74C-D270-4C10-A958-57980B212A5A): 11
LogDevObjectVersion:   Dev-VR (D7296918-1DD6-4BDD-9DE2-64A83CC13884): 2
LogDevObjectVersion:   Dev-LoadTimes (C2A15278-BFE7-4AFE-6C17-90FF531DF755): 1
LogDevObjectVersion:   Private-Geometry (6EACA3D4-40EC-4CC1-B786-8BED09428FC5): 3
LogDevObjectVersion:   Dev-AnimPhys (29E575DD-E0A3-4627-9D10-D276232CDCEA): 17
LogDevObjectVersion:   Dev-Anim (AF43A65D-7FD3-4947-9873-3E8ED9C1BB05): 2
LogDevObjectVersion:   Dev-ReflectionCapture (6B266CEC-1EC7-4B8F-A30B-E4D90942FC07): 1
LogDevObjectVersion:   Dev-Automation (0DF73D61-A23F-47EA-B727-89E90C41499A): 1
LogDevObjectVersion:   FortniteMain (601D1886-AC64-4F84-AA16-D3DE0DEAC7D6): 31
LogDevObjectVersion:   Dev-Enterprise (9DFFBCD6-494F-0158-E221-12823C92A888): 8
LogDevObjectVersion:   Dev-Niagara (F2AED0AC-9AFE-416F-8664-AA7FFA26D6FC): 1
LogDevObjectVersion:   Dev-Destruction (174F1F0B-B4C6-45A5-B13F-2EE8D0FB917D): 9
LogDevObjectVersion:   Dev-Physics-Ext (35F94A83-E258-406C-A318-09F59610247C): 8
LogDevObjectVersion:   Dev-CineCamera (B2E18506-4273-CFC2-A54E-F4BB758BBA07): 1
LogInit: Presizing for max 25165824 objects, including 0 objects not considered by GC, pre-allocating 0 bytes for permanent pool.
LogInit: Object subsystem initialized
LogConfig: Setting CVar [[con.DebugEarlyDefault:1]]
LogConfig: Setting CVar [[r.setres:1280x720]]
[2020.08.02-04.51.50:796][  0]LogConfig: Setting CVar [[r.VSync:0]]
[2020.08.02-04.51.50:796][  0]LogConfig: Setting CVar [[r.RHICmdBypass:0]]
[2020.08.02-04.51.50:796][  0]LogConfig: Applying CVar settings from Section [/Script/Engine.RendererSettings] File [C:/Users/SourApple/Documents/GitHub/AtHome_Internship/Saved/Config/Windows/Engine.ini]
[2020.08.02-04.51.50:796][  0]LogConfig: Setting CVar [[r.GPUCrashDebugging:0]]
[2020.08.02-04.51.50:796][  0]LogConfig: Applying CVar settings from Section [/Script/Engine.RendererOverrideSettings] File [C:/Users/SourApple/Documents/GitHub/AtHome_Internship/Saved/Config/Windows/Engine.ini]
[2020.08.02-04.51.50:796][  0]LogConfig: Applying CVar settings from Section [/Script/Engine.StreamingSettings] File [C:/Users/SourApple/Documents/GitHub/AtHome_Internship/Saved/Config/Windows/Engine.ini]
[2020.08.02-04.51.50:796][  0]LogConfig: Setting CVar [[s.MinBulkDataSizeForAsyncLoading:131072]]
[2020.08.02-04.51.50:796][  0]LogConfig: Setting CVar [[s.AsyncLoadingThreadEnabled:0]]
[2020.08.02-04.51.50:796][  0]LogConfig: Setting CVar [[s.EventDrivenLoaderEnabled:1]]
[2020.08.02-04.51.50:796][  0]LogConfig: Setting CVar [[s.WarnIfTimeLimitExceeded:0]]
[2020.08.02-04.51.50:796][  0]LogConfig: Setting CVar [[s.TimeLimitExceededMultiplier:1.5]]
[2020.08.02-04.51.50:796][  0]LogConfig: Setting CVar [[s.TimeLimitExceededMinTime:0.005]]
[2020.08.02-04.51.50:796][  0]LogConfig: Setting CVar [[s.UseBackgroundLevelStreaming:1]]
[2020.08.02-04.51.50:796][  0]LogConfig: Setting CVar [[s.PriorityAsyncLoadingExtraTime:15.0]]
[2020.08.02-04.51.50:796][  0]LogConfig: Setting CVar [[s.LevelStreamingActorsUpdateTimeLimit:5.0]]
[2020.08.02-04.51.50:796][  0]LogConfig: Setting CVar [[s.PriorityLevelStreamingActorsUpdateExtraTime:5.0]]
[2020.08.02-04.51.50:796][  0]LogConfig: Setting CVar [[s.LevelStreamingComponentsRegistrationGranularity:10]]
[2020.08.02-04.51.50:796][  0]LogConfig: Setting CVar [[s.UnregisterComponentsTimeLimit:1.0]]
[2020.08.02-04.51.50:796][  0]LogConfig: Setting CVar [[s.LevelStreamingComponentsUnregistrationGranularity:5]]
[2020.08.02-04.51.50:796][  0]LogConfig: Setting CVar [[s.FlushStreamingOnExit:1]]
[2020.08.02-04.51.50:796][  0]LogConfig: Applying CVar settings from Section [/Script/Engine.GarbageCollectionSettings] File [C:/Users/SourApple/Documents/GitHub/AtHome_Internship/Saved/Config/Windows/Engine.ini]
[2020.08.02-04.51.50:796][  0]LogConfig: Setting CVar [[gc.MaxObjectsNotConsideredByGC:1]]
[2020.08.02-04.51.50:796][  0]LogConfig: Setting CVar [[gc.SizeOfPermanentObjectPool:0]]
[2020.08.02-04.51.50:796][  0]LogConfig: Setting CVar [[gc.FlushStreamingOnGC:0]]
[2020.08.02-04.51.50:796][  0]LogConfig: Setting CVar [[gc.NumRetriesBeforeForcingGC:10]]
[2020.08.02-04.51.50:796][  0]LogConfig: Setting CVar [[gc.AllowParallelGC:1]]
[2020.08.02-04.51.50:796][  0]LogConfig: Setting CVar [[gc.TimeBetweenPurgingPendingKillObjects:61.1]]
[2020.08.02-04.51.50:796][  0]LogConfig: Setting CVar [[gc.MaxObjectsInEditor:25165824]]
[2020.08.02-04.51.50:796][  0]LogConfig: Setting CVar [[gc.IncrementalBeginDestroyEnabled:1]]
[2020.08.02-04.51.50:796][  0]LogConfig: Setting CVar [[gc.CreateGCClusters:1]]
[2020.08.02-04.51.50:796][  0]LogConfig: Setting CVar [[gc.MinGCClusterSize:5]]
[2020.08.02-04.51.50:796][  0]LogConfig: Setting CVar [[gc.ActorClusteringEnabled:0]]
[2020.08.02-04.51.50:796][  0]LogConfig: Setting CVar [[gc.BlueprintClusteringEnabled:0]]
[2020.08.02-04.51.50:796][  0]LogConfig: Setting CVar [[gc.UseDisregardForGCOnDedicatedServers:0]]
[2020.08.02-04.51.50:796][  0]LogConfig: Applying CVar settings from Section [/Script/Engine.NetworkSettings] File [C:/Users/SourApple/Documents/GitHub/AtHome_Internship/Saved/Config/Windows/Engine.ini]
[2020.08.02-04.51.50:796][  0]LogConfig: Applying CVar settings from Section [/Script/UnrealEd.CookerSettings] File [C:/Users/SourApple/Documents/GitHub/AtHome_Internship/Saved/Config/Windows/Engine.ini]
[2020.08.02-04.51.50:800][  0]LogConfig: Applying CVar settings from Section [ViewDistanceQuality@3] File [C:/Users/SourApple/Documents/GitHub/AtHome_Internship/Saved/Config/Windows/Scalability.ini]
[2020.08.02-04.51.50:800][  0]LogConfig: Setting CVar [[r.SkeletalMeshLODBias:0]]
[2020.08.02-04.51.50:800][  0]LogConfig: Setting CVar [[r.ViewDistanceScale:1.0]]
[2020.08.02-04.51.50:800][  0]LogConfig: Applying CVar settings from Section [AntiAliasingQuality@3] File [C:/Users/SourApple/Documents/GitHub/AtHome_Internship/Saved/Config/Windows/Scalability.ini]
[2020.08.02-04.51.50:800][  0]LogConfig: Setting CVar [[r.PostProcessAAQuality:4]]
[2020.08.02-04.51.50:800][  0]LogConfig: Applying CVar settings from Section [ShadowQuality@3] File [C:/Users/SourApple/Documents/GitHub/AtHome_Internship/Saved/Config/Windows/Scalability.ini]
[2020.08.02-04.51.50:800][  0]LogConfig: Setting CVar [[r.LightFunctionQuality:1]]
[2020.08.02-04.51.50:800][  0]LogConfig: Setting CVar [[r.ShadowQuality:5]]
[2020.08.02-04.51.50:800][  0]LogConfig: Setting CVar [[r.Shadow.CSM.MaxCascades:10]]
[2020.08.02-04.51.50:800][  0]LogConfig: Setting CVar [[r.Shadow.MaxResolution:2048]]
[2020.08.02-04.51.50:800][  0]LogConfig: Setting CVar [[r.Shadow.MaxCSMResolution:2048]]
[2020.08.02-04.51.50:800][  0]LogConfig: Setting CVar [[r.Shadow.RadiusThreshold:0.01]]
[2020.08.02-04.51.50:800][  0]LogConfig: Setting CVar [[r.Shadow.DistanceScale:1.0]]
[2020.08.02-04.51.50:800][  0]LogConfig: Setting CVar [[r.Shadow.CSM.TransitionScale:1.0]]
[2020.08.02-04.51.50:800][  0]LogConfig: Setting CVar [[r.Shadow.PreShadowResolutionFactor:1.0]]
[2020.08.02-04.51.50:800][  0]LogConfig: Setting CVar [[r.DistanceFieldShadowing:1]]
[2020.08.02-04.51.50:800][  0]LogConfig: Setting CVar [[r.DistanceFieldAO:1]]
[2020.08.02-04.51.50:800][  0]LogConfig: Setting CVar [[r.AOQuality:2]]
[2020.08.02-04.51.50:801][  0]LogConfig: Setting CVar [[r.VolumetricFog:1]]
[2020.08.02-04.51.50:801][  0]LogConfig: Setting CVar [[r.VolumetricFog.GridPixelSize:8]]
[2020.08.02-04.51.50:801][  0]LogConfig: Setting CVar [[r.VolumetricFog.GridSizeZ:128]]
[2020.08.02-04.51.50:801][  0]LogConfig: Setting CVar [[r.VolumetricFog.HistoryMissSupersampleCount:4]]
[2020.08.02-04.51.50:801][  0]LogConfig: Setting CVar [[r.LightMaxDrawDistanceScale:1]]
[2020.08.02-04.51.50:801][  0]LogConfig: Setting CVar [[r.CapsuleShadows:1]]
[2020.08.02-04.51.50:801][  0]LogConfig: Applying CVar settings from Section [PostProcessQuality@3] File [C:/Users/SourApple/Documents/GitHub/AtHome_Internship/Saved/Config/Windows/Scalability.ini]
[2020.08.02-04.51.50:801][  0]LogConfig: Setting CVar [[r.MotionBlurQuality:4]]
[2020.08.02-04.51.50:801][  0]LogConfig: Setting CVar [[r.AmbientOcclusionMipLevelFactor:0.4]]
[2020.08.02-04.51.50:801][  0]LogConfig: Setting CVar [[r.AmbientOcclusionMaxQuality:100]]
[2020.08.02-04.51.50:801][  0]LogConfig: Setting CVar [[r.AmbientOcclusionLevels:-1]]
[2020.08.02-04.51.50:801][  0]LogConfig: Setting CVar [[r.AmbientOcclusionRadiusScale:1.0]]
[2020.08.02-04.51.50:801][  0]LogConfig: Setting CVar [[r.DepthOfFieldQuality:2]]
[2020.08.02-04.51.50:801][  0]LogConfig: Setting CVar [[r.RenderTargetPoolMin:400]]
[2020.08.02-04.51.50:801][  0]LogConfig: Setting CVar [[r.LensFlareQuality:2]]
[2020.08.02-04.51.50:801][  0]LogConfig: Setting CVar [[r.SceneColorFringeQuality:1]]
[2020.08.02-04.51.50:801][  0]LogConfig: Setting CVar [[r.EyeAdaptationQuality:2]]
[2020.08.02-04.51.50:801][  0]LogConfig: Setting CVar [[r.BloomQuality:5]]
[2020.08.02-04.51.50:801][  0]LogConfig: Setting CVar [[r.FastBlurThreshold:100]]
[2020.08.02-04.51.50:801][  0]LogConfig: Setting CVar [[r.Upscale.Quality:3]]
[2020.08.02-04.51.50:801][  0]LogConfig: Setting CVar [[r.Tonemapper.GrainQuantization:1]]
[2020.08.02-04.51.50:801][  0]LogConfig: Setting CVar [[r.LightShaftQuality:1]]
[2020.08.02-04.51.50:801][  0]LogConfig: Setting CVar [[r.Filter.SizeScale:1]]
[2020.08.02-04.51.50:801][  0]LogConfig: Setting CVar [[r.Tonemapper.Quality:5]]
[2020.08.02-04.51.50:801][  0]LogConfig: Setting CVar [[r.DOF.Gather.AccumulatorQuality:1        ; higher gathering accumulator quality]]
[2020.08.02-04.51.50:801][  0]LogConfig: Setting CVar [[r.DOF.Gather.PostfilterMethod:1          ; Median3x3 postfilering method]]
[2020.08.02-04.51.50:801][  0]LogConfig: Setting CVar [[r.DOF.Gather.EnableBokehSettings:0       ; no bokeh simulation when gathering]]
[2020.08.02-04.51.50:801][  0]LogConfig: Setting CVar [[r.DOF.Gather.RingCount:4                 ; medium number of samples when gathering]]
[2020.08.02-04.51.50:801][  0]LogConfig: Setting CVar [[r.DOF.Scatter.ForegroundCompositing:1    ; additive foreground scattering]]
[2020.08.02-04.51.50:801][  0]LogConfig: Setting CVar [[r.DOF.Scatter.BackgroundCompositing:2    ; additive background scattering]]
[2020.08.02-04.51.50:801][  0]LogConfig: Setting CVar [[r.DOF.Scatter.EnableBokehSettings:1      ; bokeh simulation when scattering]]
[2020.08.02-04.51.50:801][  0]LogConfig: Setting CVar [[r.DOF.Scatter.MaxSpriteRatio:0.1         ; only a maximum of 10% of scattered bokeh]]
[2020.08.02-04.51.50:801][  0]LogConfig: Setting CVar [[r.DOF.Recombine.Quality:1                ; cheap slight out of focus]]
[2020.08.02-04.51.50:801][  0]LogConfig: Setting CVar [[r.DOF.Recombine.EnableBokehSettings:0    ; no bokeh simulation on slight out of focus]]
[2020.08.02-04.51.50:801][  0]LogConfig: Setting CVar [[r.DOF.TemporalAAQuality:1                ; more stable temporal accumulation]]
[2020.08.02-04.51.50:801][  0]LogConfig: Setting CVar [[r.DOF.Kernel.MaxForegroundRadius:0.025]]
[2020.08.02-04.51.50:801][  0]LogConfig: Setting CVar [[r.DOF.Kernel.MaxBackgroundRadius:0.025]]
[2020.08.02-04.51.50:801][  0]LogConfig: Applying CVar settings from Section [TextureQuality@3] File [C:/Users/SourApple/Documents/GitHub/AtHome_Internship/Saved/Config/Windows/Scalability.ini]
[2020.08.02-04.51.50:801][  0]LogConfig: Setting CVar [[r.Streaming.MipBias:0]]
[2020.08.02-04.51.50:801][  0]LogConfig: Setting CVar [[r.Streaming.AmortizeCPUToGPUCopy:0]]
[2020.08.02-04.51.50:801][  0]LogConfig: Setting CVar [[r.Streaming.MaxNumTexturesToStreamPerFrame:0]]
[2020.08.02-04.51.50:801][  0]LogConfig: Setting CVar [[r.Streaming.Boost:1]]
[2020.08.02-04.51.50:801][  0]LogConfig: Setting CVar [[r.MaxAnisotropy:8]]
[2020.08.02-04.51.50:801][  0]LogConfig: Setting CVar [[r.VT.MaxAnisotropy:8]]
[2020.08.02-04.51.50:801][  0]LogConfig: Setting CVar [[r.Streaming.LimitPoolSizeToVRAM:0]]
[2020.08.02-04.51.50:801][  0]LogConfig: Setting CVar [[r.Streaming.PoolSize:1000]]
[2020.08.02-04.51.50:801][  0]LogConfig: Setting CVar [[r.Streaming.MaxEffectiveScreenSize:0]]
[2020.08.02-04.51.50:801][  0]LogConfig: Applying CVar settings from Section [EffectsQuality@3] File [C:/Users/SourApple/Documents/GitHub/AtHome_Internship/Saved/Config/Windows/Scalability.ini]
[2020.08.02-04.51.50:801][  0]LogConfig: Setting CVar [[r.TranslucencyLightingVolumeDim:64]]
[2020.08.02-04.51.50:801][  0]LogConfig: Setting CVar [[r.RefractionQuality:2]]
[2020.08.02-04.51.50:801][  0]LogConfig: Setting CVar [[r.SSR.Quality:3]]
[2020.08.02-04.51.50:801][  0]LogConfig: Setting CVar [[r.SSR.HalfResSceneColor:0]]
[2020.08.02-04.51.50:801][  0]LogConfig: Setting CVar [[r.SceneColorFormat:4]]
[2020.08.02-04.51.50:801][  0]LogConfig: Setting CVar [[r.DetailMode:2]]
[2020.08.02-04.51.50:801][  0]LogConfig: Setting CVar [[r.TranslucencyVolumeBlur:1]]
[2020.08.02-04.51.50:801][  0]LogConfig: Setting CVar [[r.MaterialQualityLevel:1 ; High quality]]
[2020.08.02-04.51.50:801][  0]LogConfig: Setting CVar [[r.SSS.Scale:1]]
[2020.08.02-04.51.50:801][  0]LogConfig: Setting CVar [[r.SSS.SampleSet:2]]
[2020.08.02-04.51.50:801][  0]LogConfig: Setting CVar [[r.SSS.Quality:1]]
[2020.08.02-04.51.50:801][  0]LogConfig: Setting CVar [[r.SSS.HalfRes:1]]
[2020.08.02-04.51.50:801][  0]LogConfig: Setting CVar [[r.SSGI.Quality:3]]
[2020.08.02-04.51.50:801][  0]LogConfig: Setting CVar [[r.EmitterSpawnRateScale:1.0]]
[2020.08.02-04.51.50:801][  0]LogConfig: Setting CVar [[r.ParticleLightQuality:2]]
[2020.08.02-04.51.50:801][  0]LogConfig: Setting CVar [[r.SkyAtmosphere.AerialPerspectiveLUT.FastApplyOnOpaque:1 ; Always have FastSkyLUT 1 in this case to avoid wrong sky]]
[2020.08.02-04.51.50:801][  0]LogConfig: Setting CVar [[r.SkyAtmosphere.AerialPerspectiveLUT.SampleCountPerSlice:1]]
[2020.08.02-04.51.50:801][  0]LogConfig: Setting CVar [[r.SkyAtmosphere.AerialPerspectiveLUT.DepthResolution:16.0]]
[2020.08.02-04.51.50:801][  0]LogConfig: Setting CVar [[r.SkyAtmosphere.FastSkyLUT:1]]
[2020.08.02-04.51.50:801][  0]LogConfig: Setting CVar [[r.SkyAtmosphere.FastSkyLUT.SampleCountMin:4.0]]
[2020.08.02-04.51.50:801][  0]LogConfig: Setting CVar [[r.SkyAtmosphere.FastSkyLUT.SampleCountMax:32.0]]
[2020.08.02-04.51.50:801][  0]LogConfig: Setting CVar [[r.SkyAtmosphere.SampleCountMin:4.0]]
[2020.08.02-04.51.50:801][  0]LogConfig: Setting CVar [[r.SkyAtmosphere.SampleCountMax:32.0]]
[2020.08.02-04.51.50:801][  0]LogConfig: Setting CVar [[r.SkyAtmosphere.TransmittanceLUT.UseSmallFormat:0]]
[2020.08.02-04.51.50:801][  0]LogConfig: Setting CVar [[r.SkyAtmosphere.TransmittanceLUT.SampleCount:10.0]]
[2020.08.02-04.51.50:801][  0]LogConfig: Setting CVar [[r.SkyAtmosphere.MultiScatteringLUT.SampleCount:15.0]]
[2020.08.02-04.51.50:801][  0]LogConfig: Applying CVar settings from Section [FoliageQuality@3] File [C:/Users/SourApple/Documents/GitHub/AtHome_Internship/Saved/Config/Windows/Scalability.ini]
[2020.08.02-04.51.50:801][  0]LogConfig: Setting CVar [[foliage.DensityScale:1.0]]
[2020.08.02-04.51.50:801][  0]LogConfig: Setting CVar [[grass.DensityScale:1.0]]
[2020.08.02-04.51.50:801][  0]LogConfig: Applying CVar settings from Section [ShadingQuality@3] File [C:/Users/SourApple/Documents/GitHub/AtHome_Internship/Saved/Config/Windows/Scalability.ini]
[2020.08.02-04.51.50:801][  0]LogConfig: Setting CVar [[r.HairStrands.SkyLighting.SampleCount:16]]
[2020.08.02-04.51.50:801][  0]LogConfig: Setting CVar [[r.HairStrands.SkyLighting.JitterIntegration:0]]
[2020.08.02-04.51.50:801][  0]LogConfig: Setting CVar [[r.HairStrands.SkyAO.SampleCount:16]]
[2020.08.02-04.51.50:802][  0]LogInit: Selected Device Profile: [Windows]
[2020.08.02-04.51.50:802][  0]LogInit: Applying CVar settings loaded from the selected device profile: [Windows]
[2020.08.02-04.51.50:804][  0]LogHAL: Display: Platform has ~ 16 GB [17019023360 / 17179869184 / 16], which maps to Larger [LargestMinGB=32, LargerMinGB=12, DefaultMinGB=8, SmallerMinGB=6, SmallestMinGB=0)
[2020.08.02-04.51.50:804][  0]LogInit: Going up to parent DeviceProfile []
[2020.08.02-04.51.50:804][  0]LogConfig: Applying CVar settings from Section [ViewDistanceQuality@3] File [C:/Users/SourApple/Documents/GitHub/AtHome_Internship/Saved/Config/Windows/Scalability.ini]
[2020.08.02-04.51.50:804][  0]LogConfig: Setting CVar [[r.SkeletalMeshLODBias:0]]
[2020.08.02-04.51.50:804][  0]LogConfig: Setting CVar [[r.ViewDistanceScale:1.0]]
[2020.08.02-04.51.50:804][  0]LogConfig: Applying CVar settings from Section [AntiAliasingQuality@3] File [C:/Users/SourApple/Documents/GitHub/AtHome_Internship/Saved/Config/Windows/Scalability.ini]
[2020.08.02-04.51.50:804][  0]LogConfig: Setting CVar [[r.PostProcessAAQuality:4]]
[2020.08.02-04.51.50:804][  0]LogConfig: Applying CVar settings from Section [ShadowQuality@3] File [C:/Users/SourApple/Documents/GitHub/AtHome_Internship/Saved/Config/Windows/Scalability.ini]
[2020.08.02-04.51.50:804][  0]LogConfig: Setting CVar [[r.LightFunctionQuality:1]]
[2020.08.02-04.51.50:804][  0]LogConfig: Setting CVar [[r.ShadowQuality:5]]
[2020.08.02-04.51.50:804][  0]LogConfig: Setting CVar [[r.Shadow.CSM.MaxCascades:10]]
[2020.08.02-04.51.50:804][  0]LogConfig: Setting CVar [[r.Shadow.MaxResolution:2048]]
[2020.08.02-04.51.50:804][  0]LogConfig: Setting CVar [[r.Shadow.MaxCSMResolution:2048]]
[2020.08.02-04.51.50:804][  0]LogConfig: Setting CVar [[r.Shadow.RadiusThreshold:0.01]]
[2020.08.02-04.51.50:804][  0]LogConfig: Setting CVar [[r.Shadow.DistanceScale:1.0]]
[2020.08.02-04.51.50:804][  0]LogConfig: Setting CVar [[r.Shadow.CSM.TransitionScale:1.0]]
[2020.08.02-04.51.50:804][  0]LogConfig: Setting CVar [[r.Shadow.PreShadowResolutionFactor:1.0]]
[2020.08.02-04.51.50:804][  0]LogConfig: Setting CVar [[r.DistanceFieldShadowing:1]]
[2020.08.02-04.51.50:804][  0]LogConfig: Setting CVar [[r.DistanceFieldAO:1]]
[2020.08.02-04.51.50:804][  0]LogConfig: Setting CVar [[r.AOQuality:2]]
[2020.08.02-04.51.50:804][  0]LogConfig: Setting CVar [[r.VolumetricFog:1]]
[2020.08.02-04.51.50:804][  0]LogConfig: Setting CVar [[r.VolumetricFog.GridPixelSize:8]]
[2020.08.02-04.51.50:804][  0]LogConfig: Setting CVar [[r.VolumetricFog.GridSizeZ:128]]
[2020.08.02-04.51.50:804][  0]LogConfig: Setting CVar [[r.VolumetricFog.HistoryMissSupersampleCount:4]]
[2020.08.02-04.51.50:804][  0]LogConfig: Setting CVar [[r.LightMaxDrawDistanceScale:1]]
[2020.08.02-04.51.50:804][  0]LogConfig: Setting CVar [[r.CapsuleShadows:1]]
[2020.08.02-04.51.50:804][  0]LogConfig: Applying CVar settings from Section [PostProcessQuality@3] File [C:/Users/SourApple/Documents/GitHub/AtHome_Internship/Saved/Config/Windows/Scalability.ini]
[2020.08.02-04.51.50:804][  0]LogConfig: Setting CVar [[r.MotionBlurQuality:4]]
[2020.08.02-04.51.50:804][  0]LogConfig: Setting CVar [[r.AmbientOcclusionMipLevelFactor:0.4]]
[2020.08.02-04.51.50:804][  0]LogConfig: Setting CVar [[r.AmbientOcclusionMaxQuality:100]]
[2020.08.02-04.51.50:804][  0]LogConfig: Setting CVar [[r.AmbientOcclusionLevels:-1]]
[2020.08.02-04.51.50:804][  0]LogConfig: Setting CVar [[r.AmbientOcclusionRadiusScale:1.0]]
[2020.08.02-04.51.50:804][  0]LogConfig: Setting CVar [[r.DepthOfFieldQuality:2]]
[2020.08.02-04.51.50:804][  0]LogConfig: Setting CVar [[r.RenderTargetPoolMin:400]]
[2020.08.02-04.51.50:804][  0]LogConfig: Setting CVar [[r.LensFlareQuality:2]]
[2020.08.02-04.51.50:804][  0]LogConfig: Setting CVar [[r.SceneColorFringeQuality:1]]
[2020.08.02-04.51.50:804][  0]LogConfig: Setting CVar [[r.EyeAdaptationQuality:2]]
[2020.08.02-04.51.50:804][  0]LogConfig: Setting CVar [[r.BloomQuality:5]]
[2020.08.02-04.51.50:804][  0]LogConfig: Setting CVar [[r.FastBlurThreshold:100]]
[2020.08.02-04.51.50:804][  0]LogConfig: Setting CVar [[r.Upscale.Quality:3]]
[2020.08.02-04.51.50:804][  0]LogConfig: Setting CVar [[r.Tonemapper.GrainQuantization:1]]
[2020.08.02-04.51.50:804][  0]LogConfig: Setting CVar [[r.LightShaftQuality:1]]
[2020.08.02-04.51.50:804][  0]LogConfig: Setting CVar [[r.Filter.SizeScale:1]]
[2020.08.02-04.51.50:804][  0]LogConfig: Setting CVar [[r.Tonemapper.Quality:5]]
[2020.08.02-04.51.50:804][  0]LogConfig: Setting CVar [[r.DOF.Gather.AccumulatorQuality:1        ; higher gathering accumulator quality]]
[2020.08.02-04.51.50:804][  0]LogConfig: Setting CVar [[r.DOF.Gather.PostfilterMethod:1          ; Median3x3 postfilering method]]
[2020.08.02-04.51.50:804][  0]LogConfig: Setting CVar [[r.DOF.Gather.EnableBokehSettings:0       ; no bokeh simulation when gathering]]
[2020.08.02-04.51.50:804][  0]LogConfig: Setting CVar [[r.DOF.Gather.RingCount:4                 ; medium number of samples when gathering]]
[2020.08.02-04.51.50:804][  0]LogConfig: Setting CVar [[r.DOF.Scatter.ForegroundCompositing:1    ; additive foreground scattering]]
[2020.08.02-04.51.50:804][  0]LogConfig: Setting CVar [[r.DOF.Scatter.BackgroundCompositing:2    ; additive background scattering]]
[2020.08.02-04.51.50:804][  0]LogConfig: Setting CVar [[r.DOF.Scatter.EnableBokehSettings:1      ; bokeh simulation when scattering]]
[2020.08.02-04.51.50:804][  0]LogConfig: Setting CVar [[r.DOF.Scatter.MaxSpriteRatio:0.1         ; only a maximum of 10% of scattered bokeh]]
[2020.08.02-04.51.50:804][  0]LogConfig: Setting CVar [[r.DOF.Recombine.Quality:1                ; cheap slight out of focus]]
[2020.08.02-04.51.50:804][  0]LogConfig: Setting CVar [[r.DOF.Recombine.EnableBokehSettings:0    ; no bokeh simulation on slight out of focus]]
[2020.08.02-04.51.50:804][  0]LogConfig: Setting CVar [[r.DOF.TemporalAAQuality:1                ; more stable temporal accumulation]]
[2020.08.02-04.51.50:804][  0]LogConfig: Setting CVar [[r.DOF.Kernel.MaxForegroundRadius:0.025]]
[2020.08.02-04.51.50:804][  0]LogConfig: Setting CVar [[r.DOF.Kernel.MaxBackgroundRadius:0.025]]
[2020.08.02-04.51.50:804][  0]LogConfig: Applying CVar settings from Section [TextureQuality@3] File [C:/Users/SourApple/Documents/GitHub/AtHome_Internship/Saved/Config/Windows/Scalability.ini]
[2020.08.02-04.51.50:804][  0]LogConfig: Setting CVar [[r.Streaming.MipBias:0]]
[2020.08.02-04.51.50:804][  0]LogConfig: Setting CVar [[r.Streaming.AmortizeCPUToGPUCopy:0]]
[2020.08.02-04.51.50:804][  0]LogConfig: Setting CVar [[r.Streaming.MaxNumTexturesToStreamPerFrame:0]]
[2020.08.02-04.51.50:804][  0]LogConfig: Setting CVar [[r.Streaming.Boost:1]]
[2020.08.02-04.51.50:804][  0]LogConfig: Setting CVar [[r.MaxAnisotropy:8]]
[2020.08.02-04.51.50:804][  0]LogConfig: Setting CVar [[r.VT.MaxAnisotropy:8]]
[2020.08.02-04.51.50:804][  0]LogConfig: Setting CVar [[r.Streaming.LimitPoolSizeToVRAM:0]]
[2020.08.02-04.51.50:805][  0]LogConfig: Setting CVar [[r.Streaming.PoolSize:1000]]
[2020.08.02-04.51.50:805][  0]LogConfig: Setting CVar [[r.Streaming.MaxEffectiveScreenSize:0]]
[2020.08.02-04.51.50:805][  0]LogConfig: Applying CVar settings from Section [EffectsQuality@3] File [C:/Users/SourApple/Documents/GitHub/AtHome_Internship/Saved/Config/Windows/Scalability.ini]
[2020.08.02-04.51.50:805][  0]LogConfig: Setting CVar [[r.TranslucencyLightingVolumeDim:64]]
[2020.08.02-04.51.50:805][  0]LogConfig: Setting CVar [[r.RefractionQuality:2]]
[2020.08.02-04.51.50:805][  0]LogConfig: Setting CVar [[r.SSR.Quality:3]]
[2020.08.02-04.51.50:805][  0]LogConfig: Setting CVar [[r.SSR.HalfResSceneColor:0]]
[2020.08.02-04.51.50:805][  0]LogConfig: Setting CVar [[r.SceneColorFormat:4]]
[2020.08.02-04.51.50:805][  0]LogConfig: Setting CVar [[r.DetailMode:2]]
[2020.08.02-04.51.50:805][  0]LogConfig: Setting CVar [[r.TranslucencyVolumeBlur:1]]
[2020.08.02-04.51.50:805][  0]LogConfig: Setting CVar [[r.MaterialQualityLevel:1 ; High quality]]
[2020.08.02-04.51.50:805][  0]LogConfig: Setting CVar [[r.SSS.Scale:1]]
[2020.08.02-04.51.50:805][  0]LogConfig: Setting CVar [[r.SSS.SampleSet:2]]
[2020.08.02-04.51.50:805][  0]LogConfig: Setting CVar [[r.SSS.Quality:1]]
[2020.08.02-04.51.50:805][  0]LogConfig: Setting CVar [[r.SSS.HalfRes:1]]
[2020.08.02-04.51.50:805][  0]LogConfig: Setting CVar [[r.SSGI.Quality:3]]
[2020.08.02-04.51.50:805][  0]LogConfig: Setting CVar [[r.EmitterSpawnRateScale:1.0]]
[2020.08.02-04.51.50:805][  0]LogConfig: Setting CVar [[r.ParticleLightQuality:2]]
[2020.08.02-04.51.50:805][  0]LogConfig: Setting CVar [[r.SkyAtmosphere.AerialPerspectiveLUT.FastApplyOnOpaque:1 ; Always have FastSkyLUT 1 in this case to avoid wrong sky]]
[2020.08.02-04.51.50:805][  0]LogConfig: Setting CVar [[r.SkyAtmosphere.AerialPerspectiveLUT.SampleCountPerSlice:1]]
[2020.08.02-04.51.50:805][  0]LogConfig: Setting CVar [[r.SkyAtmosphere.AerialPerspectiveLUT.DepthResolution:16.0]]
[2020.08.02-04.51.50:805][  0]LogConfig: Setting CVar [[r.SkyAtmosphere.FastSkyLUT:1]]
[2020.08.02-04.51.50:805][  0]LogConfig: Setting CVar [[r.SkyAtmosphere.FastSkyLUT.SampleCountMin:4.0]]
[2020.08.02-04.51.50:805][  0]LogConfig: Setting CVar [[r.SkyAtmosphere.FastSkyLUT.SampleCountMax:32.0]]
[2020.08.02-04.51.50:805][  0]LogConfig: Setting CVar [[r.SkyAtmosphere.SampleCountMin:4.0]]
[2020.08.02-04.51.50:805][  0]LogConfig: Setting CVar [[r.SkyAtmosphere.SampleCountMax:32.0]]
[2020.08.02-04.51.50:805][  0]LogConfig: Setting CVar [[r.SkyAtmosphere.TransmittanceLUT.UseSmallFormat:0]]
[2020.08.02-04.51.50:805][  0]LogConfig: Setting CVar [[r.SkyAtmosphere.TransmittanceLUT.SampleCount:10.0]]
[2020.08.02-04.51.50:805][  0]LogConfig: Setting CVar [[r.SkyAtmosphere.MultiScatteringLUT.SampleCount:15.0]]
[2020.08.02-04.51.50:805][  0]LogConfig: Applying CVar settings from Section [FoliageQuality@3] File [C:/Users/SourApple/Documents/GitHub/AtHome_Internship/Saved/Config/Windows/Scalability.ini]
[2020.08.02-04.51.50:805][  0]LogConfig: Setting CVar [[foliage.DensityScale:1.0]]
[2020.08.02-04.51.50:805][  0]LogConfig: Setting CVar [[grass.DensityScale:1.0]]
[2020.08.02-04.51.50:805][  0]LogConfig: Applying CVar settings from Section [ShadingQuality@3] File [C:/Users/SourApple/Documents/GitHub/AtHome_Internship/Saved/Config/Windows/Scalability.ini]
[2020.08.02-04.51.50:805][  0]LogConfig: Setting CVar [[r.HairStrands.SkyLighting.SampleCount:16]]
[2020.08.02-04.51.50:805][  0]LogConfig: Setting CVar [[r.HairStrands.SkyLighting.JitterIntegration:0]]
[2020.08.02-04.51.50:805][  0]LogConfig: Setting CVar [[r.HairStrands.SkyAO.SampleCount:16]]
[2020.08.02-04.51.50:805][  0]LogConfig: Applying CVar settings from Section [Startup] File [../../../Engine/Config/ConsoleVariables.ini]
[2020.08.02-04.51.50:805][  0]LogConfig: Setting CVar [[net.UseAdaptiveNetUpdateFrequency:0]]
[2020.08.02-04.51.50:805][  0]LogConfig: Setting CVar [[p.chaos.AllowCreatePhysxBodies:1]]
[2020.08.02-04.51.50:805][  0]LogConfig: Applying CVar settings from Section [ConsoleVariables] File [C:/Users/SourApple/Documents/GitHub/AtHome_Internship/Saved/Config/Windows/Engine.ini]
[2020.08.02-04.51.50:805][  0]LogInit: Computer: SOURAPPLE
[2020.08.02-04.51.50:805][  0]LogInit: User: SourApple
[2020.08.02-04.51.50:805][  0]LogInit: CPU Page size=4096, Cores=6
[2020.08.02-04.51.50:805][  0]LogInit: High frequency timer resolution =10.000000 MHz
[2020.08.02-04.51.50:805][  0]LogMemory: Memory total: Physical=15.9GB (16GB approx)
[2020.08.02-04.51.50:805][  0]LogMemory: Platform Memory Stats for Windows
[2020.08.02-04.51.50:805][  0]LogMemory: Process Physical Memory: 109.75 MB used, 109.76 MB peak
[2020.08.02-04.51.50:805][  0]LogMemory: Process Virtual Memory: 100.57 MB used, 100.57 MB peak
[2020.08.02-04.51.50:805][  0]LogMemory: Physical Memory: 9756.98 MB used,  6473.62 MB free, 16230.61 MB total
[2020.08.02-04.51.50:806][  0]LogMemory: Virtual Memory: 5162.45 MB used,  134212568.00 MB free, 134217728.00 MB total
[2020.08.02-04.51.51:025][  0]LogWindows: WindowsPlatformFeatures enabled
[2020.08.02-04.51.51:041][  0]LogInit: Using OS detected language (en-US).
[2020.08.02-04.51.51:041][  0]LogInit: Using OS detected locale (en-CA).
[2020.08.02-04.51.51:042][  0]LogTextLocalizationManager: No specific localization for 'en-US' exists, so the 'en' localization will be used.
[2020.08.02-04.51.51:178][  0]LogInit: Setting process to per monitor DPI aware
[2020.08.02-04.51.51:207][  0]LogSlate: New Slate User Created.  User Index 0, Is Virtual User: 0
[2020.08.02-04.51.51:207][  0]LogSlate: Slate User Registered.  User Index 0, Is Virtual User: 0
[2020.08.02-04.51.51:356][  0]LogHMD: Failed to initialize OpenVR with code 110
[2020.08.02-04.51.51:356][  0]LogD3D11RHI: D3D11 min allowed feature level: 11_0
[2020.08.02-04.51.51:356][  0]LogD3D11RHI: D3D11 max allowed feature level: 11_0
[2020.08.02-04.51.51:356][  0]LogD3D11RHI: D3D11 adapters:
[2020.08.02-04.51.51:420][  0]LogD3D11RHI:    0. 'NVIDIA GeForce GTX 1070' (Feature Level 11_0)
[2020.08.02-04.51.51:420][  0]LogD3D11RHI:       8081/0/8115 MB DedicatedVideo/DedicatedSystem/SharedSystem, Outputs:2, VendorId:0x10de
[2020.08.02-04.51.51:442][  0]LogD3D11RHI:    1. 'Intel(R) UHD Graphics 630' (Feature Level 11_0)
[2020.08.02-04.51.51:442][  0]LogD3D11RHI:       128/0/8115 MB DedicatedVideo/DedicatedSystem/SharedSystem, Outputs:0, VendorId:0x8086
[2020.08.02-04.51.51:444][  0]LogD3D11RHI:    2. 'Microsoft Basic Render Driver' (Feature Level 11_0)
[2020.08.02-04.51.51:444][  0]LogD3D11RHI:       0/0/8115 MB DedicatedVideo/DedicatedSystem/SharedSystem, Outputs:0, VendorId:0x1414
[2020.08.02-04.51.51:444][  0]LogD3D11RHI: Chosen D3D11 Adapter: 0
[2020.08.02-04.51.51:483][  0]LogD3D11RHI: Creating new Direct3DDevice
[2020.08.02-04.51.51:483][  0]LogD3D11RHI:     GPU DeviceId: 0x1ba1 (for the marketing name, search the web for "GPU Device Id")
[2020.08.02-04.51.51:483][  0]LogWindows: EnumDisplayDevices:
[2020.08.02-04.51.51:483][  0]LogWindows:    0. 'Intel(R) UHD Graphics 630' (P:1 D:1)
[2020.08.02-04.51.51:483][  0]LogWindows:    1. 'Intel(R) UHD Graphics 630' (P:0 D:0)
[2020.08.02-04.51.51:483][  0]LogWindows:    2. 'Intel(R) UHD Graphics 630' (P:0 D:0)
[2020.08.02-04.51.51:484][  0]LogWindows:    3. 'NVIDIA GeForce GTX 1070' (P:0 D:1)
[2020.08.02-04.51.51:484][  0]LogWindows:    4. 'NVIDIA GeForce GTX 1070' (P:0 D:0)
[2020.08.02-04.51.51:484][  0]LogWindows:    5. 'NVIDIA GeForce GTX 1070' (P:0 D:0)
[2020.08.02-04.51.51:484][  0]LogWindows:    6. 'NVIDIA GeForce GTX 1070' (P:0 D:0)
[2020.08.02-04.51.51:484][  0]LogWindows: DebugString: PrimaryIsNotTheChoosenAdapter PrimaryIsNotTheChoosenAdapter PrimaryIsNotTheChoosenAdapter FoundDriverCount:4 
[2020.08.02-04.51.51:484][  0]LogD3D11RHI:     Adapter Name: NVIDIA GeForce GTX 1070
[2020.08.02-04.51.51:484][  0]LogD3D11RHI:   Driver Version: 446.14 (internal:26.21.14.4614, unified:446.14)
[2020.08.02-04.51.51:484][  0]LogD3D11RHI:      Driver Date: 5-15-2020
[2020.08.02-04.51.51:484][  0]LogRHI: Texture pool is 5656 MB (70% of 8081 MB)
[2020.08.02-04.51.51:529][  0]LogD3D11RHI: RHI has support for 64 bit atomics
[2020.08.02-04.51.51:530][  0]LogD3D11RHI: Async texture creation enabled
[2020.08.02-04.51.51:554][  0]LogD3D11RHI: GPU Timing Frequency: 1000.000000 (Debug: 2 1)
[2020.08.02-04.51.51:827][  0]LogTargetPlatformManager: Display: Loaded TargetPlatform 'AllDesktop'
[2020.08.02-04.51.51:853][  0]LogTargetPlatformManager: Display: Loaded TargetPlatform 'Android'
[2020.08.02-04.51.51:853][  0]LogTargetPlatformManager: Display: Loaded TargetPlatform 'Android_ASTC'
[2020.08.02-04.51.51:853][  0]LogTargetPlatformManager: Display: Loaded TargetPlatform 'Android_ATC'
[2020.08.02-04.51.51:853][  0]LogTargetPlatformManager: Display: Loaded TargetPlatform 'Android_DXT'
[2020.08.02-04.51.51:853][  0]LogTargetPlatformManager: Display: Loaded TargetPlatform 'Android_ETC1'
[2020.08.02-04.51.51:853][  0]LogTargetPlatformManager: Display: Loaded TargetPlatform 'Android_ETC1a'
[2020.08.02-04.51.51:853][  0]LogTargetPlatformManager: Display: Loaded TargetPlatform 'Android_ETC2'
[2020.08.02-04.51.51:853][  0]LogTargetPlatformManager: Display: Loaded TargetPlatform 'Android_PVRTC'
[2020.08.02-04.51.51:853][  0]LogTargetPlatformManager: Display: Loaded TargetPlatform 'AndroidClient'
[2020.08.02-04.51.51:853][  0]LogTargetPlatformManager: Display: Loaded TargetPlatform 'Android_ASTCClient'
[2020.08.02-04.51.51:853][  0]LogTargetPlatformManager: Display: Loaded TargetPlatform 'Android_ATCClient'
[2020.08.02-04.51.51:853][  0]LogTargetPlatformManager: Display: Loaded TargetPlatform 'Android_DXTClient'
[2020.08.02-04.51.51:853][  0]LogTargetPlatformManager: Display: Loaded TargetPlatform 'Android_ETC1Client'
[2020.08.02-04.51.51:853][  0]LogTargetPlatformManager: Display: Loaded TargetPlatform 'Android_ETC1aClient'
[2020.08.02-04.51.51:853][  0]LogTargetPlatformManager: Display: Loaded TargetPlatform 'Android_ETC2Client'
[2020.08.02-04.51.51:853][  0]LogTargetPlatformManager: Display: Loaded TargetPlatform 'Android_PVRTCClient'
[2020.08.02-04.51.51:853][  0]LogTargetPlatformManager: Display: Loaded TargetPlatform 'Android_Multi'
[2020.08.02-04.51.51:853][  0]LogTargetPlatformManager: Display: Loaded TargetPlatform 'Android_MultiClient'
[2020.08.02-04.51.51:868][  0]LogTargetPlatformManager: Display: Loaded TargetPlatform 'IOSClient'
[2020.08.02-04.51.51:868][  0]LogTargetPlatformManager: Display: Loaded TargetPlatform 'IOS'
[2020.08.02-04.51.51:874][  0]LogTargetPlatformManager: Display: Loaded TargetPlatform 'LinuxNoEditor'
[2020.08.02-04.51.51:880][  0]LogTargetPlatformManager: Display: Loaded TargetPlatform 'LinuxClient'
[2020.08.02-04.51.51:886][  0]LogTargetPlatformManager: Display: Loaded TargetPlatform 'LinuxServer'
[2020.08.02-04.51.51:892][  0]LogTargetPlatformManager: Display: Loaded TargetPlatform 'LinuxAArch64NoEditor'
[2020.08.02-04.51.51:898][  0]LogTargetPlatformManager: Display: Loaded TargetPlatform 'LinuxAArch64Client'
[2020.08.02-04.51.51:904][  0]LogTargetPlatformManager: Display: Loaded TargetPlatform 'LinuxAArch64Server'
[2020.08.02-04.51.51:924][  0]LogTargetPlatformManager: Display: Loaded TargetPlatform 'Lumin'
[2020.08.02-04.51.51:924][  0]LogTargetPlatformManager: Display: Loaded TargetPlatform 'LuminClient'
[2020.08.02-04.51.51:935][  0]LogTargetPlatformManager: Display: Loaded TargetPlatform 'TVOSClient'
[2020.08.02-04.51.51:935][  0]LogTargetPlatformManager: Display: Loaded TargetPlatform 'TVOS'
[2020.08.02-04.51.51:941][  0]LogTargetPlatformManager: Display: Loaded TargetPlatform 'WindowsNoEditor'
[2020.08.02-04.51.51:947][  0]LogTargetPlatformManager: Display: Loaded TargetPlatform 'Windows'
[2020.08.02-04.51.51:954][  0]LogTargetPlatformManager: Display: Loaded TargetPlatform 'WindowsClient'
[2020.08.02-04.51.51:959][  0]LogTargetPlatformManager: Display: Loaded TargetPlatform 'WindowsServer'
[2020.08.02-04.51.51:959][  0]LogTargetPlatformManager: Display: Building Assets For Windows
[2020.08.02-04.51.51:962][  0]LogAudioDebug: Display: Lib vorbis DLL was dynamically loaded.
[2020.08.02-04.51.51:981][  0]LogShaderCompilers: Guid format shader working directory is -19 characters bigger than the processId version (../../../../../../Users/SourApple/Documents/GitHub/AtHome_Internship/Intermediate/Shaders/WorkingDirectory/11444/).
[2020.08.02-04.51.51:981][  0]LogShaderCompilers: Cleaned the shader compiler working directory 'C:/Users/SourApple/AppData/Local/Temp/UnrealShaderWorkingDir/32D87623466DEAE6DB032FA206355BE4/'.
[2020.08.02-04.51.51:982][  0]LogXGEController: Cleaning working directory: C:/Users/SourApple/AppData/Local/Temp/UnrealXGEWorkingDir/
[2020.08.02-04.51.51:982][  0]LogXGEController: Cannot use XGE Controller as Incredibuild is not installed on this machine.
[2020.08.02-04.51.51:982][  0]LogShaderCompilers: Cannot use XGE Shader Compiler as Incredibuild is not installed on this machine.
[2020.08.02-04.51.51:982][  0]LogShaderCompilers: Display: Using Local Shader Compiler.
[2020.08.02-04.51.52:587][  0]LogDerivedDataCache: Display: Max Cache Size: 512 MB
[2020.08.02-04.51.52:666][  0]LogDerivedDataCache: Loaded boot cache 0.08s 138MB C:/Users/SourApple/AppData/Local/UnrealEngine/4.24/DerivedDataCache/Boot.ddc.
[2020.08.02-04.51.52:666][  0]LogDerivedDataCache: Display: Loaded Boot cache: C:/Users/SourApple/AppData/Local/UnrealEngine/4.24/DerivedDataCache/Boot.ddc
[2020.08.02-04.51.52:666][  0]LogDerivedDataCache: FDerivedDataBackendGraph:  Pak pak cache file ../../../../../../Users/SourApple/Documents/GitHub/AtHome_Internship/DerivedDataCache/DDC.ddp not found, will not use a pak cache.
[2020.08.02-04.51.52:666][  0]LogDerivedDataCache: Unable to find inner node Pak for hierarchical cache Hierarchy.
[2020.08.02-04.51.52:666][  0]LogDerivedDataCache: FDerivedDataBackendGraph:  CompressedPak pak cache file ../../../../../../Users/SourApple/Documents/GitHub/AtHome_Internship/DerivedDataCache/Compressed.ddp not found, will not use a pak cache.
[2020.08.02-04.51.52:666][  0]LogDerivedDataCache: Unable to find inner node CompressedPak for hierarchical cache Hierarchy.
[2020.08.02-04.51.52:675][  0]LogDerivedDataCache: Display: Pak cache opened for reading ../../../Engine/DerivedDataCache/Compressed.ddp.
[2020.08.02-04.51.52:675][  0]LogDerivedDataCache: FDerivedDataBackendGraph:  EnterprisePak pak cache file ../../../Enterprise/DerivedDataCache/Compressed.ddp not found, will not use a pak cache.
[2020.08.02-04.51.52:675][  0]LogDerivedDataCache: Unable to find inner node EnterprisePak for hierarchical cache Hierarchy.
[2020.08.02-04.51.52:677][  0]LogDerivedDataCache: Using Local data cache path C:/Users/SourApple/AppData/Local/UnrealEngine/Common/DerivedDataCache: Writable
[2020.08.02-04.51.52:677][  0]LogDerivedDataCache: Shared data cache path not found in *engine.ini, will not use an Shared cache.
[2020.08.02-04.51.52:677][  0]LogDerivedDataCache: Unable to find inner node Shared for hierarchical cache Hierarchy.
[2020.08.02-04.51.52:698][  0]LogMaterial: Verifying Global Shaders for PCD3D_SM5
[2020.08.02-04.51.52:700][  0]LogSlate: Using FreeType 2.10.0
[2020.08.02-04.51.52:701][  0]LogSlate: SlateFontServices - WITH_FREETYPE: 1, WITH_HARFBUZZ: 1
[2020.08.02-04.51.52:743][  0]LogAssetRegistry: FAssetRegistry took 0.0022 seconds to start up
[2020.08.02-04.51.53:014][  0]LogInit: Selected Device Profile: [Windows]
[2020.08.02-04.51.53:154][  0]LogMeshReduction: Using QuadricMeshReduction for automatic static mesh reduction
[2020.08.02-04.51.53:154][  0]LogMeshReduction: Using SimplygonMeshReduction for automatic skeletal mesh reduction
[2020.08.02-04.51.53:154][  0]LogMeshReduction: Using ProxyLODMeshReduction for automatic mesh merging
[2020.08.02-04.51.53:154][  0]LogMeshReduction: No distributed automatic mesh merging module available
[2020.08.02-04.51.53:154][  0]LogMeshMerging: No distributed automatic mesh merging module available
[2020.08.02-04.51.53:165][  0]LogNetVersion: Final_Project 1.0.0, NetCL: 10570792, EngineNetVer: 13, GameNetVer: 0 (Checksum: 1581502939)
[2020.08.02-04.51.54:032][  0]LogPackageLocalizationCache: Processed 13 localized package path(s) for 1 prioritized culture(s) in 0.046956 seconds
[2020.08.02-04.51.54:038][  0]LogUObjectArray: 46750 objects as part of root set at end of initial load.
[2020.08.02-04.51.54:038][  0]LogUObjectAllocator: 8137160 out of 0 bytes used by permanent object pool.
[2020.08.02-04.51.54:038][  0]LogUObjectArray: CloseDisregardForGC: 0/0 objects in disregard for GC pool
[2020.08.02-04.51.54:338][  0]LogPython: Using Python 2.7.14
[2020.08.02-04.51.54:902][  0]LogTcpMessaging: Initializing TcpMessaging bridge
[2020.08.02-04.51.54:904][  0]LogUdpMessaging: Initializing bridge on interface 0.0.0.0:0 to multicast group 230.0.0.1:6666.
[2020.08.02-04.51.56:292][  0]SourceControl: Source control is disabled
[2020.08.02-04.51.56:292][  0]SourceControl: Source control is disabled
[2020.08.02-04.51.56:293][  0]SourceControl: Source control is disabled
[2020.08.02-04.51.56:294][  0]SourceControl: Source control is disabled
[2020.08.02-04.51.56:294][  0]SourceControl: Source control is disabled
[2020.08.02-04.51.56:831][  0]LogAndroidPermission: UAndroidPermissionCallbackProxy::GetInstance
[2020.08.02-04.51.56:848][  0]LogAudioCaptureCore: Display: No Audio Capture implementations found. Audio input will be silent.
[2020.08.02-04.51.56:848][  0]LogAudioCaptureCore: Display: No Audio Capture implementations found. Audio input will be silent.
[2020.08.02-04.51.56:932][  0]LogOcInput: OculusInput pre-init called
[2020.08.02-04.51.56:938][  0]LogWindows: Failed to load 'OVRPlugin.dll' (GetLastError=126)
[2020.08.02-04.51.56:938][  0]LogWindows: File 'OVRPlugin.dll' does not exist
[2020.08.02-04.51.57:898][  0]LogEngine: Initializing Engine...
[2020.08.02-04.51.57:899][  0]LogHMD: Failed to initialize OpenVR with code 110
[2020.08.02-04.51.57:900][  0]LogStats: UGameplayTagsManager::InitializeManager -  0.000 s
[2020.08.02-04.51.58:229][  0]LogInit: Initializing FReadOnlyCVARCache
[2020.08.02-04.51.58:239][  0]LogAIModule: Creating AISystem for world Untitled
[2020.08.02-04.51.58:261][  0]LogAudioMixer: Display: Audio Mixer Platform Settings:
[2020.08.02-04.51.58:261][  0]LogAudioMixer: Display: 	Sample Rate:						  48000
[2020.08.02-04.51.58:261][  0]LogAudioMixer: Display: 	Callback Buffer Frame Size Requested: 1024
[2020.08.02-04.51.58:261][  0]LogAudioMixer: Display: 	Callback Buffer Frame Size To Use:	  1024
[2020.08.02-04.51.58:261][  0]LogAudioMixer: Display: 	Number of buffers to queue:			  2
[2020.08.02-04.51.58:261][  0]LogAudioMixer: Display: 	Max Channels (voices):				  32
[2020.08.02-04.51.58:261][  0]LogAudioMixer: Display: 	Number of Async Source Workers:		  0
[2020.08.02-04.51.58:261][  0]LogAudio: Display: AudioDevice MaxSources: 32
[2020.08.02-04.51.58:261][  0]LogAudio: Display: Using built-in audio occlusion.
[2020.08.02-04.51.58:261][  0]LogAudioMixer: Display: Initializing audio mixer.
[2020.08.02-04.51.58:361][  0]LogAudioMixer: Display: Audio Device Output Speaker Info:
[2020.08.02-04.51.58:361][  0]LogAudioMixer: Display: Name: Speakers (Realtek(R) Audio)
[2020.08.02-04.51.58:361][  0]LogAudioMixer: Display: Is Default: Yes
[2020.08.02-04.51.58:361][  0]LogAudioMixer: Display: Sample Rate: 48000
[2020.08.02-04.51.58:361][  0]LogAudioMixer: Display: Channel Count Used: 8
[2020.08.02-04.51.58:361][  0]LogAudioMixer: Display: Device Channel Count: 8
[2020.08.02-04.51.58:361][  0]LogAudioMixer: Display: Channel Order:
[2020.08.02-04.51.58:361][  0]LogAudioMixer: Display: 0: FrontLeft
[2020.08.02-04.51.58:361][  0]LogAudioMixer: Display: 1: FrontRight
[2020.08.02-04.51.58:361][  0]LogAudioMixer: Display: 2: FrontCenter
[2020.08.02-04.51.58:361][  0]LogAudioMixer: Display: 3: LowFrequency
[2020.08.02-04.51.58:361][  0]LogAudioMixer: Display: 4: BackLeft
[2020.08.02-04.51.58:362][  0]LogAudioMixer: Display: 5: BackRight
[2020.08.02-04.51.58:362][  0]LogAudioMixer: Display: 6: SideLeft
[2020.08.02-04.51.58:362][  0]LogAudioMixer: Display: 7: SideRight
[2020.08.02-04.51.58:537][  0]LogAudioMixer: Display: Using Audio Device Speakers (Realtek(R) Audio)
[2020.08.02-04.51.58:543][  0]LogInit: FAudioDevice initialized.
[2020.08.02-04.51.58:543][  0]LogNetVersion: Set ProjectVersion to 1.0.0.0. Version Checksum will be recalculated on next use.
[2020.08.02-04.51.58:627][  0]LogDerivedDataCache: Saved boot cache 0.08s 138MB C:/Users/SourApple/AppData/Local/UnrealEngine/4.24/DerivedDataCache/Boot.ddc.
[2020.08.02-04.51.58:637][  0]LogInit: Texture streaming: Enabled
[2020.08.02-04.51.58:646][  0]LogEngineSessionManager: EngineSessionManager initialized
[2020.08.02-04.51.58:647][  0]LogEngineSessionManager: EngineSessionManager sent abnormal shutdown report. Type=Crashed, SessionId={89937117-416C-D6F0-AB73-43A0F2042614}
[2020.08.02-04.51.58:647][  0]LogEditorSessionSummary: Verbose: Initializing EditorSessionSummaryWriter for editor session tracking
[2020.08.02-04.51.58:648][  0]LogEditorSessionSummary: EditorSessionSummaryWriter initialized
[2020.08.02-04.51.58:703][  0]LogInit: Transaction tracking system initialized
[2020.08.02-04.51.58:712][  0]BlueprintLog: New page: Editor Load
[2020.08.02-04.51.58:744][  0]LocalizationService: Localization service is disabled
[2020.08.02-04.51.58:787][  0]LogLinker: Warning: Failed to load '/Game/Vault/RiverShader/Blueprints/Tutorial/Tutorial_InitialSetup': Can't find file.
[2020.08.02-04.51.58:787][  0]LogLinker: Warning: Failed to load '/Game/Vault/RiverShader/Blueprints/Tutorial/Tutorial_InitialSetup': Can't find file.
[2020.08.02-04.51.58:787][  0]LogUObjectGlobals: Warning: Failed to find object 'Class /Game/Vault/RiverShader/Blueprints/Tutorial/Tutorial_InitialSetup.Tutorial_InitialSetup_C'
[2020.08.02-04.51.58:787][  0]LogLinker: Warning: Failed to load '/Game/Vault/RiverShader/Blueprints/Tutorial/Tutorial_PlacingRiverSetup': Can't find file.
[2020.08.02-04.51.58:787][  0]LogLinker: Warning: Failed to load '/Game/Vault/RiverShader/Blueprints/Tutorial/Tutorial_PlacingRiverSetup': Can't find file.
[2020.08.02-04.51.58:787][  0]LogUObjectGlobals: Warning: Failed to find object 'Class /Game/Vault/RiverShader/Blueprints/Tutorial/Tutorial_PlacingRiverSetup.Tutorial_PlacingRiverSetup_C'
[2020.08.02-04.51.59:028][  0]LogFileCache: Scanning file cache for directory 'C:/Users/SourApple/Documents/GitHub/AtHome_Internship/Content/' took 0.01s
[2020.08.02-04.51.59:028][  0]LogCook: Display: Max memory allowance for cook 16384mb min free memory 0mb
[2020.08.02-04.51.59:028][  0]LogCook: Display: Mobile HDR setting 1
[2020.08.02-04.51.59:587][  0]SourceControl: Source control is disabled
[2020.08.02-04.51.59:587][  0]Cmd: MAP LOAD FILE="../../../../../../Users/SourApple/Documents/GitHub/AtHome_Internship/Content/MainMenu/Lv_MainMenu.umap" TEMPLATE=0 SHOWPROGRESS=1 FEATURELEVEL=3
[2020.08.02-04.51.59:588][  0]LightingResults: New page: Lighting Build
[2020.08.02-04.51.59:589][  0]LogWorld: UWorld::CleanupWorld for Untitled, bSessionEnded=true, bCleanupResources=true
[2020.08.02-04.51.59:589][  0]LogSlate: InvalidateAllWidgets triggered.  All widgets were invalidated
[2020.08.02-04.51.59:589][  0]MapCheck: New page: Map Check
[2020.08.02-04.51.59:589][  0]LightingResults: New page: Lighting Build
[2020.08.02-04.51.59:625][  0]LogUObjectHash: Compacting FUObjectHashTables data took   2.56ms
[2020.08.02-04.51.59:640][  0]LogAIModule: Creating AISystem for world Lv_MainMenu
[2020.08.02-04.51.59:641][  0]LogEditorServer: Finished looking for orphan Actors (0.000 secs)
[2020.08.02-04.51.59:670][  0]LogUObjectHash: Compacting FUObjectHashTables data took   2.13ms
[2020.08.02-04.51.59:671][  0]Cmd: MAP CHECKDEP NOCLEARLOG
[2020.08.02-04.51.59:671][  0]MapCheck: Map check complete: 0 Error(s), 0 Warning(s), took 0.129ms to complete.
[2020.08.02-04.51.59:671][  0]LogFileHelpers: Loading map 'Lv_MainMenu' took 0.083
[2020.08.02-04.52.00:032][  0]LogSlate: Updating window title bar state: overlay mode, drag disabled, window buttons hidden, title bar hidden
[2020.08.02-04.52.00:038][  0]LogSlate: Updating window title bar state: overlay mode, drag disabled, window buttons hidden, title bar hidden
[2020.08.02-04.52.00:044][  0]LogSlate: Updating window title bar state: overlay mode, drag disabled, window buttons hidden, title bar hidden
[2020.08.02-04.52.00:050][  0]LogSlate: Updating window title bar state: overlay mode, drag disabled, window buttons hidden, title bar hidden
[2020.08.02-04.52.00:054][  0]LogCollectionManager: Loaded 0 collections in 0.001602 seconds
[2020.08.02-04.52.00:065][  0]LogFileCache: Scanning file cache for directory 'C:/Users/SourApple/Documents/GitHub/AtHome_Internship/Saved/Collections/' took 0.00s
[2020.08.02-04.52.00:065][  0]LogFileCache: Scanning file cache for directory 'C:/Users/SourApple/Documents/GitHub/AtHome_Internship/Content/Developers/SourApple/Collections/' took 0.00s
[2020.08.02-04.52.00:065][  0]LogFileCache: Scanning file cache for directory 'C:/Users/SourApple/Documents/GitHub/AtHome_Internship/Content/Collections/' took 0.00s
[2020.08.02-04.52.00:065][  0]LogContentBrowser: Native class hierarchy populated in 0.0076 seconds. Added 3047 classes and 733 folders.
[2020.08.02-04.52.00:068][  0]LogContentBrowser: Native class hierarchy updated for 'WidgetCarousel' in 0.0003 seconds. Added 0 classes and 0 folders.
[2020.08.02-04.52.00:108][  0]LogContentBrowser: Native class hierarchy updated for 'AddContentDialog' in 0.0003 seconds. Added 0 classes and 0 folders.
[2020.08.02-04.52.00:112][  0]LogContentBrowser: Native class hierarchy updated for 'SceneOutliner' in 0.0004 seconds. Added 2 classes and 3 folders.
[2020.08.02-04.52.00:195][  0]LogSlate: Took 0.000154 seconds to synchronously load lazily loaded font '../../../Engine/Content/Slate/Fonts/Roboto-Regular.ttf' (155K)
[2020.08.02-04.52.00:197][  0]LogSlate: Took 0.000131 seconds to synchronously load lazily loaded font '../../../Engine/Content/Slate/Fonts/Roboto-Bold.ttf' (160K)
[2020.08.02-04.52.00:201][  0]LogSlate: Took 0.000152 seconds to synchronously load lazily loaded font '../../../Engine/Content/Editor/Slate/Fonts/FontAwesome.ttf' (139K)
[2020.08.02-04.52.00:272][  0]LogRenderer: Reallocating scene render targets to support 828x424 Format 10 NumSamples 1 (Frame:1).
[2020.08.02-04.52.00:361][  0]LogContentBrowser: Native class hierarchy updated for 'HierarchicalLODOutliner' in 0.0004 seconds. Added 0 classes and 0 folders.
[2020.08.02-04.52.00:361][  0]LogLoad: (Engine Initialization) Total time: 10.47 seconds
[2020.08.02-04.52.00:361][  0]LogLoad: (Engine Initialization) Total Blueprint compile time: 0.00 seconds
[2020.08.02-04.52.00:429][  0]LogContentStreaming: Texture pool size now 1000 MB
[2020.08.02-04.52.00:436][  0]LogSlate: Took 0.000155 seconds to synchronously load lazily loaded font '../../../Engine/Content/Slate/Fonts/Roboto-Light.ttf' (167K)
[2020.08.02-04.52.00:456][  1]LogAssetRegistry: Asset discovery search completed in 7.7141 seconds
[2020.08.02-04.52.00:460][  1]LogCollectionManager: Fixed up redirectors for 0 collections in 0.000008 seconds (updated 0 objects)
[2020.08.02-04.52.03:581][185]LogSlate: Took 0.000111 seconds to synchronously load lazily loaded font '../../../Engine/Content/Slate/Fonts/Roboto-Light.ttf' (167K)
[2020.08.02-04.52.03:637][185]LogUObjectHash: Compacting FUObjectHashTables data took   2.59ms
[2020.08.02-04.52.03:816][185]LogSavePackage: Moving '../../../../../../Users/SourApple/Documents/GitHub/AtHome_Internship/Saved/Lv_MainMenu1A1AA11E48DEC2DCED54AC8A0B4CE0BE.tmp' to '../../../../../../Users/SourApple/Documents/GitHub/AtHome_Internship/Content/MainMenu/Lv_MainMenu.umap'
[2020.08.02-04.52.03:844][185]Cmd: OBJ SAVEPACKAGE PACKAGE="/Game/MainMenu/Lv_MainMenu_BuiltData" FILE="../../../../../../Users/SourApple/Documents/GitHub/AtHome_Internship/Content/MainMenu/Lv_MainMenu_BuiltData.uasset" SILENT=true
[2020.08.02-04.52.03:855][185]LogSavePackage: Moving '../../../../../../Users/SourApple/Documents/GitHub/AtHome_Internship/Saved/Lv_MainMenu_BuiltData1B9AF68746E084CFF01B98B4E0DC4128.tmp' to '../../../../../../Users/SourApple/Documents/GitHub/AtHome_Internship/Content/MainMenu/Lv_MainMenu_BuiltData.uasset'
[2020.08.02-04.52.03:872][185]AssetCheck: New page: Asset Save: multiple assets
[2020.08.02-04.52.03:872][185]LogContentValidation: Display: Validating World /Game/MainMenu/Lv_MainMenu.Lv_MainMenu
[2020.08.02-04.52.03:872][185]LogContentValidation: Display: Validating MapBuildDataRegistry /Game/MainMenu/Lv_MainMenu_BuiltData.Lv_MainMenu_BuiltData
[2020.08.02-04.52.12:018][672]LogEditorViewport: Clicking Background
[2020.08.02-04.52.16:196][893]LogAIModule: Creating AISystem for world Arena_Map
[2020.08.02-04.52.16:267][893]LogAssetEditorSubsystem: Opening Asset editor for World /Game/Arena/Maps/Arena_Map.Arena_Map
[2020.08.02-04.52.16:325][893]LogUObjectHash: Compacting FUObjectHashTables data took   2.48ms
[2020.08.02-04.52.16:327][893]Cmd: MAP LOAD FILE="../../../../../../Users/SourApple/Documents/GitHub/AtHome_Internship/Content/Arena/Maps/Arena_Map.umap" TEMPLATE=0 SHOWPROGRESS=1 FEATURELEVEL=3
[2020.08.02-04.52.16:327][893]LightingResults: New page: Lighting Build
[2020.08.02-04.52.16:327][893]LoadErrors: New page: Loading map: Arena_Map.umap
[2020.08.02-04.52.16:328][893]LogWorld: UWorld::CleanupWorld for Lv_MainMenu, bSessionEnded=true, bCleanupResources=true
[2020.08.02-04.52.16:328][893]LogSlate: InvalidateAllWidgets triggered.  All widgets were invalidated
[2020.08.02-04.52.16:328][893]MapCheck: New page: Map Check
[2020.08.02-04.52.16:328][893]LightingResults: New page: Lighting Build
[2020.08.02-04.52.16:355][893]LogUObjectHash: Compacting FUObjectHashTables data took   2.18ms
[2020.08.02-04.52.17:003][893]LogEditorServer: Finished looking for orphan Actors (0.000 secs)
[2020.08.02-04.52.17:095][893]LogUObjectHash: Compacting FUObjectHashTables data took   1.76ms
[2020.08.02-04.52.17:119][893]Cmd: MAP CHECKDEP NOCLEARLOG
[2020.08.02-04.52.17:119][893]MapCheck: Map check complete: 0 Error(s), 0 Warning(s), took 0.143ms to complete.
[2020.08.02-04.52.17:119][893]LogFileHelpers: Loading map 'Arena_Map' took 0.793
[2020.08.02-04.52.20:888][ 94]LogUObjectHash: Compacting FUObjectHashTables data took   0.68ms
[2020.08.02-04.52.21:457][ 94]LogSavePackage: Moving '../../../../../../Users/SourApple/Documents/GitHub/AtHome_Internship/Saved/Arena_Map7E2C2D51426D5753061DD5AEE2C7B130.tmp' to '../../../../../../Users/SourApple/Documents/GitHub/AtHome_Internship/Content/Arena/Maps/Arena_Map.umap'
[2020.08.02-04.52.21:483][ 94]LogFileHelpers: Saving map 'Arena_Map' took 0.624
[2020.08.02-04.52.21:527][ 94]AssetCheck: New page: Asset Save: Arena_Map
[2020.08.02-04.52.21:527][ 94]LogContentValidation: Display: Validating World /Game/Arena/Maps/Arena_Map.Arena_Map
[2020.08.02-04.52.26:443][389]LogEditorViewport: Clicking on Actor (LMB): StaticMeshActor (FloorStone_20)
[2020.08.02-04.52.27:352][441]LogEditorViewport: Clicking on Actor (LMB): StaticMeshActor (FloorStone_7)
[2020.08.02-04.52.31:099][664]Cmd: SELECT NONE
[2020.08.02-04.52.38:739][117]LogAssetEditorSubsystem: Opening Asset editor for Blueprint /Game/MainCharacter/BP_MyMC_Behaviour.BP_MyMC_Behaviour
[2020.08.02-04.52.38:853][117]LogContentBrowser: Native class hierarchy updated for 'BlueprintGraph' in 0.0005 seconds. Added 121 classes and 0 folders.
[2020.08.02-04.52.39:647][117]LogSlate: Took 0.000140 seconds to synchronously load lazily loaded font '../../../Engine/Content/Slate/Fonts/Roboto-BoldCondensed.ttf' (158K)
[2020.08.02-04.52.39:754][118]LogSlate: Took 0.000122 seconds to synchronously load lazily loaded font '../../../Engine/Content/Slate/Fonts/Roboto-Italic.ttf' (157K)
[2020.08.02-04.52.43:520][337]Cmd: OBJ SAVEPACKAGE PACKAGE="/Game/MainCharacter/BP_MyMC_Behaviour" FILE="../../../../../../Users/SourApple/Documents/GitHub/AtHome_Internship/Content/MainCharacter/BP_MyMC_Behaviour.uasset" SILENT=true
[2020.08.02-04.52.43:588][337]LogSavePackage: Moving '../../../../../../Users/SourApple/Documents/GitHub/AtHome_Internship/Saved/BP_MyMC_BehaviourAA057E404035FC29E8CF21BC171BF06B.tmp' to '../../../../../../Users/SourApple/Documents/GitHub/AtHome_Internship/Content/MainCharacter/BP_MyMC_Behaviour.uasset'
[2020.08.02-04.52.43:605][337]AssetCheck: New page: Asset Save: BP_MyMC_Behaviour
[2020.08.02-04.52.43:605][337]LogContentValidation: Display: Validating Blueprint /Game/MainCharacter/BP_MyMC_Behaviour.BP_MyMC_Behaviour
[2020.08.02-04.52.47:919][593]LogAssetEditorSubsystem: Opening Asset editor for Blueprint /Game/Enemies/BP_Spawner.BP_Spawner
[2020.08.02-04.53.00:908][331]Cmd: OBJ SAVEPACKAGE PACKAGE="/Game/MainCharacter/BP_MyMC_Behaviour" FILE="../../../../../../Users/SourApple/Documents/GitHub/AtHome_Internship/Content/MainCharacter/BP_MyMC_Behaviour.uasset" SILENT=true
[2020.08.02-04.53.00:983][331]LogSavePackage: Moving '../../../../../../Users/SourApple/Documents/GitHub/AtHome_Internship/Saved/BP_MyMC_Behaviour79AB786443990EEE0F052FB6AB5C0157.tmp' to '../../../../../../Users/SourApple/Documents/GitHub/AtHome_Internship/Content/MainCharacter/BP_MyMC_Behaviour.uasset'
[2020.08.02-04.53.01:001][331]AssetCheck: New page: Asset Save: BP_MyMC_Behaviour
[2020.08.02-04.53.01:001][331]LogContentValidation: Display: Validating Blueprint /Game/MainCharacter/BP_MyMC_Behaviour.BP_MyMC_Behaviour
[2020.08.02-04.53.02:019][392]LogTemp: Repeating last play command: New Editor Window (PIE)
[2020.08.02-04.53.02:036][392]BlueprintLog: New page: Pre-Play auto-recompile
[2020.08.02-04.53.02:073][392]LogPlayLevel: [PlayLevel] Compiling BP_MyMC_Behaviour before play...
[2020.08.02-04.53.02:457][392]LogUObjectHash: Compacting FUObjectHashTables data took   3.94ms
[2020.08.02-04.53.02:461][392]LogPlayLevel: PlayLevel: Blueprint regeneration took 425 ms (1 blueprints)
[2020.08.02-04.53.02:461][392]PIE: New page: PIE session: Arena_Map (Aug. 1, 2020, 8:53:02 p.m.)
[2020.08.02-04.53.02:462][392]LogOnline: OSS: Creating online subsystem instance for: NULL
[2020.08.02-04.53.02:463][392]LogOnline: OSS: TryLoadSubsystemAndSetDefault: Loaded subsystem for module [NULL]
[2020.08.02-04.53.02:464][392]LogPlayLevel: Creating play world package: /Game/Arena/Maps/UEDPIE_0_Arena_Map
[2020.08.02-04.53.02:740][392]LogPlayLevel: PIE: StaticDuplicateObject took: (0.276347s)
[2020.08.02-04.53.02:740][392]LogAIModule: Creating AISystem for world Arena_Map
[2020.08.02-04.53.02:741][392]LogPlayLevel: PIE: World Init took: (0.000803s)
[2020.08.02-04.53.02:741][392]LogPlayLevel: PIE: Created PIE world by copying editor world from /Game/Arena/Maps/Arena_Map.Arena_Map to /Game/Arena/Maps/UEDPIE_0_Arena_Map.Arena_Map (0.277420s)
[2020.08.02-04.53.02:780][392]LogUObjectHash: Compacting FUObjectHashTables data took   2.45ms
[2020.08.02-04.53.02:780][392]LogAudioMixer: Display: Audio Mixer Platform Settings:
[2020.08.02-04.53.02:780][392]LogAudioMixer: Display: 	Sample Rate:						  48000
[2020.08.02-04.53.02:780][392]LogAudioMixer: Display: 	Callback Buffer Frame Size Requested: 1024
[2020.08.02-04.53.02:780][392]LogAudioMixer: Display: 	Callback Buffer Frame Size To Use:	  1024
[2020.08.02-04.53.02:780][392]LogAudioMixer: Display: 	Number of buffers to queue:			  2
[2020.08.02-04.53.02:780][392]LogAudioMixer: Display: 	Max Channels (voices):				  32
[2020.08.02-04.53.02:780][392]LogAudioMixer: Display: 	Number of Async Source Workers:		  0
[2020.08.02-04.53.02:780][392]LogAudio: Display: AudioDevice MaxSources: 32
[2020.08.02-04.53.02:781][392]LogAudio: Display: Using built-in audio occlusion.
[2020.08.02-04.53.02:781][392]LogAudioMixer: Display: Initializing audio mixer.
[2020.08.02-04.53.02:792][392]LogAudioMixer: Display: Audio Device Output Speaker Info:
[2020.08.02-04.53.02:792][392]LogAudioMixer: Display: Name: Speakers (Realtek(R) Audio)
[2020.08.02-04.53.02:792][392]LogAudioMixer: Display: Is Default: Yes
[2020.08.02-04.53.02:792][392]LogAudioMixer: Display: Sample Rate: 48000
[2020.08.02-04.53.02:792][392]LogAudioMixer: Display: Channel Count Used: 8
[2020.08.02-04.53.02:792][392]LogAudioMixer: Display: Device Channel Count: 8
[2020.08.02-04.53.02:792][392]LogAudioMixer: Display: Channel Order:
[2020.08.02-04.53.02:792][392]LogAudioMixer: Display: 0: FrontLeft
[2020.08.02-04.53.02:792][392]LogAudioMixer: Display: 1: FrontRight
[2020.08.02-04.53.02:792][392]LogAudioMixer: Display: 2: FrontCenter
[2020.08.02-04.53.02:792][392]LogAudioMixer: Display: 3: LowFrequency
[2020.08.02-04.53.02:792][392]LogAudioMixer: Display: 4: BackLeft
[2020.08.02-04.53.02:792][392]LogAudioMixer: Display: 5: BackRight
[2020.08.02-04.53.02:792][392]LogAudioMixer: Display: 6: SideLeft
[2020.08.02-04.53.02:792][392]LogAudioMixer: Display: 7: SideRight
[2020.08.02-04.53.02:819][392]LogAudioMixer: Display: Using Audio Device Speakers (Realtek(R) Audio)
[2020.08.02-04.53.02:821][392]LogInit: FAudioDevice initialized.
[2020.08.02-04.53.02:851][392]LogSlate: Updating window title bar state: overlay mode, drag disabled, window buttons hidden, title bar hidden
[2020.08.02-04.53.02:852][392]LogLoad: Game class is 'Final_ProjectGameMode'
[2020.08.02-04.53.02:883][392]LogWorld: Bringing World /Game/Arena/Maps/UEDPIE_0_Arena_Map.Arena_Map up for play (max tick rate 60) at 2020.08.02-00.53.02
[2020.08.02-04.53.02:884][392]LogWorld: Bringing up level for play took: 0.030158
[2020.08.02-04.53.02:884][392]LogOnline: OSS: Creating online subsystem instance for: :Context_5
[2020.08.02-04.53.02:887][392]LogContentBrowser: Native class hierarchy updated for 'MovieSceneCapture' in 0.0004 seconds. Added 20 classes and 0 folders.
[2020.08.02-04.53.02:892][392]Cmd: DisableAllScreenMessages
[2020.08.02-04.53.02:892][392]LogEngine: Onscreen warnings/messages are now DISABLED
[2020.08.02-04.53.02:895][392]PIE: Play in editor start time for /Game/Arena/Maps/UEDPIE_0_Arena_Map 1.339
[2020.08.02-04.53.03:054][393]LogRenderer: Reallocating scene render targets to support 1024x576 Format 10 NumSamples 1 (Frame:1).
[2020.08.02-04.53.07:356][622]LogAudioMixer: Display: No commands were queued while flushing the source manager.
[2020.08.02-04.53.07:356][622]LogAudioMixer: Display: No commands were queued while flushing the source manager.
[2020.08.02-04.53.07:357][622]LogSlate: Updating window title bar state: overlay mode, drag disabled, window buttons hidden, title bar hidden
[2020.08.02-04.53.07:357][622]LogWorld: BeginTearingDown for /Game/Arena/Maps/UEDPIE_0_Arena_Map
[2020.08.02-04.53.07:369][622]LogSlate: Window 'Final_Project Game Preview Standalone (64-bit/PCD3D_SM5)' being destroyed
[2020.08.02-04.53.07:376][622]LogAudioMixer: Display: No commands were queued while flushing the source manager.
[2020.08.02-04.53.07:376][622]LogWorld: UWorld::CleanupWorld for Arena_Map, bSessionEnded=true, bCleanupResources=true
[2020.08.02-04.53.07:381][622]LogSlate: InvalidateAllWidgets triggered.  All widgets were invalidated
[2020.08.02-04.53.07:395][622]LogPlayLevel: Display: Shutting down PIE online subsystems
[2020.08.02-04.53.07:402][622]LogSlate: InvalidateAllWidgets triggered.  All widgets were invalidated
[2020.08.02-04.53.07:443][622]LogAudioMixer: Display: No commands were queued while flushing the source manager.
[2020.08.02-04.53.07:491][622]LogUObjectHash: Compacting FUObjectHashTables data took   5.02ms
[2020.08.02-04.53.07:555][623]LogPlayLevel: Display: Destroying online subsystem :Context_5
[2020.08.02-04.53.20:217][370]LogTemp: Repeating last play command: New Editor Window (PIE)
[2020.08.02-04.53.20:235][370]BlueprintLog: New page: Pre-Play auto-recompile
[2020.08.02-04.53.20:261][370]LogPlayLevel: [PlayLevel] Compiling BP_MyMC_Behaviour before play...
[2020.08.02-04.53.20:663][370]LogUObjectHash: Compacting FUObjectHashTables data took   4.53ms
[2020.08.02-04.53.20:668][370]LogPlayLevel: PlayLevel: Blueprint regeneration took 433 ms (1 blueprints)
[2020.08.02-04.53.20:668][370]PIE: New page: PIE session: Arena_Map (Aug. 1, 2020, 8:53:20 p.m.)
[2020.08.02-04.53.20:670][370]LogPlayLevel: Creating play world package: /Game/Arena/Maps/UEDPIE_0_Arena_Map
[2020.08.02-04.53.20:948][370]LogPlayLevel: PIE: StaticDuplicateObject took: (0.278124s)
[2020.08.02-04.53.20:949][370]LogAIModule: Creating AISystem for world Arena_Map
[2020.08.02-04.53.20:949][370]LogPlayLevel: PIE: World Init took: (0.000841s)
[2020.08.02-04.53.20:949][370]LogPlayLevel: PIE: Created PIE world by copying editor world from /Game/Arena/Maps/Arena_Map.Arena_Map to /Game/Arena/Maps/UEDPIE_0_Arena_Map.Arena_Map (0.279162s)
[2020.08.02-04.53.20:984][370]LogUObjectHash: Compacting FUObjectHashTables data took   3.12ms
[2020.08.02-04.53.20:985][370]LogAudioMixer: Display: Audio Mixer Platform Settings:
[2020.08.02-04.53.20:985][370]LogAudioMixer: Display: 	Sample Rate:						  48000
[2020.08.02-04.53.20:985][370]LogAudioMixer: Display: 	Callback Buffer Frame Size Requested: 1024
[2020.08.02-04.53.20:985][370]LogAudioMixer: Display: 	Callback Buffer Frame Size To Use:	  1024
[2020.08.02-04.53.20:985][370]LogAudioMixer: Display: 	Number of buffers to queue:			  2
[2020.08.02-04.53.20:985][370]LogAudioMixer: Display: 	Max Channels (voices):				  32
[2020.08.02-04.53.20:985][370]LogAudioMixer: Display: 	Number of Async Source Workers:		  0
[2020.08.02-04.53.20:985][370]LogAudio: Display: AudioDevice MaxSources: 32
[2020.08.02-04.53.20:986][370]LogAudio: Display: Using built-in audio occlusion.
[2020.08.02-04.53.20:986][370]LogAudioMixer: Display: Initializing audio mixer.
[2020.08.02-04.53.20:996][370]LogAudioMixer: Display: Audio Device Output Speaker Info:
[2020.08.02-04.53.20:996][370]LogAudioMixer: Display: Name: Speakers (Realtek(R) Audio)
[2020.08.02-04.53.20:996][370]LogAudioMixer: Display: Is Default: Yes
[2020.08.02-04.53.20:996][370]LogAudioMixer: Display: Sample Rate: 48000
[2020.08.02-04.53.20:996][370]LogAudioMixer: Display: Channel Count Used: 8
[2020.08.02-04.53.20:996][370]LogAudioMixer: Display: Device Channel Count: 8
[2020.08.02-04.53.20:996][370]LogAudioMixer: Display: Channel Order:
[2020.08.02-04.53.20:996][370]LogAudioMixer: Display: 0: FrontLeft
[2020.08.02-04.53.20:997][370]LogAudioMixer: Display: 1: FrontRight
[2020.08.02-04.53.20:997][370]LogAudioMixer: Display: 2: FrontCenter
[2020.08.02-04.53.20:997][370]LogAudioMixer: Display: 3: LowFrequency
[2020.08.02-04.53.20:997][370]LogAudioMixer: Display: 4: BackLeft
[2020.08.02-04.53.20:997][370]LogAudioMixer: Display: 5: BackRight
[2020.08.02-04.53.20:997][370]LogAudioMixer: Display: 6: SideLeft
[2020.08.02-04.53.20:997][370]LogAudioMixer: Display: 7: SideRight
[2020.08.02-04.53.21:023][370]LogAudioMixer: Display: Using Audio Device Speakers (Realtek(R) Audio)
[2020.08.02-04.53.21:025][370]LogInit: FAudioDevice initialized.
[2020.08.02-04.53.21:065][370]LogSlate: Updating window title bar state: overlay mode, drag disabled, window buttons hidden, title bar hidden
[2020.08.02-04.53.21:065][370]LogLoad: Game class is 'Final_ProjectGameMode'
[2020.08.02-04.53.21:098][370]LogWorld: Bringing World /Game/Arena/Maps/UEDPIE_0_Arena_Map.Arena_Map up for play (max tick rate 60) at 2020.08.02-00.53.21
[2020.08.02-04.53.21:098][370]LogWorld: Bringing up level for play took: 0.032940
[2020.08.02-04.53.21:099][370]LogOnline: OSS: Creating online subsystem instance for: :Context_6
[2020.08.02-04.53.21:106][370]Cmd: DisableAllScreenMessages
[2020.08.02-04.53.21:106][370]LogEngine: Onscreen warnings/messages are now DISABLED
[2020.08.02-04.53.21:108][370]PIE: Play in editor start time for /Game/Arena/Maps/UEDPIE_0_Arena_Map 1.552
[2020.08.02-04.53.22:220][426]LogBlueprintUserMessages: [BP_Spawner_2] 9
[2020.08.02-04.53.22:221][426]LogSpawn: Warning: SpawnActor failed because of collision at the spawn location [X=5040.145 Y=5292.628 Z=1370.096] for [BP_DemonAI_C]
[2020.08.02-04.53.22:221][426]LogScript: Warning: Attempted to access BP_DemonAI_C_0 via property CallFunc_FinishSpawningActor_ReturnValue, but BP_DemonAI_C_0 is pending kill
	BP_Spawner_C /Game/Arena/Maps/UEDPIE_0_Arena_Map.Arena_Map:PersistentLevel.BP_Spawner_2
	Function /Game/Enemies/BP_Spawner.BP_Spawner_C:Spawn_Wave1-9:0511
[2020.08.02-04.53.22:221][426]PIE: Error: Blueprint Runtime Error: "Attempted to access BP_DemonAI_C_0 via property CallFunc_FinishSpawningActor_ReturnValue, but BP_DemonAI_C_0 is pending kill". Blueprint:  BP_Spawner Function:  Spawn Wave 1-9 Graph:  Spawn_Wave1-9 Node:  Spawn Default Controller
[2020.08.02-04.53.23:921][426]LogWindows: Error: === Critical error: ===
[2020.08.02-04.53.23:921][426]LogWindows: Error: 
[2020.08.02-04.53.23:921][426]LogWindows: Error: Fatal error!
[2020.08.02-04.53.23:921][426]LogWindows: Error: 
[2020.08.02-04.53.23:921][426]LogWindows: Error: Unhandled Exception: EXCEPTION_ACCESS_VIOLATION reading address 0x000000e8
[2020.08.02-04.53.23:921][426]LogWindows: Error: 
[2020.08.02-04.53.23:921][426]LogWindows: Error: [Callstack] 0x00007ffecb736547 UE4Editor-Final_Project-8581.dll!TMulticastScriptDelegate<FWeakObjectPtr>::CompactInvocationList() [C:\Program Files\Epic Games\UE_4.24\Engine\Source\Runtime\Core\Public\UObject\ScriptDelegates.h:607]
[2020.08.02-04.53.23:921][426]LogWindows: Error: [Callstack] 0x00007ffecb7360f2 UE4Editor-Final_Project-8581.dll!TBaseDynamicMulticastDelegate<FWeakObjectPtr,void,APawn *>::__Internal_AddDynamic<ADemon_Behaviour>() [C:\Program Files\Epic Games\UE_4.24\Engine\Source\Runtime\Core\Public\Delegates\DelegateSignatureImpl.inl:1214]
[2020.08.02-04.53.23:921][426]LogWindows: Error: [Callstack] 0x00007ffecb7364d7 UE4Editor-Final_Project-8581.dll!ADemon_Behaviour::BeginPlay() [C:\Users\SourApple\Documents\GitHub\AtHome_Internship\Source\Final_Project\Private\Demon_Behaviour.cpp:90]
[2020.08.02-04.53.23:921][426]LogWindows: Error: [Callstack] 0x00007ffeea0fc7dd UE4Editor-Engine.dll!UnknownFunction []
[2020.08.02-04.53.23:921][426]LogWindows: Error: [Callstack] 0x00007ffeea1244fa UE4Editor-Engine.dll!UnknownFunction []
[2020.08.02-04.53.23:921][426]LogWindows: Error: [Callstack] 0x00007ffeea10a850 UE4Editor-Engine.dll!UnknownFunction []
[2020.08.02-04.53.23:921][426]LogWindows: Error: [Callstack] 0x00007ffeea805f3c UE4Editor-Engine.dll!UnknownFunction []
[2020.08.02-04.53.23:921][426]LogWindows: Error: [Callstack] 0x00007ffeea154926 UE4Editor-Engine.dll!UnknownFunction []
[2020.08.02-04.53.23:921][426]LogWindows: Error: [Callstack] 0x00007ffefe934045 UE4Editor-CoreUObject.dll!UnknownFunction []
[2020.08.02-04.53.23:921][426]LogWindows: Error: [Callstack] 0x00007ffefe936516 UE4Editor-CoreUObject.dll!UnknownFunction []
[2020.08.02-04.53.23:921][426]LogWindows: Error: [Callstack] 0x00007ffefe910cd2 UE4Editor-CoreUObject.dll!UnknownFunction []
[2020.08.02-04.53.23:921][426]LogWindows: Error: [Callstack] 0x00007ffefe8dedbb UE4Editor-CoreUObject.dll!UnknownFunction []
[2020.08.02-04.53.23:921][426]LogWindows: Error: [Callstack] 0x00007ffefe9109ef UE4Editor-CoreUObject.dll!UnknownFunction []
[2020.08.02-04.53.23:921][426]LogWindows: Error: [Callstack] 0x00007ffefe910cd2 UE4Editor-CoreUObject.dll!UnknownFunction []
[2020.08.02-04.53.23:921][426]LogWindows: Error: [Callstack] 0x00007ffefe910644 UE4Editor-CoreUObject.dll!UnknownFunction []
[2020.08.02-04.53.23:921][426]LogWindows: Error: [Callstack] 0x00007ffefe6c42e8 UE4Editor-CoreUObject.dll!UnknownFunction []
[2020.08.02-04.53.23:921][426]LogWindows: Error: [Callstack] 0x00007ffefe910148 UE4Editor-CoreUObject.dll!UnknownFunction []
[2020.08.02-04.53.23:921][426]LogWindows: Error: [Callstack] 0x00007ffeea127f18 UE4Editor-Engine.dll!UnknownFunction []
[2020.08.02-04.53.23:921][426]LogWindows: Error: [Callstack] 0x00007ffeeaa0935f UE4Editor-Engine.dll!UnknownFunction []
[2020.08.02-04.53.23:921][426]LogWindows: Error: [Callstack] 0x00007ffeea9eaa4e UE4Editor-Engine.dll!UnknownFunction []
[2020.08.02-04.53.23:921][426]LogWindows: Error: [Callstack] 0x00007ffeea13ef54 UE4Editor-Engine.dll!UnknownFunction []
[2020.08.02-04.53.23:921][426]LogWindows: Error: [Callstack] 0x00007ffeea13f402 UE4Editor-Engine.dll!UnknownFunction []
[2020.08.02-04.53.23:921][426]LogWindows: Error: [Callstack] 0x00007ffeea107866 UE4Editor-Engine.dll!UnknownFunction []
[2020.08.02-04.53.23:921][426]LogWindows: Error: [Callstack] 0x00007ffeeb247223 UE4Editor-Engine.dll!UnknownFunction []
[2020.08.02-04.53.23:921][426]LogWindows: Error: [Callstack] 0x00007ffeeb255256 UE4Editor-Engine.dll!UnknownFunction []
[2020.08.02-04.53.23:921][426]LogWindows: Error: [Callstack] 0x00007ffeecec9ff2 UE4Editor-Core.dll!UnknownFunction []
[2020.08.02-04.53.23:921][426]LogWindows: Error: [Callstack] 0x00007ffeececa393 UE4Editor-Core.dll!UnknownFunction []
[2020.08.02-04.53.23:921][426]LogWindows: Error: [Callstack] 0x00007ffeecedaa68 UE4Editor-Core.dll!UnknownFunction []
[2020.08.02-04.53.23:921][426]LogWindows: Error: [Callstack] 0x00007ffeeb2738b0 UE4Editor-Engine.dll!UnknownFunction []
[2020.08.02-04.53.23:921][426]LogWindows: Error: [Callstack] 0x00007ffeeb2797c2 UE4Editor-Engine.dll!UnknownFunction []
[2020.08.02-04.53.23:921][426]LogWindows: Error: [Callstack] 0x00007ffeea9fa25f UE4Editor-Engine.dll!UnknownFunction []
[2020.08.02-04.53.23:921][426]LogWindows: Error: [Callstack] 0x00007ffeeaa05127 UE4Editor-Engine.dll!UnknownFunction []
[2020.08.02-04.53.23:922][426]LogWindows: Error: [Callstack] 0x00007ffee81dad60 UE4Editor-UnrealEd.dll!UnknownFunction []
[2020.08.02-04.53.23:922][426]LogWindows: Error: [Callstack] 0x00007ffee8a3e476 UE4Editor-UnrealEd.dll!UnknownFunction []
[2020.08.02-04.53.23:922][426]LogWindows: Error: [Callstack] 0x00007ff61c887f62 UE4Editor.exe!UnknownFunction []
[2020.08.02-04.53.23:922][426]LogWindows: Error: [Callstack] 0x00007ff61c89c3ec UE4Editor.exe!UnknownFunction []
[2020.08.02-04.53.23:922][426]LogWindows: Error: [Callstack] 0x00007ff61c89c4ca UE4Editor.exe!UnknownFunction []
[2020.08.02-04.53.23:922][426]LogWindows: Error: [Callstack] 0x00007ff61c8aceae UE4Editor.exe!UnknownFunction []
[2020.08.02-04.53.23:922][426]LogWindows: Error: [Callstack] 0x00007ff61c8afcbe UE4Editor.exe!UnknownFunction []
[2020.08.02-04.53.23:922][426]LogWindows: Error: [Callstack] 0x00007fff3eaf7bd4 KERNEL32.DLL!UnknownFunction []
[2020.08.02-04.53.23:922][426]LogWindows: Error: [Callstack] 0x00007fff4040ce51 ntdll.dll!UnknownFunction []
[2020.08.02-04.53.23:922][426]LogWindows: Error: 
[2020.08.02-04.53.23:938][426]LogExit: Executing StaticShutdownAfterError
[2020.08.02-04.53.23:948][426]LogWindows: FPlatformMisc::RequestExit(1)
[2020.08.02-04.53.23:948][426]LogCore: Engine exit requested (reason: Win RequestExit)
[2020.08.02-04.53.23:959][426]Log file closed, 08/02/20 00:53:23
