Log file open, 08/02/20 01:06:44
LogWindows: Failed to load 'aqProf.dll' (GetLastError=126)
LogWindows: File 'aqProf.dll' does not exist
LogWindows: Failed to load 'VtuneApi.dll' (GetLastError=126)
LogWindows: File 'VtuneApi.dll' does not exist
LogWindows: Failed to load 'VtuneApi32e.dll' (GetLastError=126)
LogWindows: File 'VtuneApi32e.dll' does not exist
LogConsoleResponse: Display: Failed to find resolution value strings in scalability ini. Falling back to default.
LogInit: Display: Running engine for game: Final_Project
LogPlatformFile: Not using cached read wrapper
LogTaskGraph: Started task graph with 5 named threads and 35 total threads with 3 sets of task threads.
LogStats: Stats thread started at 0.085859
LogD3D11RHI: Loaded GFSDK_Aftermath_Lib.x64.dll
LogICUInternationalization: ICU TimeZone Detection - Raw Offset: -5:00, Platform Override: ''
LogPluginManager: Mounting plugin Paper2D
LogPluginManager: Mounting plugin AISupport
LogPluginManager: Mounting plugin LightPropagationVolume
LogPluginManager: Mounting plugin ActorLayerUtilities
LogPluginManager: Mounting plugin AnimationSharing
LogPluginManager: Mounting plugin CLionSourceCodeAccess
LogPluginManager: Mounting plugin CodeLiteSourceCodeAccess
LogPluginManager: Mounting plugin GitSourceControl
LogPluginManager: Mounting plugin KDevelopSourceCodeAccess
LogPluginManager: Mounting plugin NullSourceCodeAccess
LogPluginManager: Mounting plugin PerforceSourceControl
LogPluginManager: Mounting plugin PlasticSourceControl
LogPluginManager: Mounting plugin SubversionSourceControl
LogPluginManager: Mounting plugin UObjectPlugin
LogPluginManager: Mounting plugin VisualStudioCodeSourceCodeAccess
LogPluginManager: Mounting plugin VisualStudioSourceCodeAccess
LogPluginManager: Mounting plugin XCodeSourceCodeAccess
LogPluginManager: Mounting plugin AssetManagerEditor
LogPluginManager: Mounting plugin CryptoKeys
LogPluginManager: Mounting plugin CurveEditorTools
LogPluginManager: Mounting plugin DataValidation
LogPluginManager: Mounting plugin EditorScriptingUtilities
LogPluginManager: Mounting plugin FacialAnimation
LogPluginManager: Mounting plugin GameplayTagsEditor
LogPluginManager: Mounting plugin MacGraphicsSwitching
LogPluginManager: Mounting plugin MaterialAnalyzer
LogPluginManager: Mounting plugin MobileLauncherProfileWizard
LogPluginManager: Mounting plugin PluginBrowser
LogPluginManager: Mounting plugin SpeedTreeImporter
LogPluginManager: Mounting plugin DatasmithContent
LogPluginManager: Mounting plugin VariantManagerContent
LogPluginManager: Mounting plugin AlembicImporter
LogPluginManager: Mounting plugin AutomationUtils
LogPluginManager: Mounting plugin BackChannel
LogPluginManager: Mounting plugin CharacterAI
LogPluginManager: Mounting plugin GeometryCache
LogPluginManager: Mounting plugin PlatformCrypto
LogPluginManager: Mounting plugin ProxyLODPlugin
LogPluginManager: Mounting plugin PythonScriptPlugin
LogPluginManager: Mounting plugin SkeletalReduction
LogPluginManager: Mounting plugin MagicLeap
LogPluginManager: Mounting plugin MagicLeapMedia
LogPluginManager: Mounting plugin MLSDK
LogPluginManager: Mounting plugin AssetsCleaner
LogPluginManager: Mounting plugin AndroidMedia
LogPluginManager: Mounting plugin AvfMedia
LogPluginManager: Mounting plugin ImgMedia
LogPluginManager: Mounting plugin MediaCompositing
LogPluginManager: Mounting plugin MediaPlayerEditor
LogPluginManager: Mounting plugin WebMMedia
LogPluginManager: Mounting plugin WmfMedia
LogPluginManager: Mounting plugin MegascansPlugin
LogPluginManager: Mounting plugin TcpMessaging
LogPluginManager: Mounting plugin UdpMessaging
LogPluginManager: Mounting plugin ActorSequence
LogPluginManager: Mounting plugin LevelSequenceEditor
LogPluginManager: Mounting plugin MatineeToLevelSequence
LogPluginManager: Mounting plugin NetcodeUnitTest
LogPluginManager: Mounting plugin NUTUnrealEngine4
LogPluginManager: Mounting plugin OnlineSubsystemGooglePlay
LogPluginManager: Mounting plugin OnlineSubsystemIOS
LogPluginManager: Mounting plugin OnlineSubsystem
LogPluginManager: Mounting plugin OnlineSubsystemNull
LogPluginManager: Mounting plugin OnlineSubsystemUtils
LogPluginManager: Mounting plugin LauncherChunkInstaller
LogPluginManager: Mounting plugin AndroidDeviceProfileSelector
LogPluginManager: Mounting plugin AndroidMoviePlayer
LogPluginManager: Mounting plugin AndroidPermission
LogPluginManager: Mounting plugin AppleImageUtils
LogPluginManager: Mounting plugin AppleMoviePlayer
LogPluginManager: Mounting plugin ArchVisCharacter
LogPluginManager: Mounting plugin AssetTags
LogPluginManager: Mounting plugin AudioCapture
LogPluginManager: Mounting plugin CableComponent
LogPluginManager: Mounting plugin CustomMeshComponent
LogPluginManager: Mounting plugin EditableMesh
LogPluginManager: Mounting plugin ExampleDeviceProfileSelector
LogPluginManager: Mounting plugin GoogleCloudMessaging
LogPluginManager: Mounting plugin IOSDeviceProfileSelector
LogPluginManager: Mounting plugin LinuxDeviceProfileSelector
LogPluginManager: Mounting plugin LocationServicesBPLibrary
LogPluginManager: Mounting plugin MobilePatchingUtils
LogPluginManager: Mounting plugin OculusVR
LogPluginManager: Mounting plugin PhysXVehicles
LogPluginManager: Mounting plugin PostSplashScreen
LogPluginManager: Mounting plugin ProceduralMeshComponent
LogPluginManager: Mounting plugin RuntimePhysXCooking
LogPluginManager: Mounting plugin SignificanceManager
LogPluginManager: Mounting plugin SteamVR
LogPluginManager: Mounting plugin WebMMoviePlayer
LogPluginManager: Mounting plugin WindowsMoviePlayer
LogPluginManager: Mounting plugin ScreenshotTools
LogInit: Using libcurl 7.55.1-DEV
LogInit:  - built for x86_64-pc-win32
LogInit:  - supports SSL with OpenSSL/1.1.1
LogInit:  - supports HTTP deflate (compression) using libz 1.2.8
LogInit:  - other features:
LogInit:      CURL_VERSION_SSL
LogInit:      CURL_VERSION_LIBZ
LogInit:      CURL_VERSION_IPV6
LogInit:      CURL_VERSION_ASYNCHDNS
LogInit:      CURL_VERSION_LARGEFILE
LogInit:      CURL_VERSION_IDN
LogInit:  CurlRequestOptions (configurable via config and command line):
LogInit:  - bVerifyPeer = true  - Libcurl will verify peer certificate
LogInit:  - bUseHttpProxy = false  - Libcurl will NOT use HTTP proxy
LogInit:  - bDontReuseConnections = false  - Libcurl will reuse connections
LogInit:  - MaxHostConnections = 16  - Libcurl will limit the number of connections to a host
LogInit:  - LocalHostAddr = Default
LogInit:  - BufferSize = 65536
LogOnline: OSS: Creating online subsystem instance for: NULL
LogInit: WinSock: version 1.1 (2.2), MaxSocks=32767, MaxUdp=65467
LogOnline: OSS: TryLoadSubsystemAndSetDefault: Loaded subsystem for module [NULL]
LogInit: Build: ++UE4+Release-4.24-CL-11590370
LogInit: Engine Version: 4.24.3-11590370+++UE4+Release-4.24
LogInit: Compatible Engine Version: 4.24.0-10570792+++UE4+Release-4.24
LogInit: Net CL: 10570792
LogInit: OS: Windows 10 (Release 1903) (), CPU: Intel(R) Core(TM) i7-8750H CPU @ 2.20GHz, GPU: Intel(R) UHD Graphics 630
LogInit: Compiled (64-bit): Feb 24 2020 15:39:18
LogInit: Compiled with Visual C++: 19.16.27032.01
LogInit: Build Configuration: Development
LogInit: Branch Name: ++UE4+Release-4.24
LogInit: Command Line: 
LogInit: Base Directory: C:/Program Files/Epic Games/UE_4.24/Engine/Binaries/Win64/
LogInit: Installed Engine Build: 1
LogDevObjectVersion: Number of dev versions registered: 25
LogDevObjectVersion:   Dev-Blueprints (B0D832E4-1F89-4F0D-ACCF-7EB736FD4AA2): 10
LogDevObjectVersion:   Dev-Build (E1C64328-A22C-4D53-A36C-8E866417BD8C): 0
LogDevObjectVersion:   Dev-Core (375EC13C-06E4-48FB-B500-84F0262A717E): 3
LogDevObjectVersion:   Dev-Editor (E4B068ED-F494-42E9-A231-DA0B2E46BB41): 37
LogDevObjectVersion:   Dev-Framework (CFFC743F-43B0-4480-9391-14DF171D2073): 36
LogDevObjectVersion:   Dev-Mobile (B02B49B5-BB20-44E9-A304-32B752E40360): 2
LogDevObjectVersion:   Dev-Networking (A4E4105C-59A1-49B5-A7C5-40C4547EDFEE): 0
LogDevObjectVersion:   Dev-Online (39C831C9-5AE6-47DC-9A44-9C173E1C8E7C): 0
LogDevObjectVersion:   Dev-Physics (78F01B33-EBEA-4F98-B9B4-84EACCB95AA2): 2
LogDevObjectVersion:   Dev-Platform (6631380F-2D4D-43E0-8009-CF276956A95A): 0
LogDevObjectVersion:   Dev-Rendering (12F88B9F-8875-4AFC-A67C-D90C383ABD29): 36
LogDevObjectVersion:   Dev-Sequencer (7B5AE74C-D270-4C10-A958-57980B212A5A): 11
LogDevObjectVersion:   Dev-VR (D7296918-1DD6-4BDD-9DE2-64A83CC13884): 2
LogDevObjectVersion:   Dev-LoadTimes (C2A15278-BFE7-4AFE-6C17-90FF531DF755): 1
LogDevObjectVersion:   Private-Geometry (6EACA3D4-40EC-4CC1-B786-8BED09428FC5): 3
LogDevObjectVersion:   Dev-AnimPhys (29E575DD-E0A3-4627-9D10-D276232CDCEA): 17
LogDevObjectVersion:   Dev-Anim (AF43A65D-7FD3-4947-9873-3E8ED9C1BB05): 2
LogDevObjectVersion:   Dev-ReflectionCapture (6B266CEC-1EC7-4B8F-A30B-E4D90942FC07): 1
LogDevObjectVersion:   Dev-Automation (0DF73D61-A23F-47EA-B727-89E90C41499A): 1
LogDevObjectVersion:   FortniteMain (601D1886-AC64-4F84-AA16-D3DE0DEAC7D6): 31
LogDevObjectVersion:   Dev-Enterprise (9DFFBCD6-494F-0158-E221-12823C92A888): 8
LogDevObjectVersion:   Dev-Niagara (F2AED0AC-9AFE-416F-8664-AA7FFA26D6FC): 1
LogDevObjectVersion:   Dev-Destruction (174F1F0B-B4C6-45A5-B13F-2EE8D0FB917D): 9
LogDevObjectVersion:   Dev-Physics-Ext (35F94A83-E258-406C-A318-09F59610247C): 8
LogDevObjectVersion:   Dev-CineCamera (B2E18506-4273-CFC2-A54E-F4BB758BBA07): 1
LogInit: Presizing for max 25165824 objects, including 0 objects not considered by GC, pre-allocating 0 bytes for permanent pool.
LogInit: Object subsystem initialized
LogConfig: Setting CVar [[con.DebugEarlyDefault:1]]
LogConfig: Setting CVar [[r.setres:1280x720]]
[2020.08.02-05.06.45:077][  0]LogConfig: Setting CVar [[r.VSync:0]]
[2020.08.02-05.06.45:077][  0]LogConfig: Setting CVar [[r.RHICmdBypass:0]]
[2020.08.02-05.06.45:077][  0]LogConfig: Applying CVar settings from Section [/Script/Engine.RendererSettings] File [C:/Users/SourApple/Documents/GitHub/AtHome_Internship/Saved/Config/Windows/Engine.ini]
[2020.08.02-05.06.45:077][  0]LogConfig: Setting CVar [[r.GPUCrashDebugging:0]]
[2020.08.02-05.06.45:077][  0]LogConfig: Applying CVar settings from Section [/Script/Engine.RendererOverrideSettings] File [C:/Users/SourApple/Documents/GitHub/AtHome_Internship/Saved/Config/Windows/Engine.ini]
[2020.08.02-05.06.45:077][  0]LogConfig: Applying CVar settings from Section [/Script/Engine.StreamingSettings] File [C:/Users/SourApple/Documents/GitHub/AtHome_Internship/Saved/Config/Windows/Engine.ini]
[2020.08.02-05.06.45:077][  0]LogConfig: Setting CVar [[s.MinBulkDataSizeForAsyncLoading:131072]]
[2020.08.02-05.06.45:077][  0]LogConfig: Setting CVar [[s.AsyncLoadingThreadEnabled:0]]
[2020.08.02-05.06.45:077][  0]LogConfig: Setting CVar [[s.EventDrivenLoaderEnabled:1]]
[2020.08.02-05.06.45:077][  0]LogConfig: Setting CVar [[s.WarnIfTimeLimitExceeded:0]]
[2020.08.02-05.06.45:077][  0]LogConfig: Setting CVar [[s.TimeLimitExceededMultiplier:1.5]]
[2020.08.02-05.06.45:077][  0]LogConfig: Setting CVar [[s.TimeLimitExceededMinTime:0.005]]
[2020.08.02-05.06.45:077][  0]LogConfig: Setting CVar [[s.UseBackgroundLevelStreaming:1]]
[2020.08.02-05.06.45:077][  0]LogConfig: Setting CVar [[s.PriorityAsyncLoadingExtraTime:15.0]]
[2020.08.02-05.06.45:077][  0]LogConfig: Setting CVar [[s.LevelStreamingActorsUpdateTimeLimit:5.0]]
[2020.08.02-05.06.45:078][  0]LogConfig: Setting CVar [[s.PriorityLevelStreamingActorsUpdateExtraTime:5.0]]
[2020.08.02-05.06.45:078][  0]LogConfig: Setting CVar [[s.LevelStreamingComponentsRegistrationGranularity:10]]
[2020.08.02-05.06.45:078][  0]LogConfig: Setting CVar [[s.UnregisterComponentsTimeLimit:1.0]]
[2020.08.02-05.06.45:078][  0]LogConfig: Setting CVar [[s.LevelStreamingComponentsUnregistrationGranularity:5]]
[2020.08.02-05.06.45:078][  0]LogConfig: Setting CVar [[s.FlushStreamingOnExit:1]]
[2020.08.02-05.06.45:078][  0]LogConfig: Applying CVar settings from Section [/Script/Engine.GarbageCollectionSettings] File [C:/Users/SourApple/Documents/GitHub/AtHome_Internship/Saved/Config/Windows/Engine.ini]
[2020.08.02-05.06.45:078][  0]LogConfig: Setting CVar [[gc.MaxObjectsNotConsideredByGC:1]]
[2020.08.02-05.06.45:078][  0]LogConfig: Setting CVar [[gc.SizeOfPermanentObjectPool:0]]
[2020.08.02-05.06.45:078][  0]LogConfig: Setting CVar [[gc.FlushStreamingOnGC:0]]
[2020.08.02-05.06.45:078][  0]LogConfig: Setting CVar [[gc.NumRetriesBeforeForcingGC:10]]
[2020.08.02-05.06.45:078][  0]LogConfig: Setting CVar [[gc.AllowParallelGC:1]]
[2020.08.02-05.06.45:078][  0]LogConfig: Setting CVar [[gc.TimeBetweenPurgingPendingKillObjects:61.1]]
[2020.08.02-05.06.45:078][  0]LogConfig: Setting CVar [[gc.MaxObjectsInEditor:25165824]]
[2020.08.02-05.06.45:078][  0]LogConfig: Setting CVar [[gc.IncrementalBeginDestroyEnabled:1]]
[2020.08.02-05.06.45:078][  0]LogConfig: Setting CVar [[gc.CreateGCClusters:1]]
[2020.08.02-05.06.45:078][  0]LogConfig: Setting CVar [[gc.MinGCClusterSize:5]]
[2020.08.02-05.06.45:078][  0]LogConfig: Setting CVar [[gc.ActorClusteringEnabled:0]]
[2020.08.02-05.06.45:078][  0]LogConfig: Setting CVar [[gc.BlueprintClusteringEnabled:0]]
[2020.08.02-05.06.45:078][  0]LogConfig: Setting CVar [[gc.UseDisregardForGCOnDedicatedServers:0]]
[2020.08.02-05.06.45:078][  0]LogConfig: Applying CVar settings from Section [/Script/Engine.NetworkSettings] File [C:/Users/SourApple/Documents/GitHub/AtHome_Internship/Saved/Config/Windows/Engine.ini]
[2020.08.02-05.06.45:078][  0]LogConfig: Applying CVar settings from Section [/Script/UnrealEd.CookerSettings] File [C:/Users/SourApple/Documents/GitHub/AtHome_Internship/Saved/Config/Windows/Engine.ini]
[2020.08.02-05.06.45:097][  0]LogConfig: Applying CVar settings from Section [ViewDistanceQuality@3] File [C:/Users/SourApple/Documents/GitHub/AtHome_Internship/Saved/Config/Windows/Scalability.ini]
[2020.08.02-05.06.45:097][  0]LogConfig: Setting CVar [[r.SkeletalMeshLODBias:0]]
[2020.08.02-05.06.45:097][  0]LogConfig: Setting CVar [[r.ViewDistanceScale:1.0]]
[2020.08.02-05.06.45:098][  0]LogConfig: Applying CVar settings from Section [AntiAliasingQuality@3] File [C:/Users/SourApple/Documents/GitHub/AtHome_Internship/Saved/Config/Windows/Scalability.ini]
[2020.08.02-05.06.45:098][  0]LogConfig: Setting CVar [[r.PostProcessAAQuality:4]]
[2020.08.02-05.06.45:098][  0]LogConfig: Applying CVar settings from Section [ShadowQuality@3] File [C:/Users/SourApple/Documents/GitHub/AtHome_Internship/Saved/Config/Windows/Scalability.ini]
[2020.08.02-05.06.45:098][  0]LogConfig: Setting CVar [[r.LightFunctionQuality:1]]
[2020.08.02-05.06.45:098][  0]LogConfig: Setting CVar [[r.ShadowQuality:5]]
[2020.08.02-05.06.45:098][  0]LogConfig: Setting CVar [[r.Shadow.CSM.MaxCascades:10]]
[2020.08.02-05.06.45:098][  0]LogConfig: Setting CVar [[r.Shadow.MaxResolution:2048]]
[2020.08.02-05.06.45:098][  0]LogConfig: Setting CVar [[r.Shadow.MaxCSMResolution:2048]]
[2020.08.02-05.06.45:098][  0]LogConfig: Setting CVar [[r.Shadow.RadiusThreshold:0.01]]
[2020.08.02-05.06.45:098][  0]LogConfig: Setting CVar [[r.Shadow.DistanceScale:1.0]]
[2020.08.02-05.06.45:098][  0]LogConfig: Setting CVar [[r.Shadow.CSM.TransitionScale:1.0]]
[2020.08.02-05.06.45:098][  0]LogConfig: Setting CVar [[r.Shadow.PreShadowResolutionFactor:1.0]]
[2020.08.02-05.06.45:098][  0]LogConfig: Setting CVar [[r.DistanceFieldShadowing:1]]
[2020.08.02-05.06.45:098][  0]LogConfig: Setting CVar [[r.DistanceFieldAO:1]]
[2020.08.02-05.06.45:098][  0]LogConfig: Setting CVar [[r.AOQuality:2]]
[2020.08.02-05.06.45:098][  0]LogConfig: Setting CVar [[r.VolumetricFog:1]]
[2020.08.02-05.06.45:098][  0]LogConfig: Setting CVar [[r.VolumetricFog.GridPixelSize:8]]
[2020.08.02-05.06.45:098][  0]LogConfig: Setting CVar [[r.VolumetricFog.GridSizeZ:128]]
[2020.08.02-05.06.45:098][  0]LogConfig: Setting CVar [[r.VolumetricFog.HistoryMissSupersampleCount:4]]
[2020.08.02-05.06.45:098][  0]LogConfig: Setting CVar [[r.LightMaxDrawDistanceScale:1]]
[2020.08.02-05.06.45:098][  0]LogConfig: Setting CVar [[r.CapsuleShadows:1]]
[2020.08.02-05.06.45:098][  0]LogConfig: Applying CVar settings from Section [PostProcessQuality@3] File [C:/Users/SourApple/Documents/GitHub/AtHome_Internship/Saved/Config/Windows/Scalability.ini]
[2020.08.02-05.06.45:098][  0]LogConfig: Setting CVar [[r.MotionBlurQuality:4]]
[2020.08.02-05.06.45:098][  0]LogConfig: Setting CVar [[r.AmbientOcclusionMipLevelFactor:0.4]]
[2020.08.02-05.06.45:098][  0]LogConfig: Setting CVar [[r.AmbientOcclusionMaxQuality:100]]
[2020.08.02-05.06.45:098][  0]LogConfig: Setting CVar [[r.AmbientOcclusionLevels:-1]]
[2020.08.02-05.06.45:098][  0]LogConfig: Setting CVar [[r.AmbientOcclusionRadiusScale:1.0]]
[2020.08.02-05.06.45:098][  0]LogConfig: Setting CVar [[r.DepthOfFieldQuality:2]]
[2020.08.02-05.06.45:098][  0]LogConfig: Setting CVar [[r.RenderTargetPoolMin:400]]
[2020.08.02-05.06.45:098][  0]LogConfig: Setting CVar [[r.LensFlareQuality:2]]
[2020.08.02-05.06.45:098][  0]LogConfig: Setting CVar [[r.SceneColorFringeQuality:1]]
[2020.08.02-05.06.45:098][  0]LogConfig: Setting CVar [[r.EyeAdaptationQuality:2]]
[2020.08.02-05.06.45:098][  0]LogConfig: Setting CVar [[r.BloomQuality:5]]
[2020.08.02-05.06.45:098][  0]LogConfig: Setting CVar [[r.FastBlurThreshold:100]]
[2020.08.02-05.06.45:098][  0]LogConfig: Setting CVar [[r.Upscale.Quality:3]]
[2020.08.02-05.06.45:098][  0]LogConfig: Setting CVar [[r.Tonemapper.GrainQuantization:1]]
[2020.08.02-05.06.45:098][  0]LogConfig: Setting CVar [[r.LightShaftQuality:1]]
[2020.08.02-05.06.45:098][  0]LogConfig: Setting CVar [[r.Filter.SizeScale:1]]
[2020.08.02-05.06.45:098][  0]LogConfig: Setting CVar [[r.Tonemapper.Quality:5]]
[2020.08.02-05.06.45:098][  0]LogConfig: Setting CVar [[r.DOF.Gather.AccumulatorQuality:1        ; higher gathering accumulator quality]]
[2020.08.02-05.06.45:098][  0]LogConfig: Setting CVar [[r.DOF.Gather.PostfilterMethod:1          ; Median3x3 postfilering method]]
[2020.08.02-05.06.45:098][  0]LogConfig: Setting CVar [[r.DOF.Gather.EnableBokehSettings:0       ; no bokeh simulation when gathering]]
[2020.08.02-05.06.45:098][  0]LogConfig: Setting CVar [[r.DOF.Gather.RingCount:4                 ; medium number of samples when gathering]]
[2020.08.02-05.06.45:098][  0]LogConfig: Setting CVar [[r.DOF.Scatter.ForegroundCompositing:1    ; additive foreground scattering]]
[2020.08.02-05.06.45:098][  0]LogConfig: Setting CVar [[r.DOF.Scatter.BackgroundCompositing:2    ; additive background scattering]]
[2020.08.02-05.06.45:098][  0]LogConfig: Setting CVar [[r.DOF.Scatter.EnableBokehSettings:1      ; bokeh simulation when scattering]]
[2020.08.02-05.06.45:098][  0]LogConfig: Setting CVar [[r.DOF.Scatter.MaxSpriteRatio:0.1         ; only a maximum of 10% of scattered bokeh]]
[2020.08.02-05.06.45:098][  0]LogConfig: Setting CVar [[r.DOF.Recombine.Quality:1                ; cheap slight out of focus]]
[2020.08.02-05.06.45:098][  0]LogConfig: Setting CVar [[r.DOF.Recombine.EnableBokehSettings:0    ; no bokeh simulation on slight out of focus]]
[2020.08.02-05.06.45:098][  0]LogConfig: Setting CVar [[r.DOF.TemporalAAQuality:1                ; more stable temporal accumulation]]
[2020.08.02-05.06.45:098][  0]LogConfig: Setting CVar [[r.DOF.Kernel.MaxForegroundRadius:0.025]]
[2020.08.02-05.06.45:098][  0]LogConfig: Setting CVar [[r.DOF.Kernel.MaxBackgroundRadius:0.025]]
[2020.08.02-05.06.45:098][  0]LogConfig: Applying CVar settings from Section [TextureQuality@3] File [C:/Users/SourApple/Documents/GitHub/AtHome_Internship/Saved/Config/Windows/Scalability.ini]
[2020.08.02-05.06.45:098][  0]LogConfig: Setting CVar [[r.Streaming.MipBias:0]]
[2020.08.02-05.06.45:098][  0]LogConfig: Setting CVar [[r.Streaming.AmortizeCPUToGPUCopy:0]]
[2020.08.02-05.06.45:098][  0]LogConfig: Setting CVar [[r.Streaming.MaxNumTexturesToStreamPerFrame:0]]
[2020.08.02-05.06.45:098][  0]LogConfig: Setting CVar [[r.Streaming.Boost:1]]
[2020.08.02-05.06.45:098][  0]LogConfig: Setting CVar [[r.MaxAnisotropy:8]]
[2020.08.02-05.06.45:098][  0]LogConfig: Setting CVar [[r.VT.MaxAnisotropy:8]]
[2020.08.02-05.06.45:098][  0]LogConfig: Setting CVar [[r.Streaming.LimitPoolSizeToVRAM:0]]
[2020.08.02-05.06.45:098][  0]LogConfig: Setting CVar [[r.Streaming.PoolSize:1000]]
[2020.08.02-05.06.45:098][  0]LogConfig: Setting CVar [[r.Streaming.MaxEffectiveScreenSize:0]]
[2020.08.02-05.06.45:098][  0]LogConfig: Applying CVar settings from Section [EffectsQuality@3] File [C:/Users/SourApple/Documents/GitHub/AtHome_Internship/Saved/Config/Windows/Scalability.ini]
[2020.08.02-05.06.45:098][  0]LogConfig: Setting CVar [[r.TranslucencyLightingVolumeDim:64]]
[2020.08.02-05.06.45:098][  0]LogConfig: Setting CVar [[r.RefractionQuality:2]]
[2020.08.02-05.06.45:098][  0]LogConfig: Setting CVar [[r.SSR.Quality:3]]
[2020.08.02-05.06.45:098][  0]LogConfig: Setting CVar [[r.SSR.HalfResSceneColor:0]]
[2020.08.02-05.06.45:098][  0]LogConfig: Setting CVar [[r.SceneColorFormat:4]]
[2020.08.02-05.06.45:098][  0]LogConfig: Setting CVar [[r.DetailMode:2]]
[2020.08.02-05.06.45:098][  0]LogConfig: Setting CVar [[r.TranslucencyVolumeBlur:1]]
[2020.08.02-05.06.45:098][  0]LogConfig: Setting CVar [[r.MaterialQualityLevel:1 ; High quality]]
[2020.08.02-05.06.45:098][  0]LogConfig: Setting CVar [[r.SSS.Scale:1]]
[2020.08.02-05.06.45:098][  0]LogConfig: Setting CVar [[r.SSS.SampleSet:2]]
[2020.08.02-05.06.45:098][  0]LogConfig: Setting CVar [[r.SSS.Quality:1]]
[2020.08.02-05.06.45:098][  0]LogConfig: Setting CVar [[r.SSS.HalfRes:1]]
[2020.08.02-05.06.45:098][  0]LogConfig: Setting CVar [[r.SSGI.Quality:3]]
[2020.08.02-05.06.45:098][  0]LogConfig: Setting CVar [[r.EmitterSpawnRateScale:1.0]]
[2020.08.02-05.06.45:098][  0]LogConfig: Setting CVar [[r.ParticleLightQuality:2]]
[2020.08.02-05.06.45:098][  0]LogConfig: Setting CVar [[r.SkyAtmosphere.AerialPerspectiveLUT.FastApplyOnOpaque:1 ; Always have FastSkyLUT 1 in this case to avoid wrong sky]]
[2020.08.02-05.06.45:098][  0]LogConfig: Setting CVar [[r.SkyAtmosphere.AerialPerspectiveLUT.SampleCountPerSlice:1]]
[2020.08.02-05.06.45:098][  0]LogConfig: Setting CVar [[r.SkyAtmosphere.AerialPerspectiveLUT.DepthResolution:16.0]]
[2020.08.02-05.06.45:099][  0]LogConfig: Setting CVar [[r.SkyAtmosphere.FastSkyLUT:1]]
[2020.08.02-05.06.45:099][  0]LogConfig: Setting CVar [[r.SkyAtmosphere.FastSkyLUT.SampleCountMin:4.0]]
[2020.08.02-05.06.45:099][  0]LogConfig: Setting CVar [[r.SkyAtmosphere.FastSkyLUT.SampleCountMax:32.0]]
[2020.08.02-05.06.45:099][  0]LogConfig: Setting CVar [[r.SkyAtmosphere.SampleCountMin:4.0]]
[2020.08.02-05.06.45:099][  0]LogConfig: Setting CVar [[r.SkyAtmosphere.SampleCountMax:32.0]]
[2020.08.02-05.06.45:099][  0]LogConfig: Setting CVar [[r.SkyAtmosphere.TransmittanceLUT.UseSmallFormat:0]]
[2020.08.02-05.06.45:099][  0]LogConfig: Setting CVar [[r.SkyAtmosphere.TransmittanceLUT.SampleCount:10.0]]
[2020.08.02-05.06.45:099][  0]LogConfig: Setting CVar [[r.SkyAtmosphere.MultiScatteringLUT.SampleCount:15.0]]
[2020.08.02-05.06.45:099][  0]LogConfig: Applying CVar settings from Section [FoliageQuality@3] File [C:/Users/SourApple/Documents/GitHub/AtHome_Internship/Saved/Config/Windows/Scalability.ini]
[2020.08.02-05.06.45:099][  0]LogConfig: Setting CVar [[foliage.DensityScale:1.0]]
[2020.08.02-05.06.45:099][  0]LogConfig: Setting CVar [[grass.DensityScale:1.0]]
[2020.08.02-05.06.45:099][  0]LogConfig: Applying CVar settings from Section [ShadingQuality@3] File [C:/Users/SourApple/Documents/GitHub/AtHome_Internship/Saved/Config/Windows/Scalability.ini]
[2020.08.02-05.06.45:099][  0]LogConfig: Setting CVar [[r.HairStrands.SkyLighting.SampleCount:16]]
[2020.08.02-05.06.45:099][  0]LogConfig: Setting CVar [[r.HairStrands.SkyLighting.JitterIntegration:0]]
[2020.08.02-05.06.45:099][  0]LogConfig: Setting CVar [[r.HairStrands.SkyAO.SampleCount:16]]
[2020.08.02-05.06.45:099][  0]LogInit: Selected Device Profile: [Windows]
[2020.08.02-05.06.45:099][  0]LogInit: Applying CVar settings loaded from the selected device profile: [Windows]
[2020.08.02-05.06.45:101][  0]LogHAL: Display: Platform has ~ 16 GB [17019023360 / 17179869184 / 16], which maps to Larger [LargestMinGB=32, LargerMinGB=12, DefaultMinGB=8, SmallerMinGB=6, SmallestMinGB=0)
[2020.08.02-05.06.45:101][  0]LogInit: Going up to parent DeviceProfile []
[2020.08.02-05.06.45:101][  0]LogConfig: Applying CVar settings from Section [ViewDistanceQuality@3] File [C:/Users/SourApple/Documents/GitHub/AtHome_Internship/Saved/Config/Windows/Scalability.ini]
[2020.08.02-05.06.45:101][  0]LogConfig: Setting CVar [[r.SkeletalMeshLODBias:0]]
[2020.08.02-05.06.45:101][  0]LogConfig: Setting CVar [[r.ViewDistanceScale:1.0]]
[2020.08.02-05.06.45:101][  0]LogConfig: Applying CVar settings from Section [AntiAliasingQuality@3] File [C:/Users/SourApple/Documents/GitHub/AtHome_Internship/Saved/Config/Windows/Scalability.ini]
[2020.08.02-05.06.45:101][  0]LogConfig: Setting CVar [[r.PostProcessAAQuality:4]]
[2020.08.02-05.06.45:101][  0]LogConfig: Applying CVar settings from Section [ShadowQuality@3] File [C:/Users/SourApple/Documents/GitHub/AtHome_Internship/Saved/Config/Windows/Scalability.ini]
[2020.08.02-05.06.45:101][  0]LogConfig: Setting CVar [[r.LightFunctionQuality:1]]
[2020.08.02-05.06.45:101][  0]LogConfig: Setting CVar [[r.ShadowQuality:5]]
[2020.08.02-05.06.45:101][  0]LogConfig: Setting CVar [[r.Shadow.CSM.MaxCascades:10]]
[2020.08.02-05.06.45:101][  0]LogConfig: Setting CVar [[r.Shadow.MaxResolution:2048]]
[2020.08.02-05.06.45:101][  0]LogConfig: Setting CVar [[r.Shadow.MaxCSMResolution:2048]]
[2020.08.02-05.06.45:101][  0]LogConfig: Setting CVar [[r.Shadow.RadiusThreshold:0.01]]
[2020.08.02-05.06.45:101][  0]LogConfig: Setting CVar [[r.Shadow.DistanceScale:1.0]]
[2020.08.02-05.06.45:101][  0]LogConfig: Setting CVar [[r.Shadow.CSM.TransitionScale:1.0]]
[2020.08.02-05.06.45:101][  0]LogConfig: Setting CVar [[r.Shadow.PreShadowResolutionFactor:1.0]]
[2020.08.02-05.06.45:101][  0]LogConfig: Setting CVar [[r.DistanceFieldShadowing:1]]
[2020.08.02-05.06.45:101][  0]LogConfig: Setting CVar [[r.DistanceFieldAO:1]]
[2020.08.02-05.06.45:101][  0]LogConfig: Setting CVar [[r.AOQuality:2]]
[2020.08.02-05.06.45:102][  0]LogConfig: Setting CVar [[r.VolumetricFog:1]]
[2020.08.02-05.06.45:102][  0]LogConfig: Setting CVar [[r.VolumetricFog.GridPixelSize:8]]
[2020.08.02-05.06.45:102][  0]LogConfig: Setting CVar [[r.VolumetricFog.GridSizeZ:128]]
[2020.08.02-05.06.45:102][  0]LogConfig: Setting CVar [[r.VolumetricFog.HistoryMissSupersampleCount:4]]
[2020.08.02-05.06.45:102][  0]LogConfig: Setting CVar [[r.LightMaxDrawDistanceScale:1]]
[2020.08.02-05.06.45:102][  0]LogConfig: Setting CVar [[r.CapsuleShadows:1]]
[2020.08.02-05.06.45:102][  0]LogConfig: Applying CVar settings from Section [PostProcessQuality@3] File [C:/Users/SourApple/Documents/GitHub/AtHome_Internship/Saved/Config/Windows/Scalability.ini]
[2020.08.02-05.06.45:102][  0]LogConfig: Setting CVar [[r.MotionBlurQuality:4]]
[2020.08.02-05.06.45:102][  0]LogConfig: Setting CVar [[r.AmbientOcclusionMipLevelFactor:0.4]]
[2020.08.02-05.06.45:102][  0]LogConfig: Setting CVar [[r.AmbientOcclusionMaxQuality:100]]
[2020.08.02-05.06.45:102][  0]LogConfig: Setting CVar [[r.AmbientOcclusionLevels:-1]]
[2020.08.02-05.06.45:102][  0]LogConfig: Setting CVar [[r.AmbientOcclusionRadiusScale:1.0]]
[2020.08.02-05.06.45:102][  0]LogConfig: Setting CVar [[r.DepthOfFieldQuality:2]]
[2020.08.02-05.06.45:102][  0]LogConfig: Setting CVar [[r.RenderTargetPoolMin:400]]
[2020.08.02-05.06.45:102][  0]LogConfig: Setting CVar [[r.LensFlareQuality:2]]
[2020.08.02-05.06.45:102][  0]LogConfig: Setting CVar [[r.SceneColorFringeQuality:1]]
[2020.08.02-05.06.45:102][  0]LogConfig: Setting CVar [[r.EyeAdaptationQuality:2]]
[2020.08.02-05.06.45:102][  0]LogConfig: Setting CVar [[r.BloomQuality:5]]
[2020.08.02-05.06.45:102][  0]LogConfig: Setting CVar [[r.FastBlurThreshold:100]]
[2020.08.02-05.06.45:102][  0]LogConfig: Setting CVar [[r.Upscale.Quality:3]]
[2020.08.02-05.06.45:102][  0]LogConfig: Setting CVar [[r.Tonemapper.GrainQuantization:1]]
[2020.08.02-05.06.45:102][  0]LogConfig: Setting CVar [[r.LightShaftQuality:1]]
[2020.08.02-05.06.45:102][  0]LogConfig: Setting CVar [[r.Filter.SizeScale:1]]
[2020.08.02-05.06.45:102][  0]LogConfig: Setting CVar [[r.Tonemapper.Quality:5]]
[2020.08.02-05.06.45:102][  0]LogConfig: Setting CVar [[r.DOF.Gather.AccumulatorQuality:1        ; higher gathering accumulator quality]]
[2020.08.02-05.06.45:102][  0]LogConfig: Setting CVar [[r.DOF.Gather.PostfilterMethod:1          ; Median3x3 postfilering method]]
[2020.08.02-05.06.45:102][  0]LogConfig: Setting CVar [[r.DOF.Gather.EnableBokehSettings:0       ; no bokeh simulation when gathering]]
[2020.08.02-05.06.45:102][  0]LogConfig: Setting CVar [[r.DOF.Gather.RingCount:4                 ; medium number of samples when gathering]]
[2020.08.02-05.06.45:102][  0]LogConfig: Setting CVar [[r.DOF.Scatter.ForegroundCompositing:1    ; additive foreground scattering]]
[2020.08.02-05.06.45:102][  0]LogConfig: Setting CVar [[r.DOF.Scatter.BackgroundCompositing:2    ; additive background scattering]]
[2020.08.02-05.06.45:102][  0]LogConfig: Setting CVar [[r.DOF.Scatter.EnableBokehSettings:1      ; bokeh simulation when scattering]]
[2020.08.02-05.06.45:102][  0]LogConfig: Setting CVar [[r.DOF.Scatter.MaxSpriteRatio:0.1         ; only a maximum of 10% of scattered bokeh]]
[2020.08.02-05.06.45:102][  0]LogConfig: Setting CVar [[r.DOF.Recombine.Quality:1                ; cheap slight out of focus]]
[2020.08.02-05.06.45:102][  0]LogConfig: Setting CVar [[r.DOF.Recombine.EnableBokehSettings:0    ; no bokeh simulation on slight out of focus]]
[2020.08.02-05.06.45:102][  0]LogConfig: Setting CVar [[r.DOF.TemporalAAQuality:1                ; more stable temporal accumulation]]
[2020.08.02-05.06.45:102][  0]LogConfig: Setting CVar [[r.DOF.Kernel.MaxForegroundRadius:0.025]]
[2020.08.02-05.06.45:102][  0]LogConfig: Setting CVar [[r.DOF.Kernel.MaxBackgroundRadius:0.025]]
[2020.08.02-05.06.45:102][  0]LogConfig: Applying CVar settings from Section [TextureQuality@3] File [C:/Users/SourApple/Documents/GitHub/AtHome_Internship/Saved/Config/Windows/Scalability.ini]
[2020.08.02-05.06.45:102][  0]LogConfig: Setting CVar [[r.Streaming.MipBias:0]]
[2020.08.02-05.06.45:102][  0]LogConfig: Setting CVar [[r.Streaming.AmortizeCPUToGPUCopy:0]]
[2020.08.02-05.06.45:102][  0]LogConfig: Setting CVar [[r.Streaming.MaxNumTexturesToStreamPerFrame:0]]
[2020.08.02-05.06.45:102][  0]LogConfig: Setting CVar [[r.Streaming.Boost:1]]
[2020.08.02-05.06.45:102][  0]LogConfig: Setting CVar [[r.MaxAnisotropy:8]]
[2020.08.02-05.06.45:102][  0]LogConfig: Setting CVar [[r.VT.MaxAnisotropy:8]]
[2020.08.02-05.06.45:102][  0]LogConfig: Setting CVar [[r.Streaming.LimitPoolSizeToVRAM:0]]
[2020.08.02-05.06.45:102][  0]LogConfig: Setting CVar [[r.Streaming.PoolSize:1000]]
[2020.08.02-05.06.45:102][  0]LogConfig: Setting CVar [[r.Streaming.MaxEffectiveScreenSize:0]]
[2020.08.02-05.06.45:102][  0]LogConfig: Applying CVar settings from Section [EffectsQuality@3] File [C:/Users/SourApple/Documents/GitHub/AtHome_Internship/Saved/Config/Windows/Scalability.ini]
[2020.08.02-05.06.45:102][  0]LogConfig: Setting CVar [[r.TranslucencyLightingVolumeDim:64]]
[2020.08.02-05.06.45:102][  0]LogConfig: Setting CVar [[r.RefractionQuality:2]]
[2020.08.02-05.06.45:102][  0]LogConfig: Setting CVar [[r.SSR.Quality:3]]
[2020.08.02-05.06.45:102][  0]LogConfig: Setting CVar [[r.SSR.HalfResSceneColor:0]]
[2020.08.02-05.06.45:102][  0]LogConfig: Setting CVar [[r.SceneColorFormat:4]]
[2020.08.02-05.06.45:102][  0]LogConfig: Setting CVar [[r.DetailMode:2]]
[2020.08.02-05.06.45:102][  0]LogConfig: Setting CVar [[r.TranslucencyVolumeBlur:1]]
[2020.08.02-05.06.45:102][  0]LogConfig: Setting CVar [[r.MaterialQualityLevel:1 ; High quality]]
[2020.08.02-05.06.45:102][  0]LogConfig: Setting CVar [[r.SSS.Scale:1]]
[2020.08.02-05.06.45:102][  0]LogConfig: Setting CVar [[r.SSS.SampleSet:2]]
[2020.08.02-05.06.45:102][  0]LogConfig: Setting CVar [[r.SSS.Quality:1]]
[2020.08.02-05.06.45:102][  0]LogConfig: Setting CVar [[r.SSS.HalfRes:1]]
[2020.08.02-05.06.45:102][  0]LogConfig: Setting CVar [[r.SSGI.Quality:3]]
[2020.08.02-05.06.45:102][  0]LogConfig: Setting CVar [[r.EmitterSpawnRateScale:1.0]]
[2020.08.02-05.06.45:102][  0]LogConfig: Setting CVar [[r.ParticleLightQuality:2]]
[2020.08.02-05.06.45:102][  0]LogConfig: Setting CVar [[r.SkyAtmosphere.AerialPerspectiveLUT.FastApplyOnOpaque:1 ; Always have FastSkyLUT 1 in this case to avoid wrong sky]]
[2020.08.02-05.06.45:102][  0]LogConfig: Setting CVar [[r.SkyAtmosphere.AerialPerspectiveLUT.SampleCountPerSlice:1]]
[2020.08.02-05.06.45:102][  0]LogConfig: Setting CVar [[r.SkyAtmosphere.AerialPerspectiveLUT.DepthResolution:16.0]]
[2020.08.02-05.06.45:102][  0]LogConfig: Setting CVar [[r.SkyAtmosphere.FastSkyLUT:1]]
[2020.08.02-05.06.45:102][  0]LogConfig: Setting CVar [[r.SkyAtmosphere.FastSkyLUT.SampleCountMin:4.0]]
[2020.08.02-05.06.45:102][  0]LogConfig: Setting CVar [[r.SkyAtmosphere.FastSkyLUT.SampleCountMax:32.0]]
[2020.08.02-05.06.45:102][  0]LogConfig: Setting CVar [[r.SkyAtmosphere.SampleCountMin:4.0]]
[2020.08.02-05.06.45:102][  0]LogConfig: Setting CVar [[r.SkyAtmosphere.SampleCountMax:32.0]]
[2020.08.02-05.06.45:102][  0]LogConfig: Setting CVar [[r.SkyAtmosphere.TransmittanceLUT.UseSmallFormat:0]]
[2020.08.02-05.06.45:102][  0]LogConfig: Setting CVar [[r.SkyAtmosphere.TransmittanceLUT.SampleCount:10.0]]
[2020.08.02-05.06.45:102][  0]LogConfig: Setting CVar [[r.SkyAtmosphere.MultiScatteringLUT.SampleCount:15.0]]
[2020.08.02-05.06.45:102][  0]LogConfig: Applying CVar settings from Section [FoliageQuality@3] File [C:/Users/SourApple/Documents/GitHub/AtHome_Internship/Saved/Config/Windows/Scalability.ini]
[2020.08.02-05.06.45:102][  0]LogConfig: Setting CVar [[foliage.DensityScale:1.0]]
[2020.08.02-05.06.45:102][  0]LogConfig: Setting CVar [[grass.DensityScale:1.0]]
[2020.08.02-05.06.45:102][  0]LogConfig: Applying CVar settings from Section [ShadingQuality@3] File [C:/Users/SourApple/Documents/GitHub/AtHome_Internship/Saved/Config/Windows/Scalability.ini]
[2020.08.02-05.06.45:102][  0]LogConfig: Setting CVar [[r.HairStrands.SkyLighting.SampleCount:16]]
[2020.08.02-05.06.45:102][  0]LogConfig: Setting CVar [[r.HairStrands.SkyLighting.JitterIntegration:0]]
[2020.08.02-05.06.45:102][  0]LogConfig: Setting CVar [[r.HairStrands.SkyAO.SampleCount:16]]
[2020.08.02-05.06.45:102][  0]LogConfig: Applying CVar settings from Section [Startup] File [../../../Engine/Config/ConsoleVariables.ini]
[2020.08.02-05.06.45:103][  0]LogConfig: Setting CVar [[net.UseAdaptiveNetUpdateFrequency:0]]
[2020.08.02-05.06.45:103][  0]LogConfig: Setting CVar [[p.chaos.AllowCreatePhysxBodies:1]]
[2020.08.02-05.06.45:103][  0]LogConfig: Applying CVar settings from Section [ConsoleVariables] File [C:/Users/SourApple/Documents/GitHub/AtHome_Internship/Saved/Config/Windows/Engine.ini]
[2020.08.02-05.06.45:103][  0]LogInit: Computer: SOURAPPLE
[2020.08.02-05.06.45:103][  0]LogInit: User: SourApple
[2020.08.02-05.06.45:103][  0]LogInit: CPU Page size=4096, Cores=6
[2020.08.02-05.06.45:103][  0]LogInit: High frequency timer resolution =10.000000 MHz
[2020.08.02-05.06.45:103][  0]LogMemory: Memory total: Physical=15.9GB (16GB approx)
[2020.08.02-05.06.45:103][  0]LogMemory: Platform Memory Stats for Windows
[2020.08.02-05.06.45:103][  0]LogMemory: Process Physical Memory: 110.06 MB used, 110.07 MB peak
[2020.08.02-05.06.45:103][  0]LogMemory: Process Virtual Memory: 100.96 MB used, 100.96 MB peak
[2020.08.02-05.06.45:103][  0]LogMemory: Physical Memory: 6974.56 MB used,  9256.05 MB free, 16230.61 MB total
[2020.08.02-05.06.45:103][  0]LogMemory: Virtual Memory: 5162.45 MB used,  134212568.00 MB free, 134217728.00 MB total
[2020.08.02-05.06.45:372][  0]LogWindows: WindowsPlatformFeatures enabled
[2020.08.02-05.06.45:389][  0]LogInit: Using OS detected language (en-US).
[2020.08.02-05.06.45:389][  0]LogInit: Using OS detected locale (en-CA).
[2020.08.02-05.06.45:390][  0]LogTextLocalizationManager: No specific localization for 'en-US' exists, so the 'en' localization will be used.
[2020.08.02-05.06.45:562][  0]LogInit: Setting process to per monitor DPI aware
[2020.08.02-05.06.45:637][  0]LogSlate: New Slate User Created.  User Index 0, Is Virtual User: 0
[2020.08.02-05.06.45:637][  0]LogSlate: Slate User Registered.  User Index 0, Is Virtual User: 0
[2020.08.02-05.06.45:810][  0]LogHMD: Failed to initialize OpenVR with code 110
[2020.08.02-05.06.45:810][  0]LogD3D11RHI: D3D11 min allowed feature level: 11_0
[2020.08.02-05.06.45:810][  0]LogD3D11RHI: D3D11 max allowed feature level: 11_0
[2020.08.02-05.06.45:810][  0]LogD3D11RHI: D3D11 adapters:
[2020.08.02-05.06.45:898][  0]LogD3D11RHI:    0. 'NVIDIA GeForce GTX 1070' (Feature Level 11_0)
[2020.08.02-05.06.45:898][  0]LogD3D11RHI:       8081/0/8115 MB DedicatedVideo/DedicatedSystem/SharedSystem, Outputs:2, VendorId:0x10de
[2020.08.02-05.06.45:918][  0]LogD3D11RHI:    1. 'Intel(R) UHD Graphics 630' (Feature Level 11_0)
[2020.08.02-05.06.45:918][  0]LogD3D11RHI:       128/0/8115 MB DedicatedVideo/DedicatedSystem/SharedSystem, Outputs:0, VendorId:0x8086
[2020.08.02-05.06.45:920][  0]LogD3D11RHI:    2. 'Microsoft Basic Render Driver' (Feature Level 11_0)
[2020.08.02-05.06.45:920][  0]LogD3D11RHI:       0/0/8115 MB DedicatedVideo/DedicatedSystem/SharedSystem, Outputs:0, VendorId:0x1414
[2020.08.02-05.06.45:920][  0]LogD3D11RHI: Chosen D3D11 Adapter: 0
[2020.08.02-05.06.45:961][  0]LogD3D11RHI: Creating new Direct3DDevice
[2020.08.02-05.06.45:962][  0]LogD3D11RHI:     GPU DeviceId: 0x1ba1 (for the marketing name, search the web for "GPU Device Id")
[2020.08.02-05.06.45:962][  0]LogWindows: EnumDisplayDevices:
[2020.08.02-05.06.45:962][  0]LogWindows:    0. 'Intel(R) UHD Graphics 630' (P:1 D:1)
[2020.08.02-05.06.45:962][  0]LogWindows:    1. 'Intel(R) UHD Graphics 630' (P:0 D:0)
[2020.08.02-05.06.45:963][  0]LogWindows:    2. 'Intel(R) UHD Graphics 630' (P:0 D:0)
[2020.08.02-05.06.45:963][  0]LogWindows:    3. 'NVIDIA GeForce GTX 1070' (P:0 D:1)
[2020.08.02-05.06.45:963][  0]LogWindows:    4. 'NVIDIA GeForce GTX 1070' (P:0 D:0)
[2020.08.02-05.06.45:963][  0]LogWindows:    5. 'NVIDIA GeForce GTX 1070' (P:0 D:0)
[2020.08.02-05.06.45:963][  0]LogWindows:    6. 'NVIDIA GeForce GTX 1070' (P:0 D:0)
[2020.08.02-05.06.45:964][  0]LogWindows: DebugString: PrimaryIsNotTheChoosenAdapter PrimaryIsNotTheChoosenAdapter PrimaryIsNotTheChoosenAdapter FoundDriverCount:4 
[2020.08.02-05.06.45:964][  0]LogD3D11RHI:     Adapter Name: NVIDIA GeForce GTX 1070
[2020.08.02-05.06.45:964][  0]LogD3D11RHI:   Driver Version: 446.14 (internal:26.21.14.4614, unified:446.14)
[2020.08.02-05.06.45:964][  0]LogD3D11RHI:      Driver Date: 5-15-2020
[2020.08.02-05.06.45:964][  0]LogRHI: Texture pool is 5656 MB (70% of 8081 MB)
[2020.08.02-05.06.46:029][  0]LogD3D11RHI: RHI has support for 64 bit atomics
[2020.08.02-05.06.46:029][  0]LogD3D11RHI: Async texture creation enabled
[2020.08.02-05.06.46:057][  0]LogD3D11RHI: GPU Timing Frequency: 1000.000000 (Debug: 2 1)
[2020.08.02-05.06.46:383][  0]LogTargetPlatformManager: Display: Loaded TargetPlatform 'AllDesktop'
[2020.08.02-05.06.46:414][  0]LogTargetPlatformManager: Display: Loaded TargetPlatform 'Android'
[2020.08.02-05.06.46:414][  0]LogTargetPlatformManager: Display: Loaded TargetPlatform 'Android_ASTC'
[2020.08.02-05.06.46:414][  0]LogTargetPlatformManager: Display: Loaded TargetPlatform 'Android_ATC'
[2020.08.02-05.06.46:414][  0]LogTargetPlatformManager: Display: Loaded TargetPlatform 'Android_DXT'
[2020.08.02-05.06.46:414][  0]LogTargetPlatformManager: Display: Loaded TargetPlatform 'Android_ETC1'
[2020.08.02-05.06.46:414][  0]LogTargetPlatformManager: Display: Loaded TargetPlatform 'Android_ETC1a'
[2020.08.02-05.06.46:414][  0]LogTargetPlatformManager: Display: Loaded TargetPlatform 'Android_ETC2'
[2020.08.02-05.06.46:414][  0]LogTargetPlatformManager: Display: Loaded TargetPlatform 'Android_PVRTC'
[2020.08.02-05.06.46:414][  0]LogTargetPlatformManager: Display: Loaded TargetPlatform 'AndroidClient'
[2020.08.02-05.06.46:414][  0]LogTargetPlatformManager: Display: Loaded TargetPlatform 'Android_ASTCClient'
[2020.08.02-05.06.46:414][  0]LogTargetPlatformManager: Display: Loaded TargetPlatform 'Android_ATCClient'
[2020.08.02-05.06.46:414][  0]LogTargetPlatformManager: Display: Loaded TargetPlatform 'Android_DXTClient'
[2020.08.02-05.06.46:414][  0]LogTargetPlatformManager: Display: Loaded TargetPlatform 'Android_ETC1Client'
[2020.08.02-05.06.46:414][  0]LogTargetPlatformManager: Display: Loaded TargetPlatform 'Android_ETC1aClient'
[2020.08.02-05.06.46:414][  0]LogTargetPlatformManager: Display: Loaded TargetPlatform 'Android_ETC2Client'
[2020.08.02-05.06.46:414][  0]LogTargetPlatformManager: Display: Loaded TargetPlatform 'Android_PVRTCClient'
[2020.08.02-05.06.46:414][  0]LogTargetPlatformManager: Display: Loaded TargetPlatform 'Android_Multi'
[2020.08.02-05.06.46:414][  0]LogTargetPlatformManager: Display: Loaded TargetPlatform 'Android_MultiClient'
[2020.08.02-05.06.46:431][  0]LogTargetPlatformManager: Display: Loaded TargetPlatform 'IOSClient'
[2020.08.02-05.06.46:431][  0]LogTargetPlatformManager: Display: Loaded TargetPlatform 'IOS'
[2020.08.02-05.06.46:437][  0]LogTargetPlatformManager: Display: Loaded TargetPlatform 'LinuxNoEditor'
[2020.08.02-05.06.46:444][  0]LogTargetPlatformManager: Display: Loaded TargetPlatform 'LinuxClient'
[2020.08.02-05.06.46:450][  0]LogTargetPlatformManager: Display: Loaded TargetPlatform 'LinuxServer'
[2020.08.02-05.06.46:457][  0]LogTargetPlatformManager: Display: Loaded TargetPlatform 'LinuxAArch64NoEditor'
[2020.08.02-05.06.46:463][  0]LogTargetPlatformManager: Display: Loaded TargetPlatform 'LinuxAArch64Client'
[2020.08.02-05.06.46:468][  0]LogTargetPlatformManager: Display: Loaded TargetPlatform 'LinuxAArch64Server'
[2020.08.02-05.06.46:492][  0]LogTargetPlatformManager: Display: Loaded TargetPlatform 'Lumin'
[2020.08.02-05.06.46:492][  0]LogTargetPlatformManager: Display: Loaded TargetPlatform 'LuminClient'
[2020.08.02-05.06.46:505][  0]LogTargetPlatformManager: Display: Loaded TargetPlatform 'TVOSClient'
[2020.08.02-05.06.46:505][  0]LogTargetPlatformManager: Display: Loaded TargetPlatform 'TVOS'
[2020.08.02-05.06.46:512][  0]LogTargetPlatformManager: Display: Loaded TargetPlatform 'WindowsNoEditor'
[2020.08.02-05.06.46:519][  0]LogTargetPlatformManager: Display: Loaded TargetPlatform 'Windows'
[2020.08.02-05.06.46:526][  0]LogTargetPlatformManager: Display: Loaded TargetPlatform 'WindowsClient'
[2020.08.02-05.06.46:532][  0]LogTargetPlatformManager: Display: Loaded TargetPlatform 'WindowsServer'
[2020.08.02-05.06.46:532][  0]LogTargetPlatformManager: Display: Building Assets For Windows
[2020.08.02-05.06.46:534][  0]LogAudioDebug: Display: Lib vorbis DLL was dynamically loaded.
[2020.08.02-05.06.46:556][  0]LogShaderCompilers: Guid format shader working directory is -18 characters bigger than the processId version (../../../../../../Users/SourApple/Documents/GitHub/AtHome_Internship/Intermediate/Shaders/WorkingDirectory/1252/).
[2020.08.02-05.06.46:556][  0]LogShaderCompilers: Cleaned the shader compiler working directory 'C:/Users/SourApple/AppData/Local/Temp/UnrealShaderWorkingDir/3D4B28F245EDD79F72DBF992F4043EAA/'.
[2020.08.02-05.06.46:556][  0]LogXGEController: Cleaning working directory: C:/Users/SourApple/AppData/Local/Temp/UnrealXGEWorkingDir/
[2020.08.02-05.06.46:556][  0]LogXGEController: Cannot use XGE Controller as Incredibuild is not installed on this machine.
[2020.08.02-05.06.46:557][  0]LogShaderCompilers: Cannot use XGE Shader Compiler as Incredibuild is not installed on this machine.
[2020.08.02-05.06.46:557][  0]LogShaderCompilers: Display: Using Local Shader Compiler.
[2020.08.02-05.06.47:240][  0]LogDerivedDataCache: Display: Max Cache Size: 512 MB
[2020.08.02-05.06.47:333][  0]LogDerivedDataCache: Loaded boot cache 0.09s 138MB C:/Users/SourApple/AppData/Local/UnrealEngine/4.24/DerivedDataCache/Boot.ddc.
[2020.08.02-05.06.47:333][  0]LogDerivedDataCache: Display: Loaded Boot cache: C:/Users/SourApple/AppData/Local/UnrealEngine/4.24/DerivedDataCache/Boot.ddc
[2020.08.02-05.06.47:333][  0]LogDerivedDataCache: FDerivedDataBackendGraph:  Pak pak cache file ../../../../../../Users/SourApple/Documents/GitHub/AtHome_Internship/DerivedDataCache/DDC.ddp not found, will not use a pak cache.
[2020.08.02-05.06.47:333][  0]LogDerivedDataCache: Unable to find inner node Pak for hierarchical cache Hierarchy.
[2020.08.02-05.06.47:333][  0]LogDerivedDataCache: FDerivedDataBackendGraph:  CompressedPak pak cache file ../../../../../../Users/SourApple/Documents/GitHub/AtHome_Internship/DerivedDataCache/Compressed.ddp not found, will not use a pak cache.
[2020.08.02-05.06.47:333][  0]LogDerivedDataCache: Unable to find inner node CompressedPak for hierarchical cache Hierarchy.
[2020.08.02-05.06.47:342][  0]LogDerivedDataCache: Display: Pak cache opened for reading ../../../Engine/DerivedDataCache/Compressed.ddp.
[2020.08.02-05.06.47:342][  0]LogDerivedDataCache: FDerivedDataBackendGraph:  EnterprisePak pak cache file ../../../Enterprise/DerivedDataCache/Compressed.ddp not found, will not use a pak cache.
[2020.08.02-05.06.47:342][  0]LogDerivedDataCache: Unable to find inner node EnterprisePak for hierarchical cache Hierarchy.
[2020.08.02-05.06.47:344][  0]LogDerivedDataCache: Using Local data cache path C:/Users/SourApple/AppData/Local/UnrealEngine/Common/DerivedDataCache: Writable
[2020.08.02-05.06.47:344][  0]LogDerivedDataCache: Shared data cache path not found in *engine.ini, will not use an Shared cache.
[2020.08.02-05.06.47:344][  0]LogDerivedDataCache: Unable to find inner node Shared for hierarchical cache Hierarchy.
[2020.08.02-05.06.47:368][  0]LogMaterial: Verifying Global Shaders for PCD3D_SM5
[2020.08.02-05.06.47:370][  0]LogSlate: Using FreeType 2.10.0
[2020.08.02-05.06.47:371][  0]LogSlate: SlateFontServices - WITH_FREETYPE: 1, WITH_HARFBUZZ: 1
[2020.08.02-05.06.47:418][  0]LogAssetRegistry: FAssetRegistry took 0.0050 seconds to start up
[2020.08.02-05.06.47:702][  0]LogInit: Selected Device Profile: [Windows]
[2020.08.02-05.06.47:850][  0]LogMeshReduction: Using QuadricMeshReduction for automatic static mesh reduction
[2020.08.02-05.06.47:850][  0]LogMeshReduction: Using SimplygonMeshReduction for automatic skeletal mesh reduction
[2020.08.02-05.06.47:850][  0]LogMeshReduction: Using ProxyLODMeshReduction for automatic mesh merging
[2020.08.02-05.06.47:850][  0]LogMeshReduction: No distributed automatic mesh merging module available
[2020.08.02-05.06.47:850][  0]LogMeshMerging: No distributed automatic mesh merging module available
[2020.08.02-05.06.47:863][  0]LogNetVersion: Final_Project 1.0.0, NetCL: 10570792, EngineNetVer: 13, GameNetVer: 0 (Checksum: 1581502939)
[2020.08.02-05.06.48:812][  0]LogPackageLocalizationCache: Processed 13 localized package path(s) for 1 prioritized culture(s) in 0.056503 seconds
[2020.08.02-05.06.48:818][  0]LogUObjectArray: 46750 objects as part of root set at end of initial load.
[2020.08.02-05.06.48:818][  0]LogUObjectAllocator: 8137160 out of 0 bytes used by permanent object pool.
[2020.08.02-05.06.48:818][  0]LogUObjectArray: CloseDisregardForGC: 0/0 objects in disregard for GC pool
[2020.08.02-05.06.49:222][  0]LogPython: Using Python 2.7.14
[2020.08.02-05.06.49:845][  0]LogTcpMessaging: Initializing TcpMessaging bridge
[2020.08.02-05.06.49:849][  0]LogUdpMessaging: Initializing bridge on interface 0.0.0.0:0 to multicast group 230.0.0.1:6666.
[2020.08.02-05.06.51:393][  0]SourceControl: Source control is disabled
[2020.08.02-05.06.51:393][  0]SourceControl: Source control is disabled
[2020.08.02-05.06.51:394][  0]SourceControl: Source control is disabled
[2020.08.02-05.06.51:394][  0]SourceControl: Source control is disabled
[2020.08.02-05.06.51:395][  0]SourceControl: Source control is disabled
[2020.08.02-05.06.51:990][  0]LogAndroidPermission: UAndroidPermissionCallbackProxy::GetInstance
[2020.08.02-05.06.52:011][  0]LogAudioCaptureCore: Display: No Audio Capture implementations found. Audio input will be silent.
[2020.08.02-05.06.52:011][  0]LogAudioCaptureCore: Display: No Audio Capture implementations found. Audio input will be silent.
[2020.08.02-05.06.52:106][  0]LogOcInput: OculusInput pre-init called
[2020.08.02-05.06.52:113][  0]LogWindows: Failed to load 'OVRPlugin.dll' (GetLastError=126)
[2020.08.02-05.06.52:113][  0]LogWindows: File 'OVRPlugin.dll' does not exist
[2020.08.02-05.06.53:072][  0]LogEngine: Initializing Engine...
[2020.08.02-05.06.53:072][  0]LogHMD: Failed to initialize OpenVR with code 110
[2020.08.02-05.06.53:073][  0]LogStats: UGameplayTagsManager::InitializeManager -  0.000 s
[2020.08.02-05.06.53:376][  0]LogInit: Initializing FReadOnlyCVARCache
[2020.08.02-05.06.53:387][  0]LogAIModule: Creating AISystem for world Untitled
[2020.08.02-05.06.53:404][  0]LogAudioMixer: Display: Audio Mixer Platform Settings:
[2020.08.02-05.06.53:404][  0]LogAudioMixer: Display: 	Sample Rate:						  48000
[2020.08.02-05.06.53:404][  0]LogAudioMixer: Display: 	Callback Buffer Frame Size Requested: 1024
[2020.08.02-05.06.53:404][  0]LogAudioMixer: Display: 	Callback Buffer Frame Size To Use:	  1024
[2020.08.02-05.06.53:404][  0]LogAudioMixer: Display: 	Number of buffers to queue:			  2
[2020.08.02-05.06.53:404][  0]LogAudioMixer: Display: 	Max Channels (voices):				  32
[2020.08.02-05.06.53:404][  0]LogAudioMixer: Display: 	Number of Async Source Workers:		  0
[2020.08.02-05.06.53:404][  0]LogAudio: Display: AudioDevice MaxSources: 32
[2020.08.02-05.06.53:404][  0]LogAudio: Display: Using built-in audio occlusion.
[2020.08.02-05.06.53:404][  0]LogAudioMixer: Display: Initializing audio mixer.
[2020.08.02-05.06.53:495][  0]LogAudioMixer: Display: Audio Device Output Speaker Info:
[2020.08.02-05.06.53:495][  0]LogAudioMixer: Display: Name: Speakers (Realtek(R) Audio)
[2020.08.02-05.06.53:495][  0]LogAudioMixer: Display: Is Default: Yes
[2020.08.02-05.06.53:495][  0]LogAudioMixer: Display: Sample Rate: 48000
[2020.08.02-05.06.53:495][  0]LogAudioMixer: Display: Channel Count Used: 8
[2020.08.02-05.06.53:495][  0]LogAudioMixer: Display: Device Channel Count: 8
[2020.08.02-05.06.53:495][  0]LogAudioMixer: Display: Channel Order:
[2020.08.02-05.06.53:495][  0]LogAudioMixer: Display: 0: FrontLeft
[2020.08.02-05.06.53:495][  0]LogAudioMixer: Display: 1: FrontRight
[2020.08.02-05.06.53:495][  0]LogAudioMixer: Display: 2: FrontCenter
[2020.08.02-05.06.53:495][  0]LogAudioMixer: Display: 3: LowFrequency
[2020.08.02-05.06.53:495][  0]LogAudioMixer: Display: 4: BackLeft
[2020.08.02-05.06.53:495][  0]LogAudioMixer: Display: 5: BackRight
[2020.08.02-05.06.53:495][  0]LogAudioMixer: Display: 6: SideLeft
[2020.08.02-05.06.53:495][  0]LogAudioMixer: Display: 7: SideRight
[2020.08.02-05.06.53:673][  0]LogAudioMixer: Display: Using Audio Device Speakers (Realtek(R) Audio)
[2020.08.02-05.06.53:678][  0]LogInit: FAudioDevice initialized.
[2020.08.02-05.06.53:678][  0]LogNetVersion: Set ProjectVersion to 1.0.0.0. Version Checksum will be recalculated on next use.
[2020.08.02-05.06.53:753][  0]LogDerivedDataCache: Saved boot cache 0.07s 138MB C:/Users/SourApple/AppData/Local/UnrealEngine/4.24/DerivedDataCache/Boot.ddc.
[2020.08.02-05.06.53:762][  0]LogInit: Texture streaming: Enabled
[2020.08.02-05.06.53:773][  0]LogEngineSessionManager: EngineSessionManager initialized
[2020.08.02-05.06.53:773][  0]LogEngineSessionManager: EngineSessionManager sent abnormal shutdown report. Type=Crashed, SessionId={60F2D9D0-4130-2451-1629-2EBE0BB7CB47}
[2020.08.02-05.06.53:773][  0]LogEditorSessionSummary: Verbose: Initializing EditorSessionSummaryWriter for editor session tracking
[2020.08.02-05.06.53:774][  0]LogEditorSessionSummary: EditorSessionSummaryWriter initialized
[2020.08.02-05.06.53:850][  0]LogInit: Transaction tracking system initialized
[2020.08.02-05.06.53:862][  0]BlueprintLog: New page: Editor Load
[2020.08.02-05.06.53:886][  0]LocalizationService: Localization service is disabled
[2020.08.02-05.06.53:924][  0]LogLinker: Warning: Failed to load '/Game/Vault/RiverShader/Blueprints/Tutorial/Tutorial_InitialSetup': Can't find file.
[2020.08.02-05.06.53:924][  0]LogLinker: Warning: Failed to load '/Game/Vault/RiverShader/Blueprints/Tutorial/Tutorial_InitialSetup': Can't find file.
[2020.08.02-05.06.53:924][  0]LogUObjectGlobals: Warning: Failed to find object 'Class /Game/Vault/RiverShader/Blueprints/Tutorial/Tutorial_InitialSetup.Tutorial_InitialSetup_C'
[2020.08.02-05.06.53:925][  0]LogLinker: Warning: Failed to load '/Game/Vault/RiverShader/Blueprints/Tutorial/Tutorial_PlacingRiverSetup': Can't find file.
[2020.08.02-05.06.53:925][  0]LogLinker: Warning: Failed to load '/Game/Vault/RiverShader/Blueprints/Tutorial/Tutorial_PlacingRiverSetup': Can't find file.
[2020.08.02-05.06.53:925][  0]LogUObjectGlobals: Warning: Failed to find object 'Class /Game/Vault/RiverShader/Blueprints/Tutorial/Tutorial_PlacingRiverSetup.Tutorial_PlacingRiverSetup_C'
[2020.08.02-05.06.54:167][  0]LogFileCache: Scanning file cache for directory 'C:/Users/SourApple/Documents/GitHub/AtHome_Internship/Content/' took 0.01s
[2020.08.02-05.06.54:167][  0]LogCook: Display: Max memory allowance for cook 16384mb min free memory 0mb
[2020.08.02-05.06.54:167][  0]LogCook: Display: Mobile HDR setting 1
[2020.08.02-05.06.54:771][  0]SourceControl: Source control is disabled
[2020.08.02-05.06.54:771][  0]Cmd: MAP LOAD FILE="../../../../../../Users/SourApple/Documents/GitHub/AtHome_Internship/Content/MainMenu/Lv_MainMenu.umap" TEMPLATE=0 SHOWPROGRESS=1 FEATURELEVEL=3
[2020.08.02-05.06.54:771][  0]LightingResults: New page: Lighting Build
[2020.08.02-05.06.54:774][  0]LogWorld: UWorld::CleanupWorld for Untitled, bSessionEnded=true, bCleanupResources=true
[2020.08.02-05.06.54:775][  0]LogSlate: InvalidateAllWidgets triggered.  All widgets were invalidated
[2020.08.02-05.06.54:775][  0]MapCheck: New page: Map Check
[2020.08.02-05.06.54:775][  0]LightingResults: New page: Lighting Build
[2020.08.02-05.06.54:818][  0]LogUObjectHash: Compacting FUObjectHashTables data took   3.30ms
[2020.08.02-05.06.54:833][  0]LogAIModule: Creating AISystem for world Lv_MainMenu
[2020.08.02-05.06.54:834][  0]LogEditorServer: Finished looking for orphan Actors (0.000 secs)
[2020.08.02-05.06.54:863][  0]LogUObjectHash: Compacting FUObjectHashTables data took   2.43ms
[2020.08.02-05.06.54:874][  0]Cmd: MAP CHECKDEP NOCLEARLOG
[2020.08.02-05.06.54:874][  0]MapCheck: Map check complete: 0 Error(s), 0 Warning(s), took 0.147ms to complete.
[2020.08.02-05.06.54:874][  0]LogFileHelpers: Loading map 'Lv_MainMenu' took 0.103
[2020.08.02-05.06.55:324][  0]LogSlate: Updating window title bar state: overlay mode, drag disabled, window buttons hidden, title bar hidden
[2020.08.02-05.06.55:330][  0]LogSlate: Updating window title bar state: overlay mode, drag disabled, window buttons hidden, title bar hidden
[2020.08.02-05.06.55:336][  0]LogSlate: Updating window title bar state: overlay mode, drag disabled, window buttons hidden, title bar hidden
[2020.08.02-05.06.55:345][  0]LogSlate: Updating window title bar state: overlay mode, drag disabled, window buttons hidden, title bar hidden
[2020.08.02-05.06.55:351][  0]LogCollectionManager: Loaded 0 collections in 0.002250 seconds
[2020.08.02-05.06.55:363][  0]LogFileCache: Scanning file cache for directory 'C:/Users/SourApple/Documents/GitHub/AtHome_Internship/Saved/Collections/' took 0.00s
[2020.08.02-05.06.55:363][  0]LogFileCache: Scanning file cache for directory 'C:/Users/SourApple/Documents/GitHub/AtHome_Internship/Content/Developers/SourApple/Collections/' took 0.00s
[2020.08.02-05.06.55:363][  0]LogFileCache: Scanning file cache for directory 'C:/Users/SourApple/Documents/GitHub/AtHome_Internship/Content/Collections/' took 0.00s
[2020.08.02-05.06.55:363][  0]LogContentBrowser: Native class hierarchy populated in 0.0085 seconds. Added 3047 classes and 733 folders.
[2020.08.02-05.06.55:366][  0]LogContentBrowser: Native class hierarchy updated for 'WidgetCarousel' in 0.0006 seconds. Added 0 classes and 0 folders.
[2020.08.02-05.06.55:410][  0]LogContentBrowser: Native class hierarchy updated for 'AddContentDialog' in 0.0004 seconds. Added 0 classes and 0 folders.
[2020.08.02-05.06.55:414][  0]LogContentBrowser: Native class hierarchy updated for 'SceneOutliner' in 0.0005 seconds. Added 2 classes and 3 folders.
[2020.08.02-05.06.55:517][  0]LogSlate: Took 0.000314 seconds to synchronously load lazily loaded font '../../../Engine/Content/Slate/Fonts/Roboto-Regular.ttf' (155K)
[2020.08.02-05.06.55:520][  0]LogSlate: Took 0.000367 seconds to synchronously load lazily loaded font '../../../Engine/Content/Slate/Fonts/Roboto-Bold.ttf' (160K)
[2020.08.02-05.06.55:523][  0]LogSlate: Took 0.000179 seconds to synchronously load lazily loaded font '../../../Engine/Content/Editor/Slate/Fonts/FontAwesome.ttf' (139K)
[2020.08.02-05.06.55:592][  0]LogRenderer: Reallocating scene render targets to support 828x424 Format 10 NumSamples 1 (Frame:1).
[2020.08.02-05.06.55:694][  0]LogContentBrowser: Native class hierarchy updated for 'HierarchicalLODOutliner' in 0.0005 seconds. Added 0 classes and 0 folders.
[2020.08.02-05.06.55:694][  0]LogLoad: (Engine Initialization) Total time: 11.60 seconds
[2020.08.02-05.06.55:694][  0]LogLoad: (Engine Initialization) Total Blueprint compile time: 0.00 seconds
[2020.08.02-05.06.55:757][  0]LogAssetRegistry: Asset discovery search completed in 8.3408 seconds
[2020.08.02-05.06.55:763][  0]LogCollectionManager: Fixed up redirectors for 0 collections in 0.000012 seconds (updated 0 objects)
[2020.08.02-05.06.55:767][  0]LogContentStreaming: Texture pool size now 1000 MB
[2020.08.02-05.06.55:786][  0]LogSlate: Took 0.000148 seconds to synchronously load lazily loaded font '../../../Engine/Content/Slate/Fonts/Roboto-Light.ttf' (167K)
[2020.08.02-05.06.56:734][ 56]LogSlate: Took 0.000125 seconds to synchronously load lazily loaded font '../../../Engine/Content/Slate/Fonts/Roboto-Light.ttf' (167K)
[2020.08.02-05.13.35:111][160]LogLinker: Warning: Failed to load '/Game/MeshAndAnimations/Demon': Can't find file.
[2020.08.02-05.13.35:112][160]LogLinker: Warning: Failed to load '/Game/MeshAndAnimations/Demon': Can't find file.
[2020.08.02-05.13.35:112][160]LogUObjectGlobals: Warning: Failed to find object 'Object /Game/MeshAndAnimations/Demon.Demon'
[2020.08.02-05.13.35:112][160]LogScript: Warning: Accessed None trying to read property CallFunc_TryGetPawnOwner_ReturnValue
	ABP_Demon_C /Engine/Transient.World_1:PersistentLevel.SkeletalMeshActor_0.SkeletalMeshComponent0.ABP_Demon_C_0
	Function /Game/Enemies/Demon/ABP_Demon.ABP_Demon_C:Get_Speed:0036
[2020.08.02-05.13.36:134][219]LogAssetEditorSubsystem: Opening Asset editor for Blueprint /Game/Enemies/Demon/BP_DemonAI.BP_DemonAI
[2020.08.02-05.13.36:290][219]LogContentBrowser: Native class hierarchy updated for 'BlueprintGraph' in 0.0006 seconds. Added 121 classes and 0 folders.
[2020.08.02-05.13.37:068][219]LogSlate: Took 0.000151 seconds to synchronously load lazily loaded font '../../../Engine/Content/Slate/Fonts/Roboto-BoldCondensed.ttf' (158K)
[2020.08.02-05.13.37:175][220]LogSlate: Took 0.000135 seconds to synchronously load lazily loaded font '../../../Engine/Content/Slate/Fonts/Roboto-Italic.ttf' (157K)
[2020.08.02-05.13.43:041][543]Cmd: OBJ SAVEPACKAGE PACKAGE="/Game/Enemies/Demon/BP_DemonAI" FILE="../../../../../../Users/SourApple/Documents/GitHub/AtHome_Internship/Content/Enemies/Demon/BP_DemonAI.uasset" SILENT=true
[2020.08.02-05.13.43:105][543]LogSavePackage: Moving '../../../../../../Users/SourApple/Documents/GitHub/AtHome_Internship/Saved/BP_DemonAI964D8FE0412361E7E301C48531ADC65A.tmp' to '../../../../../../Users/SourApple/Documents/GitHub/AtHome_Internship/Content/Enemies/Demon/BP_DemonAI.uasset'
[2020.08.02-05.13.43:127][543]AssetCheck: New page: Asset Save: BP_DemonAI
[2020.08.02-05.13.43:127][543]LogContentValidation: Display: Validating Blueprint /Game/Enemies/Demon/BP_DemonAI.BP_DemonAI
[2020.08.02-05.13.49:117][862]LogAIModule: Creating AISystem for world Arena_Map
[2020.08.02-05.13.49:214][862]LogAssetEditorSubsystem: Opening Asset editor for World /Game/Arena/Maps/Arena_Map.Arena_Map
[2020.08.02-05.13.49:260][862]LogUObjectHash: Compacting FUObjectHashTables data took   3.83ms
[2020.08.02-05.13.49:263][862]Cmd: MAP LOAD FILE="../../../../../../Users/SourApple/Documents/GitHub/AtHome_Internship/Content/Arena/Maps/Arena_Map.umap" TEMPLATE=0 SHOWPROGRESS=1 FEATURELEVEL=3
[2020.08.02-05.13.49:263][862]LightingResults: New page: Lighting Build
[2020.08.02-05.13.49:264][862]LoadErrors: New page: Loading map: Arena_Map.umap
[2020.08.02-05.13.49:264][862]LogWorld: UWorld::CleanupWorld for Lv_MainMenu, bSessionEnded=true, bCleanupResources=true
[2020.08.02-05.13.49:264][862]LogSlate: InvalidateAllWidgets triggered.  All widgets were invalidated
[2020.08.02-05.13.49:264][862]MapCheck: New page: Map Check
[2020.08.02-05.13.49:264][862]LightingResults: New page: Lighting Build
[2020.08.02-05.13.49:302][862]LogUObjectHash: Compacting FUObjectHashTables data took   3.11ms
[2020.08.02-05.13.49:957][862]LogEditorServer: Finished looking for orphan Actors (0.000 secs)
[2020.08.02-05.13.50:054][862]LogUObjectHash: Compacting FUObjectHashTables data took   2.57ms
[2020.08.02-05.13.50:078][862]Cmd: MAP CHECKDEP NOCLEARLOG
[2020.08.02-05.13.50:079][862]MapCheck: Map check complete: 0 Error(s), 0 Warning(s), took 0.141ms to complete.
[2020.08.02-05.13.50:079][862]LogFileHelpers: Loading map 'Arena_Map' took 0.816
[2020.08.02-05.13.51:298][923]LogEditorViewport: Clicking on Actor (LMB): StaticMeshActor (FloorStone_21)
[2020.08.02-05.13.51:885][956]LogTemp: Repeating last play command: New Editor Window (PIE)
[2020.08.02-05.13.51:901][956]BlueprintLog: New page: Pre-Play auto-recompile
[2020.08.02-05.13.51:910][956]LogPlayLevel: [PlayLevel] Compiling BP_DemonAI before play...
[2020.08.02-05.13.52:231][956]LogUObjectHash: Compacting FUObjectHashTables data took   3.59ms
[2020.08.02-05.13.52:234][956]LogPlayLevel: PlayLevel: Blueprint regeneration took 333 ms (1 blueprints)
[2020.08.02-05.13.52:234][956]PIE: New page: PIE session: Arena_Map (Aug. 1, 2020, 9:13:52 p.m.)
[2020.08.02-05.13.52:235][956]LogOnline: OSS: Creating online subsystem instance for: NULL
[2020.08.02-05.13.52:236][956]LogOnline: OSS: TryLoadSubsystemAndSetDefault: Loaded subsystem for module [NULL]
[2020.08.02-05.13.52:237][956]LogPlayLevel: Creating play world package: /Game/Arena/Maps/UEDPIE_0_Arena_Map
[2020.08.02-05.13.52:525][956]LogPlayLevel: PIE: StaticDuplicateObject took: (0.288691s)
[2020.08.02-05.13.52:526][956]LogAIModule: Creating AISystem for world Arena_Map
[2020.08.02-05.13.52:526][956]LogPlayLevel: PIE: World Init took: (0.000791s)
[2020.08.02-05.13.52:526][956]LogPlayLevel: PIE: Created PIE world by copying editor world from /Game/Arena/Maps/Arena_Map.Arena_Map to /Game/Arena/Maps/UEDPIE_0_Arena_Map.Arena_Map (0.289764s)
[2020.08.02-05.13.52:562][956]LogUObjectHash: Compacting FUObjectHashTables data took   2.31ms
[2020.08.02-05.13.52:564][956]LogAudioMixer: Display: Audio Mixer Platform Settings:
[2020.08.02-05.13.52:564][956]LogAudioMixer: Display: 	Sample Rate:						  48000
[2020.08.02-05.13.52:564][956]LogAudioMixer: Display: 	Callback Buffer Frame Size Requested: 1024
[2020.08.02-05.13.52:564][956]LogAudioMixer: Display: 	Callback Buffer Frame Size To Use:	  1024
[2020.08.02-05.13.52:564][956]LogAudioMixer: Display: 	Number of buffers to queue:			  2
[2020.08.02-05.13.52:564][956]LogAudioMixer: Display: 	Max Channels (voices):				  32
[2020.08.02-05.13.52:564][956]LogAudioMixer: Display: 	Number of Async Source Workers:		  0
[2020.08.02-05.13.52:564][956]LogAudio: Display: AudioDevice MaxSources: 32
[2020.08.02-05.13.52:564][956]LogAudio: Display: Using built-in audio occlusion.
[2020.08.02-05.13.52:564][956]LogAudioMixer: Display: Initializing audio mixer.
[2020.08.02-05.13.52:575][956]LogAudioMixer: Display: Audio Device Output Speaker Info:
[2020.08.02-05.13.52:575][956]LogAudioMixer: Display: Name: Speakers (Realtek(R) Audio)
[2020.08.02-05.13.52:575][956]LogAudioMixer: Display: Is Default: Yes
[2020.08.02-05.13.52:575][956]LogAudioMixer: Display: Sample Rate: 48000
[2020.08.02-05.13.52:575][956]LogAudioMixer: Display: Channel Count Used: 8
[2020.08.02-05.13.52:575][956]LogAudioMixer: Display: Device Channel Count: 8
[2020.08.02-05.13.52:575][956]LogAudioMixer: Display: Channel Order:
[2020.08.02-05.13.52:575][956]LogAudioMixer: Display: 0: FrontLeft
[2020.08.02-05.13.52:575][956]LogAudioMixer: Display: 1: FrontRight
[2020.08.02-05.13.52:575][956]LogAudioMixer: Display: 2: FrontCenter
[2020.08.02-05.13.52:575][956]LogAudioMixer: Display: 3: LowFrequency
[2020.08.02-05.13.52:575][956]LogAudioMixer: Display: 4: BackLeft
[2020.08.02-05.13.52:575][956]LogAudioMixer: Display: 5: BackRight
[2020.08.02-05.13.52:575][956]LogAudioMixer: Display: 6: SideLeft
[2020.08.02-05.13.52:575][956]LogAudioMixer: Display: 7: SideRight
[2020.08.02-05.13.52:606][956]LogAudioMixer: Display: Using Audio Device Speakers (Realtek(R) Audio)
[2020.08.02-05.13.52:608][956]LogInit: FAudioDevice initialized.
[2020.08.02-05.13.52:647][956]LogSlate: Updating window title bar state: overlay mode, drag disabled, window buttons hidden, title bar hidden
[2020.08.02-05.13.52:648][956]LogLoad: Game class is 'Final_ProjectGameMode'
[2020.08.02-05.13.52:672][956]LogWorld: Bringing World /Game/Arena/Maps/UEDPIE_0_Arena_Map.Arena_Map up for play (max tick rate 60) at 2020.08.02-01.13.52
[2020.08.02-05.13.52:673][956]LogWorld: Bringing up level for play took: 0.023513
[2020.08.02-05.13.52:673][956]LogOnline: OSS: Creating online subsystem instance for: :Context_7
[2020.08.02-05.13.52:676][956]LogContentBrowser: Native class hierarchy updated for 'MovieSceneCapture' in 0.0005 seconds. Added 20 classes and 0 folders.
[2020.08.02-05.13.52:685][956]PIE: Play in editor start time for /Game/Arena/Maps/UEDPIE_0_Arena_Map 1.129
[2020.08.02-05.13.52:798][957]LogRenderer: Reallocating scene render targets to support 1024x576 Format 10 NumSamples 1 (Frame:1).
[2020.08.02-05.13.53:872][998]LogBlueprintUserMessages: [BP_Spawner_2] 2
[2020.08.02-05.13.55:566][998]LogWindows: Error: === Critical error: ===
[2020.08.02-05.13.55:566][998]LogWindows: Error: 
[2020.08.02-05.13.55:566][998]LogWindows: Error: Fatal error!
[2020.08.02-05.13.55:566][998]LogWindows: Error: 
[2020.08.02-05.13.55:566][998]LogWindows: Error: Unhandled Exception: EXCEPTION_ACCESS_VIOLATION reading address 0x000000e8
[2020.08.02-05.13.55:566][998]LogWindows: Error: 
[2020.08.02-05.13.55:566][998]LogWindows: Error: [Callstack] 0x00007ffecb616547 UE4Editor-Final_Project-5612.dll!TMulticastScriptDelegate<FWeakObjectPtr>::CompactInvocationList() [C:\Program Files\Epic Games\UE_4.24\Engine\Source\Runtime\Core\Public\UObject\ScriptDelegates.h:607]
[2020.08.02-05.13.55:566][998]LogWindows: Error: [Callstack] 0x00007ffecb6160f2 UE4Editor-Final_Project-5612.dll!TBaseDynamicMulticastDelegate<FWeakObjectPtr,void,APawn *>::__Internal_AddDynamic<ADemon_Behaviour>() [C:\Program Files\Epic Games\UE_4.24\Engine\Source\Runtime\Core\Public\Delegates\DelegateSignatureImpl.inl:1214]
[2020.08.02-05.13.55:566][998]LogWindows: Error: [Callstack] 0x00007ffecb6164d7 UE4Editor-Final_Project-5612.dll!ADemon_Behaviour::BeginPlay() [C:\Users\SourApple\Documents\GitHub\AtHome_Internship\Source\Final_Project\Private\Demon_Behaviour.cpp:90]
[2020.08.02-05.13.55:566][998]LogWindows: Error: [Callstack] 0x00007ffeea0fc7dd UE4Editor-Engine.dll!UnknownFunction []
[2020.08.02-05.13.55:566][998]LogWindows: Error: [Callstack] 0x00007ffeea1244fa UE4Editor-Engine.dll!UnknownFunction []
[2020.08.02-05.13.55:566][998]LogWindows: Error: [Callstack] 0x00007ffeea10a850 UE4Editor-Engine.dll!UnknownFunction []
[2020.08.02-05.13.55:566][998]LogWindows: Error: [Callstack] 0x00007ffeea805f3c UE4Editor-Engine.dll!UnknownFunction []
[2020.08.02-05.13.55:566][998]LogWindows: Error: [Callstack] 0x00007ffeea154926 UE4Editor-Engine.dll!UnknownFunction []
[2020.08.02-05.13.55:566][998]LogWindows: Error: [Callstack] 0x00007ffefe934045 UE4Editor-CoreUObject.dll!UnknownFunction []
[2020.08.02-05.13.55:566][998]LogWindows: Error: [Callstack] 0x00007ffefe936516 UE4Editor-CoreUObject.dll!UnknownFunction []
[2020.08.02-05.13.55:566][998]LogWindows: Error: [Callstack] 0x00007ffefe910cd2 UE4Editor-CoreUObject.dll!UnknownFunction []
[2020.08.02-05.13.55:566][998]LogWindows: Error: [Callstack] 0x00007ffefe8dedbb UE4Editor-CoreUObject.dll!UnknownFunction []
[2020.08.02-05.13.55:566][998]LogWindows: Error: [Callstack] 0x00007ffefe9109ef UE4Editor-CoreUObject.dll!UnknownFunction []
[2020.08.02-05.13.55:566][998]LogWindows: Error: [Callstack] 0x00007ffefe910cd2 UE4Editor-CoreUObject.dll!UnknownFunction []
[2020.08.02-05.13.55:566][998]LogWindows: Error: [Callstack] 0x00007ffefe910644 UE4Editor-CoreUObject.dll!UnknownFunction []
[2020.08.02-05.13.55:566][998]LogWindows: Error: [Callstack] 0x00007ffefe6c42e8 UE4Editor-CoreUObject.dll!UnknownFunction []
[2020.08.02-05.13.55:566][998]LogWindows: Error: [Callstack] 0x00007ffefe910148 UE4Editor-CoreUObject.dll!UnknownFunction []
[2020.08.02-05.13.55:566][998]LogWindows: Error: [Callstack] 0x00007ffeea127f18 UE4Editor-Engine.dll!UnknownFunction []
[2020.08.02-05.13.55:566][998]LogWindows: Error: [Callstack] 0x00007ffeeaa0935f UE4Editor-Engine.dll!UnknownFunction []
[2020.08.02-05.13.55:566][998]LogWindows: Error: [Callstack] 0x00007ffeea9eaa4e UE4Editor-Engine.dll!UnknownFunction []
[2020.08.02-05.13.55:566][998]LogWindows: Error: [Callstack] 0x00007ffeea13ef54 UE4Editor-Engine.dll!UnknownFunction []
[2020.08.02-05.13.55:566][998]LogWindows: Error: [Callstack] 0x00007ffeea13f402 UE4Editor-Engine.dll!UnknownFunction []
[2020.08.02-05.13.55:566][998]LogWindows: Error: [Callstack] 0x00007ffeea107866 UE4Editor-Engine.dll!UnknownFunction []
[2020.08.02-05.13.55:566][998]LogWindows: Error: [Callstack] 0x00007ffeeb247223 UE4Editor-Engine.dll!UnknownFunction []
[2020.08.02-05.13.55:566][998]LogWindows: Error: [Callstack] 0x00007ffeeb255256 UE4Editor-Engine.dll!UnknownFunction []
[2020.08.02-05.13.55:566][998]LogWindows: Error: [Callstack] 0x00007ffeecec9ff2 UE4Editor-Core.dll!UnknownFunction []
[2020.08.02-05.13.55:566][998]LogWindows: Error: [Callstack] 0x00007ffeececa393 UE4Editor-Core.dll!UnknownFunction []
[2020.08.02-05.13.55:566][998]LogWindows: Error: [Callstack] 0x00007ffeecedaa68 UE4Editor-Core.dll!UnknownFunction []
[2020.08.02-05.13.55:566][998]LogWindows: Error: [Callstack] 0x00007ffeeb2738b0 UE4Editor-Engine.dll!UnknownFunction []
[2020.08.02-05.13.55:566][998]LogWindows: Error: [Callstack] 0x00007ffeeb2797c2 UE4Editor-Engine.dll!UnknownFunction []
[2020.08.02-05.13.55:566][998]LogWindows: Error: [Callstack] 0x00007ffeea9fa25f UE4Editor-Engine.dll!UnknownFunction []
[2020.08.02-05.13.55:566][998]LogWindows: Error: [Callstack] 0x00007ffeeaa05127 UE4Editor-Engine.dll!UnknownFunction []
[2020.08.02-05.13.55:566][998]LogWindows: Error: [Callstack] 0x00007ffee81dad60 UE4Editor-UnrealEd.dll!UnknownFunction []
[2020.08.02-05.13.55:566][998]LogWindows: Error: [Callstack] 0x00007ffee8a3e476 UE4Editor-UnrealEd.dll!UnknownFunction []
[2020.08.02-05.13.55:566][998]LogWindows: Error: [Callstack] 0x00007ff61c887f62 UE4Editor.exe!UnknownFunction []
[2020.08.02-05.13.55:566][998]LogWindows: Error: [Callstack] 0x00007ff61c89c3ec UE4Editor.exe!UnknownFunction []
[2020.08.02-05.13.55:566][998]LogWindows: Error: [Callstack] 0x00007ff61c89c4ca UE4Editor.exe!UnknownFunction []
[2020.08.02-05.13.55:566][998]LogWindows: Error: [Callstack] 0x00007ff61c8aceae UE4Editor.exe!UnknownFunction []
[2020.08.02-05.13.55:566][998]LogWindows: Error: [Callstack] 0x00007ff61c8afcbe UE4Editor.exe!UnknownFunction []
[2020.08.02-05.13.55:566][998]LogWindows: Error: [Callstack] 0x00007fff3eaf7bd4 KERNEL32.DLL!UnknownFunction []
[2020.08.02-05.13.55:566][998]LogWindows: Error: [Callstack] 0x00007fff4040ce51 ntdll.dll!UnknownFunction []
[2020.08.02-05.13.55:566][998]LogWindows: Error: 
[2020.08.02-05.13.55:586][998]LogExit: Executing StaticShutdownAfterError
[2020.08.02-05.13.55:594][998]LogWindows: FPlatformMisc::RequestExit(1)
[2020.08.02-05.13.55:594][998]LogCore: Engine exit requested (reason: Win RequestExit)
[2020.08.02-05.13.55:604][998]Log file closed, 08/02/20 01:13:55
